namespace/streaming-experiments unchanged
persistentvolumeclaim/experiment-results unchanged
namespace/streaming-experiments unchanged
configmap/grpc-stream-rabbitmq-config unchanged
configmap/grpc-streaming-baseline-config configured
service/grpc-stream-kafka created
service/grpc-stream-nats created
service/grpc-stream-rabbitmq unchanged
service/grpc-stream-sink unchanged
service/grpc-stream-transformer unchanged
persistentvolumeclaim/experiment-results unchanged
deployment.apps/grpc-stream-kafka created
deployment.apps/grpc-stream-nats created
deployment.apps/grpc-stream-rabbitmq unchanged
deployment.apps/grpc-stream-sink configured
deployment.apps/grpc-stream-transformer configured
job.batch/grpc-stream-producer created
job.batch "grpc-stream-producer" deleted from streaming-experiments namespace
  Waiting for sink and transformer to be ready...
Waiting for deployment "grpc-stream-sink" rollout to finish: 1 old replicas are pending termination...
Waiting for deployment "grpc-stream-sink" rollout to finish: 1 old replicas are pending termination...
deployment "grpc-stream-sink" successfully rolled out
Waiting for deployment "grpc-stream-transformer" rollout to finish: 1 old replicas are pending termination...
Waiting for deployment "grpc-stream-transformer" rollout to finish: 1 old replicas are pending termination...
deployment "grpc-stream-transformer" successfully rolled out
Starting preset: synthetic-clean (overlay: resource-medium, repeat: 3, transport: all)
═══ Repetition 1/3 ═══
━━━ Running: synthetic-clean-stream-p256-c1-rep1 ━━━
configmap/grpc-streaming-baseline-config configured
deployment.apps/grpc-stream-sink restarted
deployment.apps/grpc-stream-transformer restarted
  Waiting for sink and transformer to be ready...
Waiting for deployment "grpc-stream-sink" rollout to finish: 1 old replicas are pending termination...
Waiting for deployment "grpc-stream-sink" rollout to finish: 1 old replicas are pending termination...
deployment "grpc-stream-sink" successfully rolled out
deployment "grpc-stream-transformer" successfully rolled out
job.batch/grpc-stream-producer created
  Waiting for producer job to complete...
job.batch/grpc-stream-producer condition met
pod/results-helper-synthetic-clean-stream-p256-c1-rep1 condition met
tar: removing leading '/' from member names
  Warning: missing result artifact /results/synthetic-clean-stream-p256-c1-rep1-sink-analysis.json
job.batch "grpc-stream-producer" deleted from streaming-experiments namespace
  Done: synthetic-clean-stream-p256-c1-rep1
━━━ Running: synthetic-clean-stream-p256-c4-rep1 ━━━
configmap/grpc-streaming-baseline-config configured
deployment.apps/grpc-stream-sink restarted
deployment.apps/grpc-stream-transformer restarted
  Waiting for sink and transformer to be ready...
Waiting for deployment "grpc-stream-sink" rollout to finish: 1 old replicas are pending termination...
Waiting for deployment "grpc-stream-sink" rollout to finish: 1 old replicas are pending termination...
deployment "grpc-stream-sink" successfully rolled out
deployment "grpc-stream-transformer" successfully rolled out
job.batch/grpc-stream-producer created
  Waiting for producer job to complete...
job.batch/grpc-stream-producer condition met
pod/results-helper-synthetic-clean-stream-p256-c4-rep1 condition met
  Warning: missing result artifact /results/synthetic-clean-stream-p256-c4-rep1-sink-analysis.json
job.batch "grpc-stream-producer" deleted from streaming-experiments namespace
  Done: synthetic-clean-stream-p256-c4-rep1
━━━ Running: synthetic-clean-stream-p256-c8-rep1 ━━━
configmap/grpc-streaming-baseline-config configured
deployment.apps/grpc-stream-sink restarted
deployment.apps/grpc-stream-transformer restarted
  Waiting for sink and transformer to be ready...
Waiting for deployment "grpc-stream-sink" rollout to finish: 1 old replicas are pending termination...
Waiting for deployment "grpc-stream-sink" rollout to finish: 1 old replicas are pending termination...
deployment "grpc-stream-sink" successfully rolled out
deployment "grpc-stream-transformer" successfully rolled out
job.batch/grpc-stream-producer created
  Waiting for producer job to complete...
job.batch/grpc-stream-producer condition met
pod/results-helper-synthetic-clean-stream-p256-c8-rep1 condition met
tar: removing leading '/' from member names
tar: removing leading '/' from member names
  Warning: missing result artifact /results/synthetic-clean-stream-p256-c8-rep1-sink-analysis.json
job.batch "grpc-stream-producer" deleted from streaming-experiments namespace
  Done: synthetic-clean-stream-p256-c8-rep1
━━━ Running: synthetic-clean-stream-p256-c16-rep1 ━━━
configmap/grpc-streaming-baseline-config configured
deployment.apps/grpc-stream-sink restarted
deployment.apps/grpc-stream-transformer restarted
  Waiting for sink and transformer to be ready...
Waiting for deployment "grpc-stream-sink" rollout to finish: 1 old replicas are pending termination...
Waiting for deployment "grpc-stream-sink" rollout to finish: 1 old replicas are pending termination...
deployment "grpc-stream-sink" successfully rolled out
deployment "grpc-stream-transformer" successfully rolled out
job.batch/grpc-stream-producer created
  Waiting for producer job to complete...
job.batch/grpc-stream-producer condition met
pod/results-helper-synthetic-clean-stream-p256-c16-rep1 condition met
tar: removing leading '/' from member names
tar: removing leading '/' from member names
  Warning: missing result artifact /results/synthetic-clean-stream-p256-c16-rep1-sink-analysis.json
job.batch "grpc-stream-producer" deleted from streaming-experiments namespace
  Done: synthetic-clean-stream-p256-c16-rep1
━━━ Running: synthetic-clean-stream-p1024-c1-rep1 ━━━
configmap/grpc-streaming-baseline-config configured
deployment.apps/grpc-stream-sink restarted
deployment.apps/grpc-stream-transformer restarted
  Waiting for sink and transformer to be ready...
Waiting for deployment "grpc-stream-sink" rollout to finish: 1 old replicas are pending termination...
Waiting for deployment "grpc-stream-sink" rollout to finish: 1 old replicas are pending termination...
deployment "grpc-stream-sink" successfully rolled out
deployment "grpc-stream-transformer" successfully rolled out
job.batch/grpc-stream-producer created
  Waiting for producer job to complete...
job.batch/grpc-stream-producer condition met
pod/results-helper-synthetic-clean-stream-p1024-c1-rep1 condition met
tar: removing leading '/' from member names
tar: removing leading '/' from member names
  Warning: missing result artifact /results/synthetic-clean-stream-p1024-c1-rep1-sink-analysis.json
job.batch "grpc-stream-producer" deleted from streaming-experiments namespace
  Done: synthetic-clean-stream-p1024-c1-rep1
━━━ Running: synthetic-clean-stream-p1024-c4-rep1 ━━━
configmap/grpc-streaming-baseline-config configured
deployment.apps/grpc-stream-sink restarted
deployment.apps/grpc-stream-transformer restarted
  Waiting for sink and transformer to be ready...
Waiting for deployment "grpc-stream-sink" rollout to finish: 1 old replicas are pending termination...
Waiting for deployment "grpc-stream-sink" rollout to finish: 1 old replicas are pending termination...
deployment "grpc-stream-sink" successfully rolled out
deployment "grpc-stream-transformer" successfully rolled out
job.batch/grpc-stream-producer created
  Waiting for producer job to complete...
job.batch/grpc-stream-producer condition met
pod/results-helper-synthetic-clean-stream-p1024-c4-rep1 condition met
tar: removing leading '/' from member names
tar: removing leading '/' from member names
  Warning: missing result artifact /results/synthetic-clean-stream-p1024-c4-rep1-sink-analysis.json
job.batch "grpc-stream-producer" deleted from streaming-experiments namespace
  Done: synthetic-clean-stream-p1024-c4-rep1
━━━ Running: synthetic-clean-stream-p1024-c8-rep1 ━━━
configmap/grpc-streaming-baseline-config configured
deployment.apps/grpc-stream-sink restarted
deployment.apps/grpc-stream-transformer restarted
  Waiting for sink and transformer to be ready...
Waiting for deployment "grpc-stream-sink" rollout to finish: 1 old replicas are pending termination...
Waiting for deployment "grpc-stream-sink" rollout to finish: 1 old replicas are pending termination...
deployment "grpc-stream-sink" successfully rolled out
deployment "grpc-stream-transformer" successfully rolled out
job.batch/grpc-stream-producer created
  Waiting for producer job to complete...
job.batch/grpc-stream-producer condition met
pod/results-helper-synthetic-clean-stream-p1024-c8-rep1 condition met
tar: removing leading '/' from member names
tar: removing leading '/' from member names
  Warning: missing result artifact /results/synthetic-clean-stream-p1024-c8-rep1-sink-analysis.json
job.batch "grpc-stream-producer" deleted from streaming-experiments namespace
  Done: synthetic-clean-stream-p1024-c8-rep1
━━━ Running: synthetic-clean-stream-p1024-c16-rep1 ━━━
configmap/grpc-streaming-baseline-config configured
deployment.apps/grpc-stream-sink restarted
deployment.apps/grpc-stream-transformer restarted
  Waiting for sink and transformer to be ready...
Waiting for deployment "grpc-stream-sink" rollout to finish: 1 old replicas are pending termination...
Waiting for deployment "grpc-stream-sink" rollout to finish: 1 old replicas are pending termination...
deployment "grpc-stream-sink" successfully rolled out
deployment "grpc-stream-transformer" successfully rolled out
job.batch/grpc-stream-producer created
  Waiting for producer job to complete...
job.batch/grpc-stream-producer condition met
pod/results-helper-synthetic-clean-stream-p1024-c16-rep1 condition met
tar: removing leading '/' from member names
tar: removing leading '/' from member names
  Warning: missing result artifact /results/synthetic-clean-stream-p1024-c16-rep1-sink-analysis.json
job.batch "grpc-stream-producer" deleted from streaming-experiments namespace
  Done: synthetic-clean-stream-p1024-c16-rep1
━━━ Running: synthetic-clean-stream-p4096-c1-rep1 ━━━
configmap/grpc-streaming-baseline-config configured
deployment.apps/grpc-stream-sink restarted
deployment.apps/grpc-stream-transformer restarted
  Waiting for sink and transformer to be ready...
Waiting for deployment "grpc-stream-sink" rollout to finish: 1 old replicas are pending termination...
Waiting for deployment "grpc-stream-sink" rollout to finish: 1 old replicas are pending termination...
deployment "grpc-stream-sink" successfully rolled out
Waiting for deployment "grpc-stream-transformer" rollout to finish: 1 old replicas are pending termination...
Waiting for deployment "grpc-stream-transformer" rollout to finish: 1 old replicas are pending termination...
deployment "grpc-stream-transformer" successfully rolled out
job.batch/grpc-stream-producer created
  Waiting for producer job to complete...
job.batch/grpc-stream-producer condition met
pod/results-helper-synthetic-clean-stream-p4096-c1-rep1 condition met
tar: removing leading '/' from member names
  Warning: missing result artifact /results/synthetic-clean-stream-p4096-c1-rep1-sink-analysis.json
job.batch "grpc-stream-producer" deleted from streaming-experiments namespace
  Done: synthetic-clean-stream-p4096-c1-rep1
━━━ Running: synthetic-clean-stream-p4096-c4-rep1 ━━━
configmap/grpc-streaming-baseline-config configured
deployment.apps/grpc-stream-sink restarted
deployment.apps/grpc-stream-transformer restarted
  Waiting for sink and transformer to be ready...
Waiting for deployment "grpc-stream-sink" rollout to finish: 1 old replicas are pending termination...
Waiting for deployment "grpc-stream-sink" rollout to finish: 1 old replicas are pending termination...
deployment "grpc-stream-sink" successfully rolled out
deployment "grpc-stream-transformer" successfully rolled out
job.batch/grpc-stream-producer created
  Waiting for producer job to complete...
job.batch/grpc-stream-producer condition met
pod/results-helper-synthetic-clean-stream-p4096-c4-rep1 condition met
tar: removing leading '/' from member names
  Warning: missing result artifact /results/synthetic-clean-stream-p4096-c4-rep1-sink-analysis.json
job.batch "grpc-stream-producer" deleted from streaming-experiments namespace
  Done: synthetic-clean-stream-p4096-c4-rep1
━━━ Running: synthetic-clean-stream-p4096-c8-rep1 ━━━
configmap/grpc-streaming-baseline-config configured
deployment.apps/grpc-stream-sink restarted
deployment.apps/grpc-stream-transformer restarted
  Waiting for sink and transformer to be ready...
Waiting for deployment "grpc-stream-sink" rollout to finish: 1 old replicas are pending termination...
Waiting for deployment "grpc-stream-sink" rollout to finish: 1 old replicas are pending termination...
deployment "grpc-stream-sink" successfully rolled out
deployment "grpc-stream-transformer" successfully rolled out
job.batch/grpc-stream-producer created
  Waiting for producer job to complete...
job.batch/grpc-stream-producer condition met
pod/results-helper-synthetic-clean-stream-p4096-c8-rep1 condition met
tar: removing leading '/' from member names
  Warning: missing result artifact /results/synthetic-clean-stream-p4096-c8-rep1-sink-analysis.json
job.batch "grpc-stream-producer" deleted from streaming-experiments namespace
  Done: synthetic-clean-stream-p4096-c8-rep1
━━━ Running: synthetic-clean-stream-p4096-c16-rep1 ━━━
configmap/grpc-streaming-baseline-config configured
deployment.apps/grpc-stream-sink restarted
deployment.apps/grpc-stream-transformer restarted
  Waiting for sink and transformer to be ready...
Waiting for deployment "grpc-stream-sink" rollout to finish: 1 old replicas are pending termination...
Waiting for deployment "grpc-stream-sink" rollout to finish: 1 old replicas are pending termination...
deployment "grpc-stream-sink" successfully rolled out
deployment "grpc-stream-transformer" successfully rolled out
job.batch/grpc-stream-producer created
  Waiting for producer job to complete...
job.batch/grpc-stream-producer condition met
pod/results-helper-synthetic-clean-stream-p4096-c16-rep1 condition met
tar: removing leading '/' from member names
tar: removing leading '/' from member names
  Warning: missing result artifact /results/synthetic-clean-stream-p4096-c16-rep1-sink-analysis.json
job.batch "grpc-stream-producer" deleted from streaming-experiments namespace
  Done: synthetic-clean-stream-p4096-c16-rep1
━━━ Running: synthetic-clean-stream-p16384-c1-rep1 ━━━
configmap/grpc-streaming-baseline-config configured
deployment.apps/grpc-stream-sink restarted
deployment.apps/grpc-stream-transformer restarted
  Waiting for sink and transformer to be ready...
Waiting for deployment "grpc-stream-sink" rollout to finish: 1 old replicas are pending termination...
Waiting for deployment "grpc-stream-sink" rollout to finish: 1 old replicas are pending termination...
deployment "grpc-stream-sink" successfully rolled out
deployment "grpc-stream-transformer" successfully rolled out
  Warning: metrics-server did not report sink/transformer pod metrics before the run started
job.batch/grpc-stream-producer created
  Waiting for producer job to complete...
job.batch/grpc-stream-producer condition met
pod/results-helper-synthetic-clean-stream-p16384-c1-rep1 condition met
tar: removing leading '/' from member names
tar: removing leading '/' from member names
  Warning: missing result artifact /results/synthetic-clean-stream-p16384-c1-rep1-sink-analysis.json
job.batch "grpc-stream-producer" deleted from streaming-experiments namespace
  Done: synthetic-clean-stream-p16384-c1-rep1
━━━ Running: synthetic-clean-stream-p16384-c4-rep1 ━━━
configmap/grpc-streaming-baseline-config configured
deployment.apps/grpc-stream-sink restarted
deployment.apps/grpc-stream-transformer restarted
  Waiting for sink and transformer to be ready...
Waiting for deployment "grpc-stream-sink" rollout to finish: 1 old replicas are pending termination...
Waiting for deployment "grpc-stream-sink" rollout to finish: 1 old replicas are pending termination...
deployment "grpc-stream-sink" successfully rolled out
deployment "grpc-stream-transformer" successfully rolled out
job.batch/grpc-stream-producer created
  Waiting for producer job to complete...
job.batch/grpc-stream-producer condition met
pod/results-helper-synthetic-clean-stream-p16384-c4-rep1 condition met
tar: removing leading '/' from member names
  Warning: missing result artifact /results/synthetic-clean-stream-p16384-c4-rep1-sink-analysis.json
job.batch "grpc-stream-producer" deleted from streaming-experiments namespace
  Done: synthetic-clean-stream-p16384-c4-rep1
━━━ Running: synthetic-clean-stream-p16384-c8-rep1 ━━━
configmap/grpc-streaming-baseline-config configured
deployment.apps/grpc-stream-sink restarted
deployment.apps/grpc-stream-transformer restarted
  Waiting for sink and transformer to be ready...
Waiting for deployment "grpc-stream-sink" rollout to finish: 1 old replicas are pending termination...
Waiting for deployment "grpc-stream-sink" rollout to finish: 1 old replicas are pending termination...
deployment "grpc-stream-sink" successfully rolled out
deployment "grpc-stream-transformer" successfully rolled out
job.batch/grpc-stream-producer created
  Waiting for producer job to complete...
job.batch/grpc-stream-producer condition met
pod/results-helper-synthetic-clean-stream-p16384-c8-rep1 condition met
tar: removing leading '/' from member names
  Warning: missing result artifact /results/synthetic-clean-stream-p16384-c8-rep1-sink-analysis.json
job.batch "grpc-stream-producer" deleted from streaming-experiments namespace
  Done: synthetic-clean-stream-p16384-c8-rep1
━━━ Running: synthetic-clean-stream-p16384-c16-rep1 ━━━
configmap/grpc-streaming-baseline-config configured
deployment.apps/grpc-stream-sink restarted
deployment.apps/grpc-stream-transformer restarted
  Waiting for sink and transformer to be ready...
Waiting for deployment "grpc-stream-sink" rollout to finish: 1 old replicas are pending termination...
Waiting for deployment "grpc-stream-sink" rollout to finish: 1 old replicas are pending termination...
deployment "grpc-stream-sink" successfully rolled out
deployment "grpc-stream-transformer" successfully rolled out
job.batch/grpc-stream-producer created
  Waiting for producer job to complete...
job.batch/grpc-stream-producer condition met
pod/results-helper-synthetic-clean-stream-p16384-c16-rep1 condition met
tar: removing leading '/' from member names
tar: removing leading '/' from member names
  Warning: missing result artifact /results/synthetic-clean-stream-p16384-c16-rep1-sink-analysis.json
job.batch "grpc-stream-producer" deleted from streaming-experiments namespace
  Done: synthetic-clean-stream-p16384-c16-rep1
━━━ Running: synthetic-clean-unary-p256-c1-rep1 ━━━
configmap/grpc-streaming-baseline-config configured
deployment.apps/grpc-stream-sink restarted
deployment.apps/grpc-stream-transformer restarted
  Waiting for sink and transformer to be ready...
Waiting for deployment "grpc-stream-sink" rollout to finish: 1 old replicas are pending termination...
Waiting for deployment "grpc-stream-sink" rollout to finish: 1 old replicas are pending termination...
deployment "grpc-stream-sink" successfully rolled out
Waiting for deployment "grpc-stream-transformer" rollout to finish: 1 old replicas are pending termination...
deployment "grpc-stream-transformer" successfully rolled out
job.batch/grpc-stream-producer created
  Waiting for producer job to complete...
job.batch/grpc-stream-producer condition met
pod/results-helper-synthetic-clean-unary-p256-c1-rep1 condition met
tar: removing leading '/' from member names
tar: removing leading '/' from member names
  Warning: missing result artifact /results/synthetic-clean-unary-p256-c1-rep1-sink-analysis.json
job.batch "grpc-stream-producer" deleted from streaming-experiments namespace
  Done: synthetic-clean-unary-p256-c1-rep1
━━━ Running: synthetic-clean-unary-p256-c4-rep1 ━━━
configmap/grpc-streaming-baseline-config configured
deployment.apps/grpc-stream-sink restarted
deployment.apps/grpc-stream-transformer restarted
  Waiting for sink and transformer to be ready...
Waiting for deployment "grpc-stream-sink" rollout to finish: 1 old replicas are pending termination...
Waiting for deployment "grpc-stream-sink" rollout to finish: 1 old replicas are pending termination...
deployment "grpc-stream-sink" successfully rolled out
deployment "grpc-stream-transformer" successfully rolled out
job.batch/grpc-stream-producer created
  Waiting for producer job to complete...
job.batch/grpc-stream-producer condition met
pod/results-helper-synthetic-clean-unary-p256-c4-rep1 condition met
tar: removing leading '/' from member names
tar: removing leading '/' from member names
  Warning: missing result artifact /results/synthetic-clean-unary-p256-c4-rep1-sink-analysis.json
job.batch "grpc-stream-producer" deleted from streaming-experiments namespace
  Done: synthetic-clean-unary-p256-c4-rep1
━━━ Running: synthetic-clean-unary-p256-c8-rep1 ━━━
configmap/grpc-streaming-baseline-config configured
deployment.apps/grpc-stream-sink restarted
deployment.apps/grpc-stream-transformer restarted
  Waiting for sink and transformer to be ready...
Waiting for deployment "grpc-stream-sink" rollout to finish: 1 old replicas are pending termination...
Waiting for deployment "grpc-stream-sink" rollout to finish: 1 old replicas are pending termination...
deployment "grpc-stream-sink" successfully rolled out
deployment "grpc-stream-transformer" successfully rolled out
job.batch/grpc-stream-producer created
  Waiting for producer job to complete...
job.batch/grpc-stream-producer condition met
pod/results-helper-synthetic-clean-unary-p256-c8-rep1 condition met
tar: removing leading '/' from member names
  Warning: missing result artifact /results/synthetic-clean-unary-p256-c8-rep1-sink-analysis.json
job.batch "grpc-stream-producer" deleted from streaming-experiments namespace
  Done: synthetic-clean-unary-p256-c8-rep1
━━━ Running: synthetic-clean-unary-p256-c16-rep1 ━━━
configmap/grpc-streaming-baseline-config configured
deployment.apps/grpc-stream-sink restarted
deployment.apps/grpc-stream-transformer restarted
  Waiting for sink and transformer to be ready...
Waiting for deployment "grpc-stream-sink" rollout to finish: 1 old replicas are pending termination...
Waiting for deployment "grpc-stream-sink" rollout to finish: 1 old replicas are pending termination...
deployment "grpc-stream-sink" successfully rolled out
deployment "grpc-stream-transformer" successfully rolled out
job.batch/grpc-stream-producer created
  Waiting for producer job to complete...
job.batch/grpc-stream-producer condition met
pod/results-helper-synthetic-clean-unary-p256-c16-rep1 condition met
tar: removing leading '/' from member names
  Warning: missing result artifact /results/synthetic-clean-unary-p256-c16-rep1-sink-analysis.json
job.batch "grpc-stream-producer" deleted from streaming-experiments namespace
  Done: synthetic-clean-unary-p256-c16-rep1
━━━ Running: synthetic-clean-unary-p1024-c1-rep1 ━━━
configmap/grpc-streaming-baseline-config configured
deployment.apps/grpc-stream-sink restarted
deployment.apps/grpc-stream-transformer restarted
  Waiting for sink and transformer to be ready...
Waiting for deployment "grpc-stream-sink" rollout to finish: 1 old replicas are pending termination...
Waiting for deployment "grpc-stream-sink" rollout to finish: 1 old replicas are pending termination...
deployment "grpc-stream-sink" successfully rolled out
deployment "grpc-stream-transformer" successfully rolled out
job.batch/grpc-stream-producer created
  Waiting for producer job to complete...
job.batch/grpc-stream-producer condition met
pod/results-helper-synthetic-clean-unary-p1024-c1-rep1 condition met
tar: removing leading '/' from member names
tar: removing leading '/' from member names
  Warning: missing result artifact /results/synthetic-clean-unary-p1024-c1-rep1-sink-analysis.json
job.batch "grpc-stream-producer" deleted from streaming-experiments namespace
  Done: synthetic-clean-unary-p1024-c1-rep1
━━━ Running: synthetic-clean-unary-p1024-c4-rep1 ━━━
configmap/grpc-streaming-baseline-config configured
deployment.apps/grpc-stream-sink restarted
deployment.apps/grpc-stream-transformer restarted
  Waiting for sink and transformer to be ready...
Waiting for deployment "grpc-stream-sink" rollout to finish: 1 old replicas are pending termination...
Waiting for deployment "grpc-stream-sink" rollout to finish: 1 old replicas are pending termination...
deployment "grpc-stream-sink" successfully rolled out
deployment "grpc-stream-transformer" successfully rolled out
job.batch/grpc-stream-producer created
  Waiting for producer job to complete...
job.batch/grpc-stream-producer condition met
pod/results-helper-synthetic-clean-unary-p1024-c4-rep1 condition met
tar: removing leading '/' from member names
tar: removing leading '/' from member names
  Warning: missing result artifact /results/synthetic-clean-unary-p1024-c4-rep1-sink-analysis.json
job.batch "grpc-stream-producer" deleted from streaming-experiments namespace
  Done: synthetic-clean-unary-p1024-c4-rep1
━━━ Running: synthetic-clean-unary-p1024-c8-rep1 ━━━
configmap/grpc-streaming-baseline-config configured
deployment.apps/grpc-stream-sink restarted
deployment.apps/grpc-stream-transformer restarted
  Waiting for sink and transformer to be ready...
Waiting for deployment "grpc-stream-sink" rollout to finish: 1 old replicas are pending termination...
Waiting for deployment "grpc-stream-sink" rollout to finish: 1 old replicas are pending termination...
deployment "grpc-stream-sink" successfully rolled out
deployment "grpc-stream-transformer" successfully rolled out
job.batch/grpc-stream-producer created
  Waiting for producer job to complete...
job.batch/grpc-stream-producer condition met
pod/results-helper-synthetic-clean-unary-p1024-c8-rep1 condition met
tar: removing leading '/' from member names
tar: removing leading '/' from member names
  Warning: missing result artifact /results/synthetic-clean-unary-p1024-c8-rep1-sink-analysis.json
job.batch "grpc-stream-producer" deleted from streaming-experiments namespace
  Done: synthetic-clean-unary-p1024-c8-rep1
━━━ Running: synthetic-clean-unary-p1024-c16-rep1 ━━━
configmap/grpc-streaming-baseline-config configured
deployment.apps/grpc-stream-sink restarted
deployment.apps/grpc-stream-transformer restarted
  Waiting for sink and transformer to be ready...
Waiting for deployment "grpc-stream-sink" rollout to finish: 1 old replicas are pending termination...
Waiting for deployment "grpc-stream-sink" rollout to finish: 1 old replicas are pending termination...
deployment "grpc-stream-sink" successfully rolled out
Waiting for deployment "grpc-stream-transformer" rollout to finish: 1 old replicas are pending termination...
Waiting for deployment "grpc-stream-transformer" rollout to finish: 1 old replicas are pending termination...
deployment "grpc-stream-transformer" successfully rolled out
job.batch/grpc-stream-producer created
  Waiting for producer job to complete...
job.batch/grpc-stream-producer condition met
pod/results-helper-synthetic-clean-unary-p1024-c16-rep1 condition met
tar: removing leading '/' from member names
tar: removing leading '/' from member names
  Warning: missing result artifact /results/synthetic-clean-unary-p1024-c16-rep1-sink-analysis.json
job.batch "grpc-stream-producer" deleted from streaming-experiments namespace
  Done: synthetic-clean-unary-p1024-c16-rep1
━━━ Running: synthetic-clean-unary-p4096-c1-rep1 ━━━
configmap/grpc-streaming-baseline-config configured
deployment.apps/grpc-stream-sink restarted
deployment.apps/grpc-stream-transformer restarted
  Waiting for sink and transformer to be ready...
Waiting for deployment "grpc-stream-sink" rollout to finish: 1 old replicas are pending termination...
Waiting for deployment "grpc-stream-sink" rollout to finish: 1 old replicas are pending termination...
deployment "grpc-stream-sink" successfully rolled out
deployment "grpc-stream-transformer" successfully rolled out
job.batch/grpc-stream-producer created
  Waiting for producer job to complete...
job.batch/grpc-stream-producer condition met
pod/results-helper-synthetic-clean-unary-p4096-c1-rep1 condition met
tar: removing leading '/' from member names
tar: removing leading '/' from member names
  Warning: missing result artifact /results/synthetic-clean-unary-p4096-c1-rep1-sink-analysis.json
job.batch "grpc-stream-producer" deleted from streaming-experiments namespace
  Done: synthetic-clean-unary-p4096-c1-rep1
━━━ Running: synthetic-clean-unary-p4096-c4-rep1 ━━━
configmap/grpc-streaming-baseline-config configured
deployment.apps/grpc-stream-sink restarted
deployment.apps/grpc-stream-transformer restarted
  Waiting for sink and transformer to be ready...
Waiting for deployment "grpc-stream-sink" rollout to finish: 1 old replicas are pending termination...
Waiting for deployment "grpc-stream-sink" rollout to finish: 1 old replicas are pending termination...
deployment "grpc-stream-sink" successfully rolled out
Waiting for deployment "grpc-stream-transformer" rollout to finish: 1 old replicas are pending termination...
Waiting for deployment "grpc-stream-transformer" rollout to finish: 1 old replicas are pending termination...
deployment "grpc-stream-transformer" successfully rolled out
job.batch/grpc-stream-producer created
  Waiting for producer job to complete...
job.batch/grpc-stream-producer condition met
pod/results-helper-synthetic-clean-unary-p4096-c4-rep1 condition met
tar: removing leading '/' from member names
tar: removing leading '/' from member names
  Warning: missing result artifact /results/synthetic-clean-unary-p4096-c4-rep1-sink-analysis.json
job.batch "grpc-stream-producer" deleted from streaming-experiments namespace
  Done: synthetic-clean-unary-p4096-c4-rep1
━━━ Running: synthetic-clean-unary-p4096-c8-rep1 ━━━
configmap/grpc-streaming-baseline-config configured
deployment.apps/grpc-stream-sink restarted
deployment.apps/grpc-stream-transformer restarted
  Waiting for sink and transformer to be ready...
Waiting for deployment "grpc-stream-sink" rollout to finish: 1 old replicas are pending termination...
Waiting for deployment "grpc-stream-sink" rollout to finish: 1 old replicas are pending termination...
deployment "grpc-stream-sink" successfully rolled out
deployment "grpc-stream-transformer" successfully rolled out
job.batch/grpc-stream-producer created
  Waiting for producer job to complete...
job.batch/grpc-stream-producer condition met
pod/results-helper-synthetic-clean-unary-p4096-c8-rep1 condition met
tar: removing leading '/' from member names
  Warning: missing result artifact /results/synthetic-clean-unary-p4096-c8-rep1-sink-analysis.json
job.batch "grpc-stream-producer" deleted from streaming-experiments namespace
  Done: synthetic-clean-unary-p4096-c8-rep1
━━━ Running: synthetic-clean-unary-p4096-c16-rep1 ━━━
configmap/grpc-streaming-baseline-config configured
deployment.apps/grpc-stream-sink restarted
deployment.apps/grpc-stream-transformer restarted
  Waiting for sink and transformer to be ready...
Waiting for deployment "grpc-stream-sink" rollout to finish: 1 old replicas are pending termination...
Waiting for deployment "grpc-stream-sink" rollout to finish: 1 old replicas are pending termination...
deployment "grpc-stream-sink" successfully rolled out
deployment "grpc-stream-transformer" successfully rolled out
job.batch/grpc-stream-producer created
  Waiting for producer job to complete...
job.batch/grpc-stream-producer condition met
pod/results-helper-synthetic-clean-unary-p4096-c16-rep1 condition met
tar: removing leading '/' from member names
tar: removing leading '/' from member names
  Warning: missing result artifact /results/synthetic-clean-unary-p4096-c16-rep1-sink-analysis.json
job.batch "grpc-stream-producer" deleted from streaming-experiments namespace
  Done: synthetic-clean-unary-p4096-c16-rep1
━━━ Running: synthetic-clean-unary-p16384-c1-rep1 ━━━
configmap/grpc-streaming-baseline-config configured
deployment.apps/grpc-stream-sink restarted
deployment.apps/grpc-stream-transformer restarted
  Waiting for sink and transformer to be ready...
Waiting for deployment "grpc-stream-sink" rollout to finish: 1 old replicas are pending termination...
Waiting for deployment "grpc-stream-sink" rollout to finish: 1 old replicas are pending termination...
deployment "grpc-stream-sink" successfully rolled out
deployment "grpc-stream-transformer" successfully rolled out
job.batch/grpc-stream-producer created
  Waiting for producer job to complete...
job.batch/grpc-stream-producer condition met
pod/results-helper-synthetic-clean-unary-p16384-c1-rep1 condition met
tar: removing leading '/' from member names
tar: removing leading '/' from member names
  Warning: missing result artifact /results/synthetic-clean-unary-p16384-c1-rep1-sink-analysis.json
job.batch "grpc-stream-producer" deleted from streaming-experiments namespace
  Done: synthetic-clean-unary-p16384-c1-rep1
━━━ Running: synthetic-clean-unary-p16384-c4-rep1 ━━━
configmap/grpc-streaming-baseline-config configured
deployment.apps/grpc-stream-sink restarted
deployment.apps/grpc-stream-transformer restarted
  Waiting for sink and transformer to be ready...
Waiting for deployment "grpc-stream-sink" rollout to finish: 1 old replicas are pending termination...
Waiting for deployment "grpc-stream-sink" rollout to finish: 1 old replicas are pending termination...
deployment "grpc-stream-sink" successfully rolled out
deployment "grpc-stream-transformer" successfully rolled out
job.batch/grpc-stream-producer created
  Waiting for producer job to complete...
job.batch/grpc-stream-producer condition met
pod/results-helper-synthetic-clean-unary-p16384-c4-rep1 condition met
tar: removing leading '/' from member names
  Warning: missing result artifact /results/synthetic-clean-unary-p16384-c4-rep1-sink-analysis.json
job.batch "grpc-stream-producer" deleted from streaming-experiments namespace
  Done: synthetic-clean-unary-p16384-c4-rep1
━━━ Running: synthetic-clean-unary-p16384-c8-rep1 ━━━
configmap/grpc-streaming-baseline-config configured
deployment.apps/grpc-stream-sink restarted
deployment.apps/grpc-stream-transformer restarted
  Waiting for sink and transformer to be ready...
Waiting for deployment "grpc-stream-sink" rollout to finish: 1 old replicas are pending termination...
Waiting for deployment "grpc-stream-sink" rollout to finish: 1 old replicas are pending termination...
deployment "grpc-stream-sink" successfully rolled out
Waiting for deployment "grpc-stream-transformer" rollout to finish: 1 old replicas are pending termination...
deployment "grpc-stream-transformer" successfully rolled out
job.batch/grpc-stream-producer created
  Waiting for producer job to complete...
job.batch/grpc-stream-producer condition met
pod/results-helper-synthetic-clean-unary-p16384-c8-rep1 condition met
tar: removing leading '/' from member names
tar: removing leading '/' from member names
  Warning: missing result artifact /results/synthetic-clean-unary-p16384-c8-rep1-sink-analysis.json
job.batch "grpc-stream-producer" deleted from streaming-experiments namespace
  Done: synthetic-clean-unary-p16384-c8-rep1
━━━ Running: synthetic-clean-unary-p16384-c16-rep1 ━━━
configmap/grpc-streaming-baseline-config configured
deployment.apps/grpc-stream-sink restarted
deployment.apps/grpc-stream-transformer restarted
  Waiting for sink and transformer to be ready...
Waiting for deployment "grpc-stream-sink" rollout to finish: 1 old replicas are pending termination...
Waiting for deployment "grpc-stream-sink" rollout to finish: 1 old replicas are pending termination...
deployment "grpc-stream-sink" successfully rolled out
deployment "grpc-stream-transformer" successfully rolled out
job.batch/grpc-stream-producer created
  Waiting for producer job to complete...
job.batch/grpc-stream-producer condition met
pod/results-helper-synthetic-clean-unary-p16384-c16-rep1 condition met
tar: removing leading '/' from member names
tar: removing leading '/' from member names
  Warning: missing result artifact /results/synthetic-clean-unary-p16384-c16-rep1-sink-analysis.json
job.batch "grpc-stream-producer" deleted from streaming-experiments namespace
  Done: synthetic-clean-unary-p16384-c16-rep1
━━━ Running: synthetic-clean-rmqs-p256-c1-rep1 ━━━
configmap/grpc-streaming-baseline-config configured
deployment.apps/grpc-stream-sink restarted
deployment.apps/grpc-stream-transformer restarted
  Waiting for sink and transformer to be ready...
Waiting for deployment "grpc-stream-sink" rollout to finish: 1 old replicas are pending termination...
Waiting for deployment "grpc-stream-sink" rollout to finish: 1 old replicas are pending termination...
deployment "grpc-stream-sink" successfully rolled out
deployment "grpc-stream-transformer" successfully rolled out
  Waiting for RabbitMQ to be ready...
deployment "grpc-stream-rabbitmq" successfully rolled out
job.batch/grpc-stream-producer created
  Waiting for producer job to complete...
job.batch/grpc-stream-producer condition met
pod/results-helper-synthetic-clean-rmqs-p256-c1-rep1 condition met
tar: removing leading '/' from member names
tar: removing leading '/' from member names
  Warning: missing result artifact /results/synthetic-clean-rmqs-p256-c1-rep1-sink-analysis.json
job.batch "grpc-stream-producer" deleted from streaming-experiments namespace
  Done: synthetic-clean-rmqs-p256-c1-rep1
━━━ Running: synthetic-clean-rmqs-p256-c4-rep1 ━━━
configmap/grpc-streaming-baseline-config configured
deployment.apps/grpc-stream-sink restarted
deployment.apps/grpc-stream-transformer restarted
  Waiting for sink and transformer to be ready...
Waiting for deployment "grpc-stream-sink" rollout to finish: 1 old replicas are pending termination...
Waiting for deployment "grpc-stream-sink" rollout to finish: 1 old replicas are pending termination...
deployment "grpc-stream-sink" successfully rolled out
deployment "grpc-stream-transformer" successfully rolled out
  Waiting for RabbitMQ to be ready...
deployment "grpc-stream-rabbitmq" successfully rolled out
job.batch/grpc-stream-producer created
  Waiting for producer job to complete...
job.batch/grpc-stream-producer condition met
pod/results-helper-synthetic-clean-rmqs-p256-c4-rep1 condition met
tar: removing leading '/' from member names
tar: removing leading '/' from member names
  Warning: missing result artifact /results/synthetic-clean-rmqs-p256-c4-rep1-sink-analysis.json
job.batch "grpc-stream-producer" deleted from streaming-experiments namespace
  Done: synthetic-clean-rmqs-p256-c4-rep1
━━━ Running: synthetic-clean-rmqs-p256-c8-rep1 ━━━
configmap/grpc-streaming-baseline-config configured
deployment.apps/grpc-stream-sink restarted
deployment.apps/grpc-stream-transformer restarted
  Waiting for sink and transformer to be ready...
Waiting for deployment "grpc-stream-sink" rollout to finish: 1 old replicas are pending termination...
Waiting for deployment "grpc-stream-sink" rollout to finish: 1 old replicas are pending termination...
deployment "grpc-stream-sink" successfully rolled out
deployment "grpc-stream-transformer" successfully rolled out
  Waiting for RabbitMQ to be ready...
deployment "grpc-stream-rabbitmq" successfully rolled out
job.batch/grpc-stream-producer created
  Waiting for producer job to complete...
job.batch/grpc-stream-producer condition met
pod/results-helper-synthetic-clean-rmqs-p256-c8-rep1 condition met
tar: removing leading '/' from member names
  Warning: missing result artifact /results/synthetic-clean-rmqs-p256-c8-rep1-sink-analysis.json
job.batch "grpc-stream-producer" deleted from streaming-experiments namespace
  Done: synthetic-clean-rmqs-p256-c8-rep1
━━━ Running: synthetic-clean-rmqs-p256-c16-rep1 ━━━
configmap/grpc-streaming-baseline-config configured
deployment.apps/grpc-stream-sink restarted
deployment.apps/grpc-stream-transformer restarted
  Waiting for sink and transformer to be ready...
Waiting for deployment "grpc-stream-sink" rollout to finish: 1 old replicas are pending termination...
Waiting for deployment "grpc-stream-sink" rollout to finish: 1 old replicas are pending termination...
deployment "grpc-stream-sink" successfully rolled out
deployment "grpc-stream-transformer" successfully rolled out
  Waiting for RabbitMQ to be ready...
deployment "grpc-stream-rabbitmq" successfully rolled out
job.batch/grpc-stream-producer created
  Waiting for producer job to complete...
job.batch/grpc-stream-producer condition met
pod/results-helper-synthetic-clean-rmqs-p256-c16-rep1 condition met
tar: removing leading '/' from member names
tar: removing leading '/' from member names
  Warning: missing result artifact /results/synthetic-clean-rmqs-p256-c16-rep1-sink-analysis.json
job.batch "grpc-stream-producer" deleted from streaming-experiments namespace
  Done: synthetic-clean-rmqs-p256-c16-rep1
━━━ Running: synthetic-clean-rmqs-p1024-c1-rep1 ━━━
configmap/grpc-streaming-baseline-config configured
deployment.apps/grpc-stream-sink restarted
deployment.apps/grpc-stream-transformer restarted
  Waiting for sink and transformer to be ready...
Waiting for deployment "grpc-stream-sink" rollout to finish: 1 old replicas are pending termination...
Waiting for deployment "grpc-stream-sink" rollout to finish: 1 old replicas are pending termination...
deployment "grpc-stream-sink" successfully rolled out
deployment "grpc-stream-transformer" successfully rolled out
  Waiting for RabbitMQ to be ready...
deployment "grpc-stream-rabbitmq" successfully rolled out
job.batch/grpc-stream-producer created
  Waiting for producer job to complete...
job.batch/grpc-stream-producer condition met
pod/results-helper-synthetic-clean-rmqs-p1024-c1-rep1 condition met
tar: removing leading '/' from member names
tar: removing leading '/' from member names
  Warning: missing result artifact /results/synthetic-clean-rmqs-p1024-c1-rep1-sink-analysis.json
job.batch "grpc-stream-producer" deleted from streaming-experiments namespace
  Done: synthetic-clean-rmqs-p1024-c1-rep1
━━━ Running: synthetic-clean-rmqs-p1024-c4-rep1 ━━━
configmap/grpc-streaming-baseline-config configured
deployment.apps/grpc-stream-sink restarted
deployment.apps/grpc-stream-transformer restarted
  Waiting for sink and transformer to be ready...
Waiting for deployment "grpc-stream-sink" rollout to finish: 1 old replicas are pending termination...
Waiting for deployment "grpc-stream-sink" rollout to finish: 1 old replicas are pending termination...
deployment "grpc-stream-sink" successfully rolled out
Waiting for deployment "grpc-stream-transformer" rollout to finish: 1 old replicas are pending termination...
deployment "grpc-stream-transformer" successfully rolled out
  Waiting for RabbitMQ to be ready...
deployment "grpc-stream-rabbitmq" successfully rolled out
  Warning: metrics-server did not report sink/transformer pod metrics before the run started
job.batch/grpc-stream-producer created
  Waiting for producer job to complete...
job.batch/grpc-stream-producer condition met
pod/results-helper-synthetic-clean-rmqs-p1024-c4-rep1 condition met
tar: removing leading '/' from member names
tar: removing leading '/' from member names
  Warning: missing result artifact /results/synthetic-clean-rmqs-p1024-c4-rep1-sink-analysis.json
job.batch "grpc-stream-producer" deleted from streaming-experiments namespace
  Done: synthetic-clean-rmqs-p1024-c4-rep1
━━━ Running: synthetic-clean-rmqs-p1024-c8-rep1 ━━━
configmap/grpc-streaming-baseline-config configured
deployment.apps/grpc-stream-sink restarted
deployment.apps/grpc-stream-transformer restarted
  Waiting for sink and transformer to be ready...
Waiting for deployment "grpc-stream-sink" rollout to finish: 1 old replicas are pending termination...
Waiting for deployment "grpc-stream-sink" rollout to finish: 1 old replicas are pending termination...
deployment "grpc-stream-sink" successfully rolled out
deployment "grpc-stream-transformer" successfully rolled out
  Waiting for RabbitMQ to be ready...
deployment "grpc-stream-rabbitmq" successfully rolled out
job.batch/grpc-stream-producer created
  Waiting for producer job to complete...
job.batch/grpc-stream-producer condition met
pod/results-helper-synthetic-clean-rmqs-p1024-c8-rep1 condition met
tar: removing leading '/' from member names
tar: removing leading '/' from member names
  Warning: missing result artifact /results/synthetic-clean-rmqs-p1024-c8-rep1-sink-analysis.json
job.batch "grpc-stream-producer" deleted from streaming-experiments namespace
  Done: synthetic-clean-rmqs-p1024-c8-rep1
━━━ Running: synthetic-clean-rmqs-p1024-c16-rep1 ━━━
configmap/grpc-streaming-baseline-config configured
deployment.apps/grpc-stream-sink restarted
deployment.apps/grpc-stream-transformer restarted
  Waiting for sink and transformer to be ready...
Waiting for deployment "grpc-stream-sink" rollout to finish: 1 old replicas are pending termination...
Waiting for deployment "grpc-stream-sink" rollout to finish: 1 old replicas are pending termination...
deployment "grpc-stream-sink" successfully rolled out
deployment "grpc-stream-transformer" successfully rolled out
  Waiting for RabbitMQ to be ready...
deployment "grpc-stream-rabbitmq" successfully rolled out
job.batch/grpc-stream-producer created
  Waiting for producer job to complete...
job.batch/grpc-stream-producer condition met
pod/results-helper-synthetic-clean-rmqs-p1024-c16-rep1 condition met
tar: removing leading '/' from member names
tar: removing leading '/' from member names
  Warning: missing result artifact /results/synthetic-clean-rmqs-p1024-c16-rep1-sink-analysis.json
job.batch "grpc-stream-producer" deleted from streaming-experiments namespace
  Done: synthetic-clean-rmqs-p1024-c16-rep1
━━━ Running: synthetic-clean-rmqs-p4096-c1-rep1 ━━━
configmap/grpc-streaming-baseline-config configured
deployment.apps/grpc-stream-sink restarted
deployment.apps/grpc-stream-transformer restarted
  Waiting for sink and transformer to be ready...
Waiting for deployment "grpc-stream-sink" rollout to finish: 1 old replicas are pending termination...
Waiting for deployment "grpc-stream-sink" rollout to finish: 1 old replicas are pending termination...
deployment "grpc-stream-sink" successfully rolled out
deployment "grpc-stream-transformer" successfully rolled out
  Waiting for RabbitMQ to be ready...
deployment "grpc-stream-rabbitmq" successfully rolled out
job.batch/grpc-stream-producer created
  Waiting for producer job to complete...
job.batch/grpc-stream-producer condition met
pod/results-helper-synthetic-clean-rmqs-p4096-c1-rep1 condition met
tar: removing leading '/' from member names
  Warning: missing result artifact /results/synthetic-clean-rmqs-p4096-c1-rep1-sink-analysis.json
job.batch "grpc-stream-producer" deleted from streaming-experiments namespace
  Done: synthetic-clean-rmqs-p4096-c1-rep1
━━━ Running: synthetic-clean-rmqs-p4096-c4-rep1 ━━━
configmap/grpc-streaming-baseline-config configured
deployment.apps/grpc-stream-sink restarted
deployment.apps/grpc-stream-transformer restarted
  Waiting for sink and transformer to be ready...
Waiting for deployment "grpc-stream-sink" rollout to finish: 1 old replicas are pending termination...
Waiting for deployment "grpc-stream-sink" rollout to finish: 1 old replicas are pending termination...
deployment "grpc-stream-sink" successfully rolled out
deployment "grpc-stream-transformer" successfully rolled out
  Waiting for RabbitMQ to be ready...
deployment "grpc-stream-rabbitmq" successfully rolled out
job.batch/grpc-stream-producer created
  Waiting for producer job to complete...
job.batch/grpc-stream-producer condition met
pod/results-helper-synthetic-clean-rmqs-p4096-c4-rep1 condition met
tar: removing leading '/' from member names
  Warning: missing result artifact /results/synthetic-clean-rmqs-p4096-c4-rep1-sink-analysis.json
job.batch "grpc-stream-producer" deleted from streaming-experiments namespace
  Done: synthetic-clean-rmqs-p4096-c4-rep1
━━━ Running: synthetic-clean-rmqs-p4096-c8-rep1 ━━━
configmap/grpc-streaming-baseline-config configured
deployment.apps/grpc-stream-sink restarted
deployment.apps/grpc-stream-transformer restarted
  Waiting for sink and transformer to be ready...
Waiting for deployment "grpc-stream-sink" rollout to finish: 1 old replicas are pending termination...
Waiting for deployment "grpc-stream-sink" rollout to finish: 1 old replicas are pending termination...
deployment "grpc-stream-sink" successfully rolled out
deployment "grpc-stream-transformer" successfully rolled out
  Waiting for RabbitMQ to be ready...
deployment "grpc-stream-rabbitmq" successfully rolled out
job.batch/grpc-stream-producer created
  Waiting for producer job to complete...
job.batch/grpc-stream-producer condition met
pod/results-helper-synthetic-clean-rmqs-p4096-c8-rep1 condition met
tar: removing leading '/' from member names
tar: removing leading '/' from member names
  Warning: missing result artifact /results/synthetic-clean-rmqs-p4096-c8-rep1-sink-analysis.json
job.batch "grpc-stream-producer" deleted from streaming-experiments namespace
  Done: synthetic-clean-rmqs-p4096-c8-rep1
━━━ Running: synthetic-clean-rmqs-p4096-c16-rep1 ━━━
configmap/grpc-streaming-baseline-config configured
deployment.apps/grpc-stream-sink restarted
deployment.apps/grpc-stream-transformer restarted
  Waiting for sink and transformer to be ready...
Waiting for deployment "grpc-stream-sink" rollout to finish: 1 old replicas are pending termination...
Waiting for deployment "grpc-stream-sink" rollout to finish: 1 old replicas are pending termination...
deployment "grpc-stream-sink" successfully rolled out
Waiting for deployment "grpc-stream-transformer" rollout to finish: 1 old replicas are pending termination...
Waiting for deployment "grpc-stream-transformer" rollout to finish: 1 old replicas are pending termination...
deployment "grpc-stream-transformer" successfully rolled out
  Waiting for RabbitMQ to be ready...
deployment "grpc-stream-rabbitmq" successfully rolled out
job.batch/grpc-stream-producer created
  Waiting for producer job to complete...
job.batch/grpc-stream-producer condition met
pod/results-helper-synthetic-clean-rmqs-p4096-c16-rep1 condition met
tar: removing leading '/' from member names
tar: removing leading '/' from member names
  Warning: missing result artifact /results/synthetic-clean-rmqs-p4096-c16-rep1-sink-analysis.json
job.batch "grpc-stream-producer" deleted from streaming-experiments namespace
  Done: synthetic-clean-rmqs-p4096-c16-rep1
━━━ Running: synthetic-clean-rmqs-p16384-c1-rep1 ━━━
configmap/grpc-streaming-baseline-config configured
deployment.apps/grpc-stream-sink restarted
deployment.apps/grpc-stream-transformer restarted
  Waiting for sink and transformer to be ready...
Waiting for deployment "grpc-stream-sink" rollout to finish: 1 old replicas are pending termination...
Waiting for deployment "grpc-stream-sink" rollout to finish: 1 old replicas are pending termination...
deployment "grpc-stream-sink" successfully rolled out
Waiting for deployment "grpc-stream-transformer" rollout to finish: 1 old replicas are pending termination...
Waiting for deployment "grpc-stream-transformer" rollout to finish: 1 old replicas are pending termination...
deployment "grpc-stream-transformer" successfully rolled out
  Waiting for RabbitMQ to be ready...
deployment "grpc-stream-rabbitmq" successfully rolled out
job.batch/grpc-stream-producer created
  Waiting for producer job to complete...
job.batch/grpc-stream-producer condition met
pod/results-helper-synthetic-clean-rmqs-p16384-c1-rep1 condition met
tar: removing leading '/' from member names
tar: removing leading '/' from member names
  Warning: missing result artifact /results/synthetic-clean-rmqs-p16384-c1-rep1-sink-analysis.json
job.batch "grpc-stream-producer" deleted from streaming-experiments namespace
  Done: synthetic-clean-rmqs-p16384-c1-rep1
━━━ Running: synthetic-clean-rmqs-p16384-c4-rep1 ━━━
configmap/grpc-streaming-baseline-config configured
deployment.apps/grpc-stream-sink restarted
deployment.apps/grpc-stream-transformer restarted
  Waiting for sink and transformer to be ready...
Waiting for deployment "grpc-stream-sink" rollout to finish: 1 old replicas are pending termination...
Waiting for deployment "grpc-stream-sink" rollout to finish: 1 old replicas are pending termination...
deployment "grpc-stream-sink" successfully rolled out
Waiting for deployment "grpc-stream-transformer" rollout to finish: 1 old replicas are pending termination...
Waiting for deployment "grpc-stream-transformer" rollout to finish: 1 old replicas are pending termination...
deployment "grpc-stream-transformer" successfully rolled out
  Waiting for RabbitMQ to be ready...
deployment "grpc-stream-rabbitmq" successfully rolled out
job.batch/grpc-stream-producer created
  Waiting for producer job to complete...
job.batch/grpc-stream-producer condition met
pod/results-helper-synthetic-clean-rmqs-p16384-c4-rep1 condition met
tar: removing leading '/' from member names
tar: removing leading '/' from member names
  Warning: missing result artifact /results/synthetic-clean-rmqs-p16384-c4-rep1-sink-analysis.json
job.batch "grpc-stream-producer" deleted from streaming-experiments namespace
  Done: synthetic-clean-rmqs-p16384-c4-rep1
━━━ Running: synthetic-clean-rmqs-p16384-c8-rep1 ━━━
configmap/grpc-streaming-baseline-config configured
deployment.apps/grpc-stream-sink restarted
deployment.apps/grpc-stream-transformer restarted
  Waiting for sink and transformer to be ready...
Waiting for deployment "grpc-stream-sink" rollout to finish: 1 old replicas are pending termination...
Waiting for deployment "grpc-stream-sink" rollout to finish: 1 old replicas are pending termination...
deployment "grpc-stream-sink" successfully rolled out
deployment "grpc-stream-transformer" successfully rolled out
  Waiting for RabbitMQ to be ready...
deployment "grpc-stream-rabbitmq" successfully rolled out
job.batch/grpc-stream-producer created
  Waiting for producer job to complete...
job.batch/grpc-stream-producer condition met
pod/results-helper-synthetic-clean-rmqs-p16384-c8-rep1 condition met
tar: removing leading '/' from member names
  Warning: missing result artifact /results/synthetic-clean-rmqs-p16384-c8-rep1-sink-analysis.json
job.batch "grpc-stream-producer" deleted from streaming-experiments namespace
  Done: synthetic-clean-rmqs-p16384-c8-rep1
━━━ Running: synthetic-clean-rmqs-p16384-c16-rep1 ━━━
configmap/grpc-streaming-baseline-config configured
deployment.apps/grpc-stream-sink restarted
deployment.apps/grpc-stream-transformer restarted
  Waiting for sink and transformer to be ready...
Waiting for deployment "grpc-stream-sink" rollout to finish: 1 old replicas are pending termination...
Waiting for deployment "grpc-stream-sink" rollout to finish: 1 old replicas are pending termination...
deployment "grpc-stream-sink" successfully rolled out
deployment "grpc-stream-transformer" successfully rolled out
  Waiting for RabbitMQ to be ready...
deployment "grpc-stream-rabbitmq" successfully rolled out
job.batch/grpc-stream-producer created
  Waiting for producer job to complete...
job.batch/grpc-stream-producer condition met
pod/results-helper-synthetic-clean-rmqs-p16384-c16-rep1 condition met
tar: removing leading '/' from member names
tar: removing leading '/' from member names
  Warning: missing result artifact /results/synthetic-clean-rmqs-p16384-c16-rep1-sink-analysis.json
job.batch "grpc-stream-producer" deleted from streaming-experiments namespace
  Done: synthetic-clean-rmqs-p16384-c16-rep1
━━━ Running: synthetic-clean-nats-p256-c1-rep1 ━━━
configmap/grpc-streaming-baseline-config configured
deployment.apps/grpc-stream-sink restarted
deployment.apps/grpc-stream-transformer restarted
  Waiting for sink and transformer to be ready...
Waiting for deployment "grpc-stream-sink" rollout to finish: 1 old replicas are pending termination...
Waiting for deployment "grpc-stream-sink" rollout to finish: 1 old replicas are pending termination...
deployment "grpc-stream-sink" successfully rolled out
deployment "grpc-stream-transformer" successfully rolled out
  Waiting for NATS to be ready...
deployment "grpc-stream-nats" successfully rolled out
job.batch/grpc-stream-producer created
  Waiting for producer job to complete...
job.batch/grpc-stream-producer condition met
pod/results-helper-synthetic-clean-nats-p256-c1-rep1 condition met
tar: removing leading '/' from member names
tar: removing leading '/' from member names
  Warning: missing result artifact /results/synthetic-clean-nats-p256-c1-rep1-sink-analysis.json
job.batch "grpc-stream-producer" deleted from streaming-experiments namespace
  Done: synthetic-clean-nats-p256-c1-rep1
━━━ Running: synthetic-clean-nats-p256-c4-rep1 ━━━
configmap/grpc-streaming-baseline-config configured
deployment.apps/grpc-stream-sink restarted
deployment.apps/grpc-stream-transformer restarted
  Waiting for sink and transformer to be ready...
Waiting for deployment "grpc-stream-sink" rollout to finish: 1 old replicas are pending termination...
Waiting for deployment "grpc-stream-sink" rollout to finish: 1 old replicas are pending termination...
deployment "grpc-stream-sink" successfully rolled out
Waiting for deployment "grpc-stream-transformer" rollout to finish: 1 old replicas are pending termination...
Waiting for deployment "grpc-stream-transformer" rollout to finish: 1 old replicas are pending termination...
deployment "grpc-stream-transformer" successfully rolled out
  Waiting for NATS to be ready...
deployment "grpc-stream-nats" successfully rolled out
job.batch/grpc-stream-producer created
  Waiting for producer job to complete...
job.batch/grpc-stream-producer condition met
pod/results-helper-synthetic-clean-nats-p256-c4-rep1 condition met
tar: removing leading '/' from member names
tar: removing leading '/' from member names
  Warning: missing result artifact /results/synthetic-clean-nats-p256-c4-rep1-sink-analysis.json
job.batch "grpc-stream-producer" deleted from streaming-experiments namespace
  Done: synthetic-clean-nats-p256-c4-rep1
━━━ Running: synthetic-clean-nats-p256-c8-rep1 ━━━
configmap/grpc-streaming-baseline-config configured
deployment.apps/grpc-stream-sink restarted
deployment.apps/grpc-stream-transformer restarted
  Waiting for sink and transformer to be ready...
Waiting for deployment "grpc-stream-sink" rollout to finish: 1 old replicas are pending termination...
Waiting for deployment "grpc-stream-sink" rollout to finish: 1 old replicas are pending termination...
deployment "grpc-stream-sink" successfully rolled out
Waiting for deployment "grpc-stream-transformer" rollout to finish: 1 old replicas are pending termination...
Waiting for deployment "grpc-stream-transformer" rollout to finish: 1 old replicas are pending termination...
deployment "grpc-stream-transformer" successfully rolled out
  Waiting for NATS to be ready...
deployment "grpc-stream-nats" successfully rolled out
job.batch/grpc-stream-producer created
  Waiting for producer job to complete...
job.batch/grpc-stream-producer condition met
pod/results-helper-synthetic-clean-nats-p256-c8-rep1 condition met
tar: removing leading '/' from member names
  Warning: missing result artifact /results/synthetic-clean-nats-p256-c8-rep1-sink-analysis.json
job.batch "grpc-stream-producer" deleted from streaming-experiments namespace
  Done: synthetic-clean-nats-p256-c8-rep1
━━━ Running: synthetic-clean-nats-p256-c16-rep1 ━━━
configmap/grpc-streaming-baseline-config configured
deployment.apps/grpc-stream-sink restarted
deployment.apps/grpc-stream-transformer restarted
  Waiting for sink and transformer to be ready...
Waiting for deployment "grpc-stream-sink" rollout to finish: 1 old replicas are pending termination...
Waiting for deployment "grpc-stream-sink" rollout to finish: 1 old replicas are pending termination...
deployment "grpc-stream-sink" successfully rolled out
deployment "grpc-stream-transformer" successfully rolled out
  Waiting for NATS to be ready...
deployment "grpc-stream-nats" successfully rolled out
job.batch/grpc-stream-producer created
  Waiting for producer job to complete...
job.batch/grpc-stream-producer condition met
pod/results-helper-synthetic-clean-nats-p256-c16-rep1 condition met
tar: removing leading '/' from member names
  Warning: missing result artifact /results/synthetic-clean-nats-p256-c16-rep1-sink-analysis.json
job.batch "grpc-stream-producer" deleted from streaming-experiments namespace
  Done: synthetic-clean-nats-p256-c16-rep1
━━━ Running: synthetic-clean-nats-p1024-c1-rep1 ━━━
configmap/grpc-streaming-baseline-config configured
deployment.apps/grpc-stream-sink restarted
deployment.apps/grpc-stream-transformer restarted
  Waiting for sink and transformer to be ready...
Waiting for deployment "grpc-stream-sink" rollout to finish: 1 old replicas are pending termination...
Waiting for deployment "grpc-stream-sink" rollout to finish: 1 old replicas are pending termination...
deployment "grpc-stream-sink" successfully rolled out
deployment "grpc-stream-transformer" successfully rolled out
  Waiting for NATS to be ready...
deployment "grpc-stream-nats" successfully rolled out
job.batch/grpc-stream-producer created
  Waiting for producer job to complete...
job.batch/grpc-stream-producer condition met
pod/results-helper-synthetic-clean-nats-p1024-c1-rep1 condition met
tar: removing leading '/' from member names
tar: removing leading '/' from member names
  Warning: missing result artifact /results/synthetic-clean-nats-p1024-c1-rep1-sink-analysis.json
job.batch "grpc-stream-producer" deleted from streaming-experiments namespace
  Done: synthetic-clean-nats-p1024-c1-rep1
━━━ Running: synthetic-clean-nats-p1024-c4-rep1 ━━━
configmap/grpc-streaming-baseline-config configured
deployment.apps/grpc-stream-sink restarted
deployment.apps/grpc-stream-transformer restarted
  Waiting for sink and transformer to be ready...
Waiting for deployment "grpc-stream-sink" rollout to finish: 1 old replicas are pending termination...
Waiting for deployment "grpc-stream-sink" rollout to finish: 1 old replicas are pending termination...
deployment "grpc-stream-sink" successfully rolled out
Waiting for deployment "grpc-stream-transformer" rollout to finish: 1 old replicas are pending termination...
Waiting for deployment "grpc-stream-transformer" rollout to finish: 1 old replicas are pending termination...
deployment "grpc-stream-transformer" successfully rolled out
  Waiting for NATS to be ready...
deployment "grpc-stream-nats" successfully rolled out
job.batch/grpc-stream-producer created
  Waiting for producer job to complete...
job.batch/grpc-stream-producer condition met
pod/results-helper-synthetic-clean-nats-p1024-c4-rep1 condition met
tar: removing leading '/' from member names
tar: removing leading '/' from member names
  Warning: missing result artifact /results/synthetic-clean-nats-p1024-c4-rep1-sink-analysis.json
job.batch "grpc-stream-producer" deleted from streaming-experiments namespace
  Done: synthetic-clean-nats-p1024-c4-rep1
━━━ Running: synthetic-clean-nats-p1024-c8-rep1 ━━━
configmap/grpc-streaming-baseline-config configured
deployment.apps/grpc-stream-sink restarted
deployment.apps/grpc-stream-transformer restarted
  Waiting for sink and transformer to be ready...
Waiting for deployment "grpc-stream-sink" rollout to finish: 1 old replicas are pending termination...
Waiting for deployment "grpc-stream-sink" rollout to finish: 1 old replicas are pending termination...
deployment "grpc-stream-sink" successfully rolled out
deployment "grpc-stream-transformer" successfully rolled out
  Waiting for NATS to be ready...
deployment "grpc-stream-nats" successfully rolled out
job.batch/grpc-stream-producer created
  Waiting for producer job to complete...
job.batch/grpc-stream-producer condition met
pod/results-helper-synthetic-clean-nats-p1024-c8-rep1 condition met
tar: removing leading '/' from member names
  Warning: missing result artifact /results/synthetic-clean-nats-p1024-c8-rep1-sink-analysis.json
job.batch "grpc-stream-producer" deleted from streaming-experiments namespace
  Done: synthetic-clean-nats-p1024-c8-rep1
━━━ Running: synthetic-clean-nats-p1024-c16-rep1 ━━━
configmap/grpc-streaming-baseline-config configured
deployment.apps/grpc-stream-sink restarted
deployment.apps/grpc-stream-transformer restarted
  Waiting for sink and transformer to be ready...
Waiting for deployment "grpc-stream-sink" rollout to finish: 1 old replicas are pending termination...
Waiting for deployment "grpc-stream-sink" rollout to finish: 1 old replicas are pending termination...
deployment "grpc-stream-sink" successfully rolled out
deployment "grpc-stream-transformer" successfully rolled out
  Waiting for NATS to be ready...
deployment "grpc-stream-nats" successfully rolled out
job.batch/grpc-stream-producer created
  Waiting for producer job to complete...
job.batch/grpc-stream-producer condition met
pod/results-helper-synthetic-clean-nats-p1024-c16-rep1 condition met
tar: removing leading '/' from member names
tar: removing leading '/' from member names
  Warning: missing result artifact /results/synthetic-clean-nats-p1024-c16-rep1-sink-analysis.json
job.batch "grpc-stream-producer" deleted from streaming-experiments namespace
  Done: synthetic-clean-nats-p1024-c16-rep1
━━━ Running: synthetic-clean-nats-p4096-c1-rep1 ━━━
configmap/grpc-streaming-baseline-config configured
deployment.apps/grpc-stream-sink restarted
deployment.apps/grpc-stream-transformer restarted
  Waiting for sink and transformer to be ready...
Waiting for deployment "grpc-stream-sink" rollout to finish: 1 old replicas are pending termination...
Waiting for deployment "grpc-stream-sink" rollout to finish: 1 old replicas are pending termination...
deployment "grpc-stream-sink" successfully rolled out
Waiting for deployment "grpc-stream-transformer" rollout to finish: 1 old replicas are pending termination...
Waiting for deployment "grpc-stream-transformer" rollout to finish: 1 old replicas are pending termination...
deployment "grpc-stream-transformer" successfully rolled out
  Waiting for NATS to be ready...
deployment "grpc-stream-nats" successfully rolled out
job.batch/grpc-stream-producer created
  Waiting for producer job to complete...
job.batch/grpc-stream-producer condition met
pod/results-helper-synthetic-clean-nats-p4096-c1-rep1 condition met
tar: removing leading '/' from member names
tar: removing leading '/' from member names
  Warning: missing result artifact /results/synthetic-clean-nats-p4096-c1-rep1-sink-analysis.json
job.batch "grpc-stream-producer" deleted from streaming-experiments namespace
  Done: synthetic-clean-nats-p4096-c1-rep1
━━━ Running: synthetic-clean-nats-p4096-c4-rep1 ━━━
configmap/grpc-streaming-baseline-config configured
deployment.apps/grpc-stream-sink restarted
deployment.apps/grpc-stream-transformer restarted
  Waiting for sink and transformer to be ready...
Waiting for deployment "grpc-stream-sink" rollout to finish: 1 old replicas are pending termination...
Waiting for deployment "grpc-stream-sink" rollout to finish: 1 old replicas are pending termination...
deployment "grpc-stream-sink" successfully rolled out
deployment "grpc-stream-transformer" successfully rolled out
  Waiting for NATS to be ready...
deployment "grpc-stream-nats" successfully rolled out
job.batch/grpc-stream-producer created
  Waiting for producer job to complete...
job.batch/grpc-stream-producer condition met
pod/results-helper-synthetic-clean-nats-p4096-c4-rep1 condition met
  Warning: missing result artifact /results/synthetic-clean-nats-p4096-c4-rep1-sink-analysis.json
job.batch "grpc-stream-producer" deleted from streaming-experiments namespace
  Done: synthetic-clean-nats-p4096-c4-rep1
━━━ Running: synthetic-clean-nats-p4096-c8-rep1 ━━━
configmap/grpc-streaming-baseline-config configured
deployment.apps/grpc-stream-sink restarted
deployment.apps/grpc-stream-transformer restarted
  Waiting for sink and transformer to be ready...
Waiting for deployment "grpc-stream-sink" rollout to finish: 1 old replicas are pending termination...
Waiting for deployment "grpc-stream-sink" rollout to finish: 1 old replicas are pending termination...
deployment "grpc-stream-sink" successfully rolled out
deployment "grpc-stream-transformer" successfully rolled out
  Waiting for NATS to be ready...
deployment "grpc-stream-nats" successfully rolled out
job.batch/grpc-stream-producer created
  Waiting for producer job to complete...
job.batch/grpc-stream-producer condition met
pod/results-helper-synthetic-clean-nats-p4096-c8-rep1 condition met
tar: removing leading '/' from member names
  Warning: missing result artifact /results/synthetic-clean-nats-p4096-c8-rep1-sink-analysis.json
job.batch "grpc-stream-producer" deleted from streaming-experiments namespace
  Done: synthetic-clean-nats-p4096-c8-rep1
━━━ Running: synthetic-clean-nats-p4096-c16-rep1 ━━━
configmap/grpc-streaming-baseline-config configured
deployment.apps/grpc-stream-sink restarted
deployment.apps/grpc-stream-transformer restarted
  Waiting for sink and transformer to be ready...
Waiting for deployment "grpc-stream-sink" rollout to finish: 1 old replicas are pending termination...
Waiting for deployment "grpc-stream-sink" rollout to finish: 1 old replicas are pending termination...
deployment "grpc-stream-sink" successfully rolled out
deployment "grpc-stream-transformer" successfully rolled out
  Waiting for NATS to be ready...
deployment "grpc-stream-nats" successfully rolled out
job.batch/grpc-stream-producer created
  Waiting for producer job to complete...
job.batch/grpc-stream-producer condition met
pod/results-helper-synthetic-clean-nats-p4096-c16-rep1 condition met
tar: removing leading '/' from member names
  Warning: missing result artifact /results/synthetic-clean-nats-p4096-c16-rep1-sink-analysis.json
job.batch "grpc-stream-producer" deleted from streaming-experiments namespace
  Done: synthetic-clean-nats-p4096-c16-rep1
━━━ Running: synthetic-clean-nats-p16384-c1-rep1 ━━━
configmap/grpc-streaming-baseline-config configured
deployment.apps/grpc-stream-sink restarted
deployment.apps/grpc-stream-transformer restarted
  Waiting for sink and transformer to be ready...
Waiting for deployment "grpc-stream-sink" rollout to finish: 1 old replicas are pending termination...
Waiting for deployment "grpc-stream-sink" rollout to finish: 1 old replicas are pending termination...
deployment "grpc-stream-sink" successfully rolled out
deployment "grpc-stream-transformer" successfully rolled out
  Waiting for NATS to be ready...
deployment "grpc-stream-nats" successfully rolled out
job.batch/grpc-stream-producer created
  Waiting for producer job to complete...
  Warning: Producer job did not complete within timeout
2026/04/25 10:28:11 run nats-jetstream workload: worker 0 publish sequence 2012 via nats-jetstream: publish to nats subject "producer.to.transformer.synthetic-clean-nats-p16384-c1-rep1.worker.00": nats: timeout
pod/results-helper-synthetic-clean-nats-p16384-c1-rep1 condition met
  Warning: missing result artifact /results/synthetic-clean-nats-p16384-c1-rep1-producer-result.json
  Warning: missing result artifact /results/synthetic-clean-nats-p16384-c1-rep1-sink-summary.json
  Warning: missing result artifact /results/synthetic-clean-nats-p16384-c1-rep1-sink-analysis.json
job.batch "grpc-stream-producer" deleted from streaming-experiments namespace
  Done: synthetic-clean-nats-p16384-c1-rep1
━━━ Running: synthetic-clean-nats-p16384-c4-rep1 ━━━
configmap/grpc-streaming-baseline-config configured
deployment.apps/grpc-stream-sink restarted
deployment.apps/grpc-stream-transformer restarted
  Waiting for sink and transformer to be ready...
Waiting for deployment "grpc-stream-sink" rollout to finish: 1 old replicas are pending termination...
Waiting for deployment "grpc-stream-sink" rollout to finish: 1 old replicas are pending termination...
deployment "grpc-stream-sink" successfully rolled out
Waiting for deployment "grpc-stream-transformer" rollout to finish: 1 old replicas are pending termination...
Waiting for deployment "grpc-stream-transformer" rollout to finish: 1 old replicas are pending termination...
deployment "grpc-stream-transformer" successfully rolled out
  Waiting for NATS to be ready...
deployment "grpc-stream-nats" successfully rolled out
job.batch/grpc-stream-producer created
  Waiting for producer job to complete...
job.batch/grpc-stream-producer condition met
pod/results-helper-synthetic-clean-nats-p16384-c4-rep1 condition met
tar: removing leading '/' from member names
tar: removing leading '/' from member names
  Warning: missing result artifact /results/synthetic-clean-nats-p16384-c4-rep1-sink-analysis.json
job.batch "grpc-stream-producer" deleted from streaming-experiments namespace
  Done: synthetic-clean-nats-p16384-c4-rep1
━━━ Running: synthetic-clean-nats-p16384-c8-rep1 ━━━
configmap/grpc-streaming-baseline-config configured
deployment.apps/grpc-stream-sink restarted
deployment.apps/grpc-stream-transformer restarted
  Waiting for sink and transformer to be ready...
Waiting for deployment "grpc-stream-sink" rollout to finish: 1 old replicas are pending termination...
Waiting for deployment "grpc-stream-sink" rollout to finish: 1 old replicas are pending termination...
deployment "grpc-stream-sink" successfully rolled out
Waiting for deployment "grpc-stream-transformer" rollout to finish: 1 old replicas are pending termination...
Waiting for deployment "grpc-stream-transformer" rollout to finish: 1 old replicas are pending termination...
deployment "grpc-stream-transformer" successfully rolled out
  Waiting for NATS to be ready...
deployment "grpc-stream-nats" successfully rolled out
job.batch/grpc-stream-producer created
  Waiting for producer job to complete...
  Warning: Producer job did not complete within timeout
2026/04/25 10:36:53 run nats-jetstream workload: worker 5 publish sequence 13270 via nats-jetstream: publish to nats subject "producer.to.transformer.synthetic-clean-nats-p16384-c8-rep1.worker.05": nats: timeout
pod/results-helper-synthetic-clean-nats-p16384-c8-rep1 condition met
  Warning: missing result artifact /results/synthetic-clean-nats-p16384-c8-rep1-producer-result.json
