namespace/streaming-experiments unchanged
persistentvolumeclaim/experiment-results unchanged
namespace/streaming-experiments unchanged
configmap/grpc-stream-nats-config unchanged
configmap/grpc-stream-rabbitmq-config unchanged
configmap/grpc-streaming-baseline-config unchanged
service/grpc-stream-kafka unchanged
service/grpc-stream-nats unchanged
service/grpc-stream-rabbitmq unchanged
service/grpc-stream-sink unchanged
service/grpc-stream-transformer unchanged
persistentvolumeclaim/experiment-results unchanged
deployment.apps/grpc-stream-kafka unchanged
deployment.apps/grpc-stream-nats unchanged
deployment.apps/grpc-stream-rabbitmq unchanged
deployment.apps/grpc-stream-sink unchanged
deployment.apps/grpc-stream-transformer unchanged
job.batch/grpc-stream-producer created
job.batch "grpc-stream-producer" deleted from streaming-experiments namespace
  Waiting for sink and transformer to be ready...
deployment "grpc-stream-sink" successfully rolled out
deployment "grpc-stream-transformer" successfully rolled out
Starting preset: synthetic-clean (overlay: resource-medium, repeat: 1, transport: nats-jetstream)
━━━ Running: synthetic-clean-nats-p16384-c8 ━━━
configmap/grpc-streaming-baseline-config configured
deployment.apps/grpc-stream-nats restarted
deployment.apps/grpc-stream-sink restarted
deployment.apps/grpc-stream-transformer restarted
  Waiting for sink and transformer to be ready...
Waiting for deployment "grpc-stream-sink" rollout to finish: 1 old replicas are pending termination...
Waiting for deployment "grpc-stream-sink" rollout to finish: 1 old replicas are pending termination...
deployment "grpc-stream-sink" successfully rolled out
Waiting for deployment "grpc-stream-transformer" rollout to finish: 1 old replicas are pending termination...
deployment "grpc-stream-transformer" successfully rolled out
  Waiting for NATS to be ready...
deployment "grpc-stream-nats" successfully rolled out
job.batch/grpc-stream-producer created
  Waiting for producer job to complete...
  Warning: Producer job did not complete within timeout
2026/04/25 15:22:32 run nats-jetstream workload: worker 3 open nats-jetstream publisher: create nats stream "producer_to_transformer_synthetic_clean_nats_p16384_c8_worker_03" for subject "producer.to.transformer.synthetic-clean-nats-p16384-c8.worker.03": nats: insufficient storage resources available
pod/results-helper-synthetic-clean-nats-p16384-c8 condition met
  Warning: missing result artifact /results/synthetic-clean-nats-p16384-c8-producer-result.json
  Warning: missing result artifact /results/synthetic-clean-nats-p16384-c8-sink-summary.json
  Warning: missing result artifact /results/synthetic-clean-nats-p16384-c8-sink-analysis.json
job.batch "grpc-stream-producer" deleted from streaming-experiments namespace
  Done: synthetic-clean-nats-p16384-c8
Exporting summary CSV...
Wrote result summary to \\wsl.localhost\Ubuntu\home\nebur\Streaming_Techniques_Experiment\experiments\grpc-streaming-baseline\results\synthetic-clean-summary.csv
Finished preset: synthetic-clean
