namespace/streaming-experiments unchanged
persistentvolumeclaim/experiment-results unchanged
namespace/streaming-experiments unchanged
configmap/grpc-stream-rabbitmq-config unchanged
configmap/grpc-streaming-baseline-config unchanged
service/grpc-stream-kafka unchanged
service/grpc-stream-nats unchanged
service/grpc-stream-rabbitmq unchanged
service/grpc-stream-sink unchanged
service/grpc-stream-transformer unchanged
persistentvolumeclaim/experiment-results unchanged
deployment.apps/grpc-stream-kafka unchanged
deployment.apps/grpc-stream-nats unchanged
deployment.apps/grpc-stream-rabbitmq unchanged
deployment.apps/grpc-stream-sink unchanged
deployment.apps/grpc-stream-transformer unchanged
job.batch/grpc-stream-producer created
job.batch "grpc-stream-producer" deleted from streaming-experiments namespace
  Waiting for sink and transformer to be ready...
deployment "grpc-stream-sink" successfully rolled out
deployment "grpc-stream-transformer" successfully rolled out
Starting preset: synthetic-clean (overlay: resource-medium, repeat: 1, transport: kafka)
━━━ Running: synthetic-clean-kafka-p256-c1 ━━━
configmap/grpc-streaming-baseline-config configured
deployment.apps/grpc-stream-kafka restarted
deployment.apps/grpc-stream-sink restarted
deployment.apps/grpc-stream-transformer restarted
  Waiting for sink and transformer to be ready...
Waiting for deployment "grpc-stream-sink" rollout to finish: 1 old replicas are pending termination...
Waiting for deployment "grpc-stream-sink" rollout to finish: 1 old replicas are pending termination...
deployment "grpc-stream-sink" successfully rolled out
deployment "grpc-stream-transformer" successfully rolled out
  Waiting for Kafka to be ready...
deployment "grpc-stream-kafka" successfully rolled out
job.batch/grpc-stream-producer created
  Waiting for producer job to complete...
job.batch/grpc-stream-producer condition met
pod/results-helper-synthetic-clean-kafka-p256-c1 condition met
  Warning: missing result artifact /results/synthetic-clean-kafka-p256-c1-sink-analysis.json
job.batch "grpc-stream-producer" deleted from streaming-experiments namespace
  Done: synthetic-clean-kafka-p256-c1
━━━ Running: synthetic-clean-kafka-p256-c4 ━━━
configmap/grpc-streaming-baseline-config configured
deployment.apps/grpc-stream-kafka restarted
deployment.apps/grpc-stream-sink restarted
deployment.apps/grpc-stream-transformer restarted
  Waiting for sink and transformer to be ready...
Waiting for deployment "grpc-stream-sink" rollout to finish: 1 old replicas are pending termination...
Waiting for deployment "grpc-stream-sink" rollout to finish: 1 old replicas are pending termination...
deployment "grpc-stream-sink" successfully rolled out
deployment "grpc-stream-transformer" successfully rolled out
  Waiting for Kafka to be ready...
deployment "grpc-stream-kafka" successfully rolled out
job.batch/grpc-stream-producer created
  Waiting for producer job to complete...
job.batch/grpc-stream-producer condition met
pod/results-helper-synthetic-clean-kafka-p256-c4 condition met
  Warning: missing result artifact /results/synthetic-clean-kafka-p256-c4-sink-analysis.json
job.batch "grpc-stream-producer" deleted from streaming-experiments namespace
  Done: synthetic-clean-kafka-p256-c4
━━━ Running: synthetic-clean-kafka-p256-c8 ━━━
configmap/grpc-streaming-baseline-config configured
deployment.apps/grpc-stream-kafka restarted
deployment.apps/grpc-stream-sink restarted
deployment.apps/grpc-stream-transformer restarted
  Waiting for sink and transformer to be ready...
Waiting for deployment "grpc-stream-sink" rollout to finish: 1 old replicas are pending termination...
Waiting for deployment "grpc-stream-sink" rollout to finish: 1 old replicas are pending termination...
deployment "grpc-stream-sink" successfully rolled out
Waiting for deployment "grpc-stream-transformer" rollout to finish: 1 old replicas are pending termination...
Waiting for deployment "grpc-stream-transformer" rollout to finish: 1 old replicas are pending termination...
deployment "grpc-stream-transformer" successfully rolled out
  Waiting for Kafka to be ready...
deployment "grpc-stream-kafka" successfully rolled out
job.batch/grpc-stream-producer created
  Waiting for producer job to complete...
job.batch/grpc-stream-producer condition met
pod/results-helper-synthetic-clean-kafka-p256-c8 condition met
tar: removing leading '/' from member names
tar: removing leading '/' from member names
  Warning: missing result artifact /results/synthetic-clean-kafka-p256-c8-sink-analysis.json
job.batch "grpc-stream-producer" deleted from streaming-experiments namespace
  Done: synthetic-clean-kafka-p256-c8
━━━ Running: synthetic-clean-kafka-p256-c16 ━━━
configmap/grpc-streaming-baseline-config configured
deployment.apps/grpc-stream-kafka restarted
deployment.apps/grpc-stream-sink restarted
deployment.apps/grpc-stream-transformer restarted
  Waiting for sink and transformer to be ready...
Waiting for deployment "grpc-stream-sink" rollout to finish: 1 old replicas are pending termination...
Waiting for deployment "grpc-stream-sink" rollout to finish: 1 old replicas are pending termination...
deployment "grpc-stream-sink" successfully rolled out
deployment "grpc-stream-transformer" successfully rolled out
  Waiting for Kafka to be ready...
deployment "grpc-stream-kafka" successfully rolled out
job.batch/grpc-stream-producer created
  Waiting for producer job to complete...
job.batch/grpc-stream-producer condition met
pod/results-helper-synthetic-clean-kafka-p256-c16 condition met
tar: removing leading '/' from member names
tar: removing leading '/' from member names
  Warning: missing result artifact /results/synthetic-clean-kafka-p256-c16-sink-analysis.json
job.batch "grpc-stream-producer" deleted from streaming-experiments namespace
  Done: synthetic-clean-kafka-p256-c16
━━━ Running: synthetic-clean-kafka-p1024-c1 ━━━
configmap/grpc-streaming-baseline-config configured
deployment.apps/grpc-stream-kafka restarted
deployment.apps/grpc-stream-sink restarted
deployment.apps/grpc-stream-transformer restarted
  Waiting for sink and transformer to be ready...
Waiting for deployment "grpc-stream-sink" rollout to finish: 1 old replicas are pending termination...
Waiting for deployment "grpc-stream-sink" rollout to finish: 1 old replicas are pending termination...
deployment "grpc-stream-sink" successfully rolled out
Waiting for deployment "grpc-stream-transformer" rollout to finish: 1 old replicas are pending termination...
Waiting for deployment "grpc-stream-transformer" rollout to finish: 1 old replicas are pending termination...
deployment "grpc-stream-transformer" successfully rolled out
  Waiting for Kafka to be ready...
deployment "grpc-stream-kafka" successfully rolled out
job.batch/grpc-stream-producer created
  Waiting for producer job to complete...
job.batch/grpc-stream-producer condition met
pod/results-helper-synthetic-clean-kafka-p1024-c1 condition met
tar: removing leading '/' from member names
  Warning: missing result artifact /results/synthetic-clean-kafka-p1024-c1-sink-analysis.json
job.batch "grpc-stream-producer" deleted from streaming-experiments namespace
  Done: synthetic-clean-kafka-p1024-c1
━━━ Running: synthetic-clean-kafka-p1024-c4 ━━━
configmap/grpc-streaming-baseline-config configured
deployment.apps/grpc-stream-kafka restarted
deployment.apps/grpc-stream-sink restarted
deployment.apps/grpc-stream-transformer restarted
  Waiting for sink and transformer to be ready...
Waiting for deployment "grpc-stream-sink" rollout to finish: 1 old replicas are pending termination...
Waiting for deployment "grpc-stream-sink" rollout to finish: 1 old replicas are pending termination...
deployment "grpc-stream-sink" successfully rolled out
deployment "grpc-stream-transformer" successfully rolled out
  Waiting for Kafka to be ready...
deployment "grpc-stream-kafka" successfully rolled out
job.batch/grpc-stream-producer created
  Waiting for producer job to complete...
job.batch/grpc-stream-producer condition met
pod/results-helper-synthetic-clean-kafka-p1024-c4 condition met
tar: removing leading '/' from member names
tar: removing leading '/' from member names
  Warning: missing result artifact /results/synthetic-clean-kafka-p1024-c4-sink-analysis.json
job.batch "grpc-stream-producer" deleted from streaming-experiments namespace
  Done: synthetic-clean-kafka-p1024-c4
━━━ Running: synthetic-clean-kafka-p1024-c8 ━━━
configmap/grpc-streaming-baseline-config configured
deployment.apps/grpc-stream-kafka restarted
deployment.apps/grpc-stream-sink restarted
deployment.apps/grpc-stream-transformer restarted
  Waiting for sink and transformer to be ready...
Waiting for deployment "grpc-stream-sink" rollout to finish: 1 old replicas are pending termination...
Waiting for deployment "grpc-stream-sink" rollout to finish: 1 old replicas are pending termination...
deployment "grpc-stream-sink" successfully rolled out
Waiting for deployment "grpc-stream-transformer" rollout to finish: 1 old replicas are pending termination...
Waiting for deployment "grpc-stream-transformer" rollout to finish: 1 old replicas are pending termination...
deployment "grpc-stream-transformer" successfully rolled out
  Waiting for Kafka to be ready...
deployment "grpc-stream-kafka" successfully rolled out
job.batch/grpc-stream-producer created
  Waiting for producer job to complete...
job.batch/grpc-stream-producer condition met
pod/results-helper-synthetic-clean-kafka-p1024-c8 condition met
tar: removing leading '/' from member names
tar: removing leading '/' from member names
  Warning: missing result artifact /results/synthetic-clean-kafka-p1024-c8-sink-analysis.json
job.batch "grpc-stream-producer" deleted from streaming-experiments namespace
  Done: synthetic-clean-kafka-p1024-c8
━━━ Running: synthetic-clean-kafka-p1024-c16 ━━━
configmap/grpc-streaming-baseline-config configured
deployment.apps/grpc-stream-kafka restarted
deployment.apps/grpc-stream-sink restarted
deployment.apps/grpc-stream-transformer restarted
  Waiting for sink and transformer to be ready...
Waiting for deployment "grpc-stream-sink" rollout to finish: 1 old replicas are pending termination...
Waiting for deployment "grpc-stream-sink" rollout to finish: 1 old replicas are pending termination...
deployment "grpc-stream-sink" successfully rolled out
deployment "grpc-stream-transformer" successfully rolled out
  Waiting for Kafka to be ready...
deployment "grpc-stream-kafka" successfully rolled out
job.batch/grpc-stream-producer created
  Waiting for producer job to complete...
job.batch/grpc-stream-producer condition met
pod/results-helper-synthetic-clean-kafka-p1024-c16 condition met
tar: removing leading '/' from member names
  Warning: missing result artifact /results/synthetic-clean-kafka-p1024-c16-sink-analysis.json
job.batch "grpc-stream-producer" deleted from streaming-experiments namespace
  Done: synthetic-clean-kafka-p1024-c16
━━━ Running: synthetic-clean-kafka-p4096-c1 ━━━
configmap/grpc-streaming-baseline-config configured
deployment.apps/grpc-stream-kafka restarted
deployment.apps/grpc-stream-sink restarted
deployment.apps/grpc-stream-transformer restarted
  Waiting for sink and transformer to be ready...
Waiting for deployment "grpc-stream-sink" rollout to finish: 1 old replicas are pending termination...
Waiting for deployment "grpc-stream-sink" rollout to finish: 1 old replicas are pending termination...
deployment "grpc-stream-sink" successfully rolled out
Waiting for deployment "grpc-stream-transformer" rollout to finish: 1 old replicas are pending termination...
Waiting for deployment "grpc-stream-transformer" rollout to finish: 1 old replicas are pending termination...
deployment "grpc-stream-transformer" successfully rolled out
  Waiting for Kafka to be ready...
deployment "grpc-stream-kafka" successfully rolled out
job.batch/grpc-stream-producer created
  Waiting for producer job to complete...
job.batch/grpc-stream-producer condition met
pod/results-helper-synthetic-clean-kafka-p4096-c1 condition met
tar: removing leading '/' from member names
tar: removing leading '/' from member names
  Warning: missing result artifact /results/synthetic-clean-kafka-p4096-c1-sink-analysis.json
job.batch "grpc-stream-producer" deleted from streaming-experiments namespace
  Done: synthetic-clean-kafka-p4096-c1
━━━ Running: synthetic-clean-kafka-p4096-c4 ━━━
configmap/grpc-streaming-baseline-config configured
deployment.apps/grpc-stream-kafka restarted
deployment.apps/grpc-stream-sink restarted
deployment.apps/grpc-stream-transformer restarted
  Waiting for sink and transformer to be ready...
Waiting for deployment "grpc-stream-sink" rollout to finish: 1 old replicas are pending termination...
Waiting for deployment "grpc-stream-sink" rollout to finish: 1 old replicas are pending termination...
deployment "grpc-stream-sink" successfully rolled out
deployment "grpc-stream-transformer" successfully rolled out
  Waiting for Kafka to be ready...
deployment "grpc-stream-kafka" successfully rolled out
job.batch/grpc-stream-producer created
  Waiting for producer job to complete...
job.batch/grpc-stream-producer condition met
pod/results-helper-synthetic-clean-kafka-p4096-c4 condition met
tar: removing leading '/' from member names
tar: removing leading '/' from member names
  Warning: missing result artifact /results/synthetic-clean-kafka-p4096-c4-sink-analysis.json
job.batch "grpc-stream-producer" deleted from streaming-experiments namespace
  Done: synthetic-clean-kafka-p4096-c4
━━━ Running: synthetic-clean-kafka-p4096-c8 ━━━
configmap/grpc-streaming-baseline-config configured
deployment.apps/grpc-stream-kafka restarted
deployment.apps/grpc-stream-sink restarted
deployment.apps/grpc-stream-transformer restarted
  Waiting for sink and transformer to be ready...
Waiting for deployment "grpc-stream-sink" rollout to finish: 1 old replicas are pending termination...
Waiting for deployment "grpc-stream-sink" rollout to finish: 1 old replicas are pending termination...
deployment "grpc-stream-sink" successfully rolled out
deployment "grpc-stream-transformer" successfully rolled out
  Waiting for Kafka to be ready...
deployment "grpc-stream-kafka" successfully rolled out
job.batch/grpc-stream-producer created
  Waiting for producer job to complete...
job.batch/grpc-stream-producer condition met
pod/results-helper-synthetic-clean-kafka-p4096-c8 condition met
tar: removing leading '/' from member names
  Warning: missing result artifact /results/synthetic-clean-kafka-p4096-c8-sink-analysis.json
job.batch "grpc-stream-producer" deleted from streaming-experiments namespace
  Done: synthetic-clean-kafka-p4096-c8
━━━ Running: synthetic-clean-kafka-p4096-c16 ━━━
configmap/grpc-streaming-baseline-config configured
deployment.apps/grpc-stream-kafka restarted
deployment.apps/grpc-stream-sink restarted
deployment.apps/grpc-stream-transformer restarted
  Waiting for sink and transformer to be ready...
Waiting for deployment "grpc-stream-sink" rollout to finish: 1 old replicas are pending termination...
Waiting for deployment "grpc-stream-sink" rollout to finish: 1 old replicas are pending termination...
deployment "grpc-stream-sink" successfully rolled out
deployment "grpc-stream-transformer" successfully rolled out
  Waiting for Kafka to be ready...
deployment "grpc-stream-kafka" successfully rolled out
job.batch/grpc-stream-producer created
  Waiting for producer job to complete...
job.batch/grpc-stream-producer condition met
pod/results-helper-synthetic-clean-kafka-p4096-c16 condition met
tar: removing leading '/' from member names
  Warning: missing result artifact /results/synthetic-clean-kafka-p4096-c16-sink-analysis.json
job.batch "grpc-stream-producer" deleted from streaming-experiments namespace
  Done: synthetic-clean-kafka-p4096-c16
━━━ Running: synthetic-clean-kafka-p16384-c1 ━━━
configmap/grpc-streaming-baseline-config configured
deployment.apps/grpc-stream-kafka restarted
deployment.apps/grpc-stream-sink restarted
deployment.apps/grpc-stream-transformer restarted
  Waiting for sink and transformer to be ready...
Waiting for deployment "grpc-stream-sink" rollout to finish: 1 old replicas are pending termination...
Waiting for deployment "grpc-stream-sink" rollout to finish: 1 old replicas are pending termination...
deployment "grpc-stream-sink" successfully rolled out
Waiting for deployment "grpc-stream-transformer" rollout to finish: 1 old replicas are pending termination...
deployment "grpc-stream-transformer" successfully rolled out
  Waiting for Kafka to be ready...
deployment "grpc-stream-kafka" successfully rolled out
job.batch/grpc-stream-producer created
  Waiting for producer job to complete...
job.batch/grpc-stream-producer condition met
pod/results-helper-synthetic-clean-kafka-p16384-c1 condition met
tar: removing leading '/' from member names
tar: removing leading '/' from member names
  Warning: missing result artifact /results/synthetic-clean-kafka-p16384-c1-sink-analysis.json
job.batch "grpc-stream-producer" deleted from streaming-experiments namespace
  Done: synthetic-clean-kafka-p16384-c1
━━━ Running: synthetic-clean-kafka-p16384-c4 ━━━
configmap/grpc-streaming-baseline-config configured
deployment.apps/grpc-stream-kafka restarted
deployment.apps/grpc-stream-sink restarted
deployment.apps/grpc-stream-transformer restarted
  Waiting for sink and transformer to be ready...
Waiting for deployment "grpc-stream-sink" rollout to finish: 1 old replicas are pending termination...
Waiting for deployment "grpc-stream-sink" rollout to finish: 1 old replicas are pending termination...
deployment "grpc-stream-sink" successfully rolled out
deployment "grpc-stream-transformer" successfully rolled out
  Waiting for Kafka to be ready...
deployment "grpc-stream-kafka" successfully rolled out
job.batch/grpc-stream-producer created
  Waiting for producer job to complete...
job.batch/grpc-stream-producer condition met
pod/results-helper-synthetic-clean-kafka-p16384-c4 condition met
tar: removing leading '/' from member names
tar: removing leading '/' from member names
  Warning: missing result artifact /results/synthetic-clean-kafka-p16384-c4-sink-analysis.json
job.batch "grpc-stream-producer" deleted from streaming-experiments namespace
  Done: synthetic-clean-kafka-p16384-c4
━━━ Running: synthetic-clean-kafka-p16384-c8 ━━━
configmap/grpc-streaming-baseline-config configured
deployment.apps/grpc-stream-kafka restarted
deployment.apps/grpc-stream-sink restarted
deployment.apps/grpc-stream-transformer restarted
  Waiting for sink and transformer to be ready...
Waiting for deployment "grpc-stream-sink" rollout to finish: 1 old replicas are pending termination...
Waiting for deployment "grpc-stream-sink" rollout to finish: 1 old replicas are pending termination...
deployment "grpc-stream-sink" successfully rolled out
deployment "grpc-stream-transformer" successfully rolled out
  Waiting for Kafka to be ready...
deployment "grpc-stream-kafka" successfully rolled out
job.batch/grpc-stream-producer created
  Waiting for producer job to complete...
job.batch/grpc-stream-producer condition met
pod/results-helper-synthetic-clean-kafka-p16384-c8 condition met
tar: removing leading '/' from member names
tar: removing leading '/' from member names
  Warning: missing result artifact /results/synthetic-clean-kafka-p16384-c8-sink-analysis.json
job.batch "grpc-stream-producer" deleted from streaming-experiments namespace
  Done: synthetic-clean-kafka-p16384-c8
━━━ Running: synthetic-clean-kafka-p16384-c16 ━━━
configmap/grpc-streaming-baseline-config configured
deployment.apps/grpc-stream-kafka restarted
deployment.apps/grpc-stream-sink restarted
deployment.apps/grpc-stream-transformer restarted
  Waiting for sink and transformer to be ready...
Waiting for deployment "grpc-stream-sink" rollout to finish: 1 old replicas are pending termination...
Waiting for deployment "grpc-stream-sink" rollout to finish: 1 old replicas are pending termination...
deployment "grpc-stream-sink" successfully rolled out
deployment "grpc-stream-transformer" successfully rolled out
  Waiting for Kafka to be ready...
deployment "grpc-stream-kafka" successfully rolled out
job.batch/grpc-stream-producer created
  Waiting for producer job to complete...
job.batch/grpc-stream-producer condition met
pod/results-helper-synthetic-clean-kafka-p16384-c16 condition met
tar: removing leading '/' from member names
tar: removing leading '/' from member names
  Warning: missing result artifact /results/synthetic-clean-kafka-p16384-c16-sink-analysis.json
job.batch "grpc-stream-producer" deleted from streaming-experiments namespace
  Done: synthetic-clean-kafka-p16384-c16
Exporting summary CSV...
Wrote result summary to \\wsl.localhost\Ubuntu\home\nebur\Streaming_Techniques_Experiment\experiments\grpc-streaming-baseline\results\synthetic-clean-summary.csv
Finished preset: synthetic-clean
