@@@ Part 2 started 2026-06-10T22:53:51+02:00
@@@ STEP [0m] S1 nats clean p1024 c8 rep2 (probe)
namespace/streaming-experiments unchanged
persistentvolumeclaim/experiment-results unchanged
Cleaning up broker workloads before applying overlay...
namespace/streaming-experiments unchanged
configmap/grpc-stream-nats-config unchanged
configmap/grpc-stream-rabbitmq-config unchanged
configmap/grpc-streaming-baseline-config configured
service/grpc-stream-kafka unchanged
service/grpc-stream-nats unchanged
service/grpc-stream-rabbitmq unchanged
service/grpc-stream-sink unchanged
service/grpc-stream-transformer unchanged
persistentvolumeclaim/experiment-results unchanged
deployment.apps/grpc-stream-kafka created
deployment.apps/grpc-stream-nats created
deployment.apps/grpc-stream-rabbitmq created
deployment.apps/grpc-stream-sink unchanged
deployment.apps/grpc-stream-transformer unchanged
job.batch/grpc-stream-producer created
  Waiting for sink and transformer to be ready...
deployment "grpc-stream-sink" successfully rolled out
deployment "grpc-stream-transformer" successfully rolled out
Starting preset: synthetic-clean (overlay: resource-medium-single-2g, repeat: 1, transport: nats-jetstream)
━━━ Running: rq1-rerun-20260610-fixed-synthetic-clean-nats-p1024-c8-rep2 ━━━
configmap/grpc-streaming-baseline-config configured
deployment.apps/grpc-stream-nats restarted
  Waiting for NATS to be ready...
Waiting for deployment "grpc-stream-nats" rollout to finish: 1 old replicas are pending termination...
Waiting for deployment "grpc-stream-nats" rollout to finish: 1 old replicas are pending termination...
deployment "grpc-stream-nats" successfully rolled out
deployment.apps/grpc-stream-sink restarted
deployment.apps/grpc-stream-transformer restarted
  Waiting for sink and transformer to be ready...
Waiting for deployment "grpc-stream-sink" rollout to finish: 1 old replicas are pending termination...
Waiting for deployment "grpc-stream-sink" rollout to finish: 1 old replicas are pending termination...
deployment "grpc-stream-sink" successfully rolled out
deployment "grpc-stream-transformer" successfully rolled out
  Waiting for NATS to be ready...
deployment "grpc-stream-nats" successfully rolled out
job.batch/grpc-stream-producer created
  Waiting for producer job to complete...
  Warning: Producer job did not complete within timeout
2026/06/10 20:54:38 run nats-jetstream workload: worker 2 open nats-jetstream publisher: create nats stream "producer_to_transformer_rq1_rerun_20260610_fixed_synthetic_clean_nats_p1024_c8_rep2_worker_02" for subject "producer.to.transformer.rq1-rerun-20260610-fixed-synthetic-clean-nats-p1024-c8-rep2.worker.02": nats: insufficient storage resources available
  Warning: missing result artifact /results/rq1-rerun-20260610-fixed-synthetic-clean-nats-p1024-c8-rep2-producer-result.json
  Warning: missing result artifact /results/rq1-rerun-20260610-fixed-synthetic-clean-nats-p1024-c8-rep2-sink-summary.json
  Warning: missing result artifact /results/rq1-rerun-20260610-fixed-synthetic-clean-nats-p1024-c8-rep2-sink-analysis.json
  Warning: missing result artifact /home/nebur/Streaming_Techniques_Experiment/experiments/grpc-streaming-baseline/results/rq1-rerun-20260610-fixed-synthetic-clean-nats-p1024-c8-rep2-producer-result.json
  Warning: missing result artifact /home/nebur/Streaming_Techniques_Experiment/experiments/grpc-streaming-baseline/results/rq1-rerun-20260610-fixed-synthetic-clean-nats-p1024-c8-rep2-sink-summary.json
  CASE FAILED (missing artifacts), continuing: rq1-rerun-20260610-fixed-synthetic-clean-nats-p1024-c8-rep2
Exporting summary CSV...
Wrote result summary to \\wsl.localhost\Ubuntu\home\nebur\Streaming_Techniques_Experiment\experiments\grpc-streaming-baseline\results\rq1-rerun-20260610-fixed-synthetic-clean-summary.csv
Finished preset: synthetic-clean
@@@ STEP [5m] S2 kafka clean p256
namespace/streaming-experiments unchanged
persistentvolumeclaim/experiment-results unchanged
Cleaning up broker workloads before applying overlay...
namespace/streaming-experiments unchanged
configmap/grpc-stream-nats-config unchanged
configmap/grpc-stream-rabbitmq-config unchanged
configmap/grpc-streaming-baseline-config configured
service/grpc-stream-kafka unchanged
service/grpc-stream-nats unchanged
service/grpc-stream-rabbitmq unchanged
service/grpc-stream-sink unchanged
service/grpc-stream-transformer unchanged
persistentvolumeclaim/experiment-results unchanged
deployment.apps/grpc-stream-kafka created
deployment.apps/grpc-stream-nats created
deployment.apps/grpc-stream-rabbitmq created
deployment.apps/grpc-stream-sink unchanged
deployment.apps/grpc-stream-transformer unchanged
job.batch/grpc-stream-producer created
  Waiting for sink and transformer to be ready...
deployment "grpc-stream-sink" successfully rolled out
deployment "grpc-stream-transformer" successfully rolled out
Starting preset: synthetic-clean (overlay: resource-medium-single-2g, repeat: 1, transport: kafka)
━━━ Running: rq1-rerun-20260610-fixed-synthetic-clean-kafka-p256-c1-rep1 ━━━
configmap/grpc-streaming-baseline-config configured
deployment.apps/grpc-stream-kafka restarted
  Waiting for Kafka to be ready...
Waiting for deployment "grpc-stream-kafka" rollout to finish: 1 old replicas are pending termination...
Waiting for deployment "grpc-stream-kafka" rollout to finish: 1 old replicas are pending termination...
Waiting for deployment "grpc-stream-kafka" rollout to finish: 1 old replicas are pending termination...
deployment "grpc-stream-kafka" successfully rolled out
deployment.apps/grpc-stream-sink restarted
deployment.apps/grpc-stream-transformer restarted
  Waiting for sink and transformer to be ready...
Waiting for deployment "grpc-stream-sink" rollout to finish: 1 old replicas are pending termination...
Waiting for deployment "grpc-stream-sink" rollout to finish: 1 old replicas are pending termination...
deployment "grpc-stream-sink" successfully rolled out
deployment "grpc-stream-transformer" successfully rolled out
  Waiting for Kafka to be ready...
deployment "grpc-stream-kafka" successfully rolled out
job.batch/grpc-stream-producer created
  Waiting for producer job to complete...
job.batch/grpc-stream-producer condition met
tar: Removing leading `/' from member names
  Warning: missing result artifact /results/rq1-rerun-20260610-fixed-synthetic-clean-kafka-p256-c1-rep1-sink-analysis.json
  Done: rq1-rerun-20260610-fixed-synthetic-clean-kafka-p256-c1-rep1
━━━ Running: rq1-rerun-20260610-fixed-synthetic-clean-kafka-p256-c4-rep1 ━━━
configmap/grpc-streaming-baseline-config configured
deployment.apps/grpc-stream-kafka restarted
  Waiting for Kafka to be ready...
Waiting for deployment "grpc-stream-kafka" rollout to finish: 1 old replicas are pending termination...
Waiting for deployment "grpc-stream-kafka" rollout to finish: 1 old replicas are pending termination...
deployment "grpc-stream-kafka" successfully rolled out
deployment.apps/grpc-stream-sink restarted
deployment.apps/grpc-stream-transformer restarted
  Waiting for sink and transformer to be ready...
Waiting for deployment "grpc-stream-sink" rollout to finish: 1 old replicas are pending termination...
Waiting for deployment "grpc-stream-sink" rollout to finish: 1 old replicas are pending termination...
deployment "grpc-stream-sink" successfully rolled out
Waiting for deployment "grpc-stream-transformer" rollout to finish: 1 old replicas are pending termination...
deployment "grpc-stream-transformer" successfully rolled out
  Waiting for Kafka to be ready...
deployment "grpc-stream-kafka" successfully rolled out
job.batch/grpc-stream-producer created
  Waiting for producer job to complete...
job.batch/grpc-stream-producer condition met
tar: Removing leading `/' from member names
tar: Removing leading `/' from member names
  Warning: missing result artifact /results/rq1-rerun-20260610-fixed-synthetic-clean-kafka-p256-c4-rep1-sink-analysis.json
  Done: rq1-rerun-20260610-fixed-synthetic-clean-kafka-p256-c4-rep1
━━━ Running: rq1-rerun-20260610-fixed-synthetic-clean-kafka-p256-c8-rep1 ━━━
configmap/grpc-streaming-baseline-config configured
deployment.apps/grpc-stream-kafka restarted
  Waiting for Kafka to be ready...
Waiting for deployment "grpc-stream-kafka" rollout to finish: 1 old replicas are pending termination...
Waiting for deployment "grpc-stream-kafka" rollout to finish: 1 old replicas are pending termination...
deployment "grpc-stream-kafka" successfully rolled out
deployment.apps/grpc-stream-sink restarted
deployment.apps/grpc-stream-transformer restarted
  Waiting for sink and transformer to be ready...
Waiting for deployment "grpc-stream-sink" rollout to finish: 1 old replicas are pending termination...
Waiting for deployment "grpc-stream-sink" rollout to finish: 1 old replicas are pending termination...
deployment "grpc-stream-sink" successfully rolled out
Waiting for deployment "grpc-stream-transformer" rollout to finish: 1 old replicas are pending termination...
deployment "grpc-stream-transformer" successfully rolled out
  Waiting for Kafka to be ready...
deployment "grpc-stream-kafka" successfully rolled out
job.batch/grpc-stream-producer created
  Waiting for producer job to complete...
job.batch/grpc-stream-producer condition met
tar: Removing leading `/' from member names
tar: Removing leading `/' from member names
  Warning: missing result artifact /results/rq1-rerun-20260610-fixed-synthetic-clean-kafka-p256-c8-rep1-sink-analysis.json
  Done: rq1-rerun-20260610-fixed-synthetic-clean-kafka-p256-c8-rep1
━━━ Running: rq1-rerun-20260610-fixed-synthetic-clean-kafka-p256-c16-rep1 ━━━
configmap/grpc-streaming-baseline-config configured
deployment.apps/grpc-stream-kafka restarted
  Waiting for Kafka to be ready...
Waiting for deployment "grpc-stream-kafka" rollout to finish: 1 old replicas are pending termination...
Waiting for deployment "grpc-stream-kafka" rollout to finish: 1 old replicas are pending termination...
deployment "grpc-stream-kafka" successfully rolled out
deployment.apps/grpc-stream-sink restarted
deployment.apps/grpc-stream-transformer restarted
  Waiting for sink and transformer to be ready...
Waiting for deployment "grpc-stream-sink" rollout to finish: 1 old replicas are pending termination...
Waiting for deployment "grpc-stream-sink" rollout to finish: 1 old replicas are pending termination...
deployment "grpc-stream-sink" successfully rolled out
Waiting for deployment "grpc-stream-transformer" rollout to finish: 1 old replicas are pending termination...
Waiting for deployment "grpc-stream-transformer" rollout to finish: 1 old replicas are pending termination...
deployment "grpc-stream-transformer" successfully rolled out
  Waiting for Kafka to be ready...
deployment "grpc-stream-kafka" successfully rolled out
job.batch/grpc-stream-producer created
  Waiting for producer job to complete...
job.batch/grpc-stream-producer condition met
tar: Removing leading `/' from member names
  Warning: missing result artifact /results/rq1-rerun-20260610-fixed-synthetic-clean-kafka-p256-c16-rep1-sink-analysis.json
  Done: rq1-rerun-20260610-fixed-synthetic-clean-kafka-p256-c16-rep1
Exporting summary CSV...
Wrote result summary to \\wsl.localhost\Ubuntu\home\nebur\Streaming_Techniques_Experiment\experiments\grpc-streaming-baseline\results\rq1-rerun-20260610-fixed-synthetic-clean-summary.csv
Finished preset: synthetic-clean
@@@ STEP [10m] S3 kafka clean p1024
namespace/streaming-experiments unchanged
persistentvolumeclaim/experiment-results unchanged
Cleaning up broker workloads before applying overlay...
namespace/streaming-experiments unchanged
configmap/grpc-stream-nats-config unchanged
configmap/grpc-stream-rabbitmq-config unchanged
configmap/grpc-streaming-baseline-config configured
service/grpc-stream-kafka unchanged
service/grpc-stream-nats unchanged
service/grpc-stream-rabbitmq unchanged
service/grpc-stream-sink unchanged
service/grpc-stream-transformer unchanged
persistentvolumeclaim/experiment-results unchanged
deployment.apps/grpc-stream-kafka created
deployment.apps/grpc-stream-nats created
deployment.apps/grpc-stream-rabbitmq created
deployment.apps/grpc-stream-sink unchanged
deployment.apps/grpc-stream-transformer unchanged
job.batch/grpc-stream-producer created
  Waiting for sink and transformer to be ready...
deployment "grpc-stream-sink" successfully rolled out
deployment "grpc-stream-transformer" successfully rolled out
Starting preset: synthetic-clean (overlay: resource-medium-single-2g, repeat: 1, transport: kafka)
━━━ Running: rq1-rerun-20260610-fixed-synthetic-clean-kafka-p1024-c1-rep1 ━━━
configmap/grpc-streaming-baseline-config configured
deployment.apps/grpc-stream-kafka restarted
  Waiting for Kafka to be ready...
Waiting for deployment "grpc-stream-kafka" rollout to finish: 1 old replicas are pending termination...
Waiting for deployment "grpc-stream-kafka" rollout to finish: 1 old replicas are pending termination...
Waiting for deployment "grpc-stream-kafka" rollout to finish: 1 old replicas are pending termination...
deployment "grpc-stream-kafka" successfully rolled out
deployment.apps/grpc-stream-sink restarted
deployment.apps/grpc-stream-transformer restarted
  Waiting for sink and transformer to be ready...
Waiting for deployment "grpc-stream-sink" rollout to finish: 1 old replicas are pending termination...
Waiting for deployment "grpc-stream-sink" rollout to finish: 1 old replicas are pending termination...
deployment "grpc-stream-sink" successfully rolled out
Waiting for deployment "grpc-stream-transformer" rollout to finish: 1 old replicas are pending termination...
Waiting for deployment "grpc-stream-transformer" rollout to finish: 1 old replicas are pending termination...
deployment "grpc-stream-transformer" successfully rolled out
  Waiting for Kafka to be ready...
deployment "grpc-stream-kafka" successfully rolled out
job.batch/grpc-stream-producer created
  Waiting for producer job to complete...
job.batch/grpc-stream-producer condition met
tar: Removing leading `/' from member names
tar: Removing leading `/' from member names
  Warning: missing result artifact /results/rq1-rerun-20260610-fixed-synthetic-clean-kafka-p1024-c1-rep1-sink-analysis.json
  Done: rq1-rerun-20260610-fixed-synthetic-clean-kafka-p1024-c1-rep1
━━━ Running: rq1-rerun-20260610-fixed-synthetic-clean-kafka-p1024-c4-rep1 ━━━
configmap/grpc-streaming-baseline-config configured
deployment.apps/grpc-stream-kafka restarted
  Waiting for Kafka to be ready...
Waiting for deployment "grpc-stream-kafka" rollout to finish: 1 old replicas are pending termination...
Waiting for deployment "grpc-stream-kafka" rollout to finish: 1 old replicas are pending termination...
deployment "grpc-stream-kafka" successfully rolled out
deployment.apps/grpc-stream-sink restarted
deployment.apps/grpc-stream-transformer restarted
  Waiting for sink and transformer to be ready...
Waiting for deployment "grpc-stream-sink" rollout to finish: 1 old replicas are pending termination...
Waiting for deployment "grpc-stream-sink" rollout to finish: 1 old replicas are pending termination...
deployment "grpc-stream-sink" successfully rolled out
Waiting for deployment "grpc-stream-transformer" rollout to finish: 1 old replicas are pending termination...
Waiting for deployment "grpc-stream-transformer" rollout to finish: 1 old replicas are pending termination...
deployment "grpc-stream-transformer" successfully rolled out
  Waiting for Kafka to be ready...
deployment "grpc-stream-kafka" successfully rolled out
job.batch/grpc-stream-producer created
  Waiting for producer job to complete...
job.batch/grpc-stream-producer condition met
tar: Removing leading `/' from member names
  Warning: missing result artifact /results/rq1-rerun-20260610-fixed-synthetic-clean-kafka-p1024-c4-rep1-sink-analysis.json
  Done: rq1-rerun-20260610-fixed-synthetic-clean-kafka-p1024-c4-rep1
━━━ Running: rq1-rerun-20260610-fixed-synthetic-clean-kafka-p1024-c8-rep1 ━━━
configmap/grpc-streaming-baseline-config configured
deployment.apps/grpc-stream-kafka restarted
  Waiting for Kafka to be ready...
Waiting for deployment "grpc-stream-kafka" rollout to finish: 1 old replicas are pending termination...
Waiting for deployment "grpc-stream-kafka" rollout to finish: 1 old replicas are pending termination...
deployment "grpc-stream-kafka" successfully rolled out
deployment.apps/grpc-stream-sink restarted
deployment.apps/grpc-stream-transformer restarted
  Waiting for sink and transformer to be ready...
Waiting for deployment "grpc-stream-sink" rollout to finish: 1 old replicas are pending termination...
Waiting for deployment "grpc-stream-sink" rollout to finish: 1 old replicas are pending termination...
deployment "grpc-stream-sink" successfully rolled out
deployment "grpc-stream-transformer" successfully rolled out
  Waiting for Kafka to be ready...
deployment "grpc-stream-kafka" successfully rolled out
job.batch/grpc-stream-producer created
  Waiting for producer job to complete...
job.batch/grpc-stream-producer condition met
tar: Removing leading `/' from member names
tar: Removing leading `/' from member names
  Warning: missing result artifact /results/rq1-rerun-20260610-fixed-synthetic-clean-kafka-p1024-c8-rep1-sink-analysis.json
  Done: rq1-rerun-20260610-fixed-synthetic-clean-kafka-p1024-c8-rep1
━━━ Running: rq1-rerun-20260610-fixed-synthetic-clean-kafka-p1024-c16-rep1 ━━━
configmap/grpc-streaming-baseline-config configured
deployment.apps/grpc-stream-kafka restarted
  Waiting for Kafka to be ready...
Waiting for deployment "grpc-stream-kafka" rollout to finish: 1 old replicas are pending termination...
Waiting for deployment "grpc-stream-kafka" rollout to finish: 1 old replicas are pending termination...
deployment "grpc-stream-kafka" successfully rolled out
deployment.apps/grpc-stream-sink restarted
deployment.apps/grpc-stream-transformer restarted
  Waiting for sink and transformer to be ready...
Waiting for deployment "grpc-stream-sink" rollout to finish: 1 old replicas are pending termination...
Waiting for deployment "grpc-stream-sink" rollout to finish: 1 old replicas are pending termination...
deployment "grpc-stream-sink" successfully rolled out
Waiting for deployment "grpc-stream-transformer" rollout to finish: 1 old replicas are pending termination...
Waiting for deployment "grpc-stream-transformer" rollout to finish: 1 old replicas are pending termination...
deployment "grpc-stream-transformer" successfully rolled out
  Waiting for Kafka to be ready...
deployment "grpc-stream-kafka" successfully rolled out
job.batch/grpc-stream-producer created
  Waiting for producer job to complete...
job.batch/grpc-stream-producer condition met
tar: Removing leading `/' from member names
tar: Removing leading `/' from member names
  Warning: missing result artifact /results/rq1-rerun-20260610-fixed-synthetic-clean-kafka-p1024-c16-rep1-sink-analysis.json
  Done: rq1-rerun-20260610-fixed-synthetic-clean-kafka-p1024-c16-rep1
Exporting summary CSV...
Wrote result summary to \\wsl.localhost\Ubuntu\home\nebur\Streaming_Techniques_Experiment\experiments\grpc-streaming-baseline\results\rq1-rerun-20260610-fixed-synthetic-clean-summary.csv
Finished preset: synthetic-clean
@@@ STEP [14m] S4 kafka clean p4096
namespace/streaming-experiments unchanged
persistentvolumeclaim/experiment-results unchanged
Cleaning up broker workloads before applying overlay...
namespace/streaming-experiments unchanged
configmap/grpc-stream-nats-config unchanged
configmap/grpc-stream-rabbitmq-config unchanged
configmap/grpc-streaming-baseline-config configured
service/grpc-stream-kafka unchanged
service/grpc-stream-nats unchanged
service/grpc-stream-rabbitmq unchanged
service/grpc-stream-sink unchanged
service/grpc-stream-transformer unchanged
persistentvolumeclaim/experiment-results unchanged
deployment.apps/grpc-stream-kafka created
deployment.apps/grpc-stream-nats created
deployment.apps/grpc-stream-rabbitmq created
deployment.apps/grpc-stream-sink unchanged
deployment.apps/grpc-stream-transformer unchanged
job.batch/grpc-stream-producer created
  Waiting for sink and transformer to be ready...
deployment "grpc-stream-sink" successfully rolled out
deployment "grpc-stream-transformer" successfully rolled out
Starting preset: synthetic-clean (overlay: resource-medium-single-2g, repeat: 1, transport: kafka)
━━━ Running: rq1-rerun-20260610-fixed-synthetic-clean-kafka-p4096-c1-rep1 ━━━
configmap/grpc-streaming-baseline-config configured
deployment.apps/grpc-stream-kafka restarted
  Waiting for Kafka to be ready...
Waiting for deployment "grpc-stream-kafka" rollout to finish: 1 old replicas are pending termination...
Waiting for deployment "grpc-stream-kafka" rollout to finish: 1 old replicas are pending termination...
Waiting for deployment "grpc-stream-kafka" rollout to finish: 1 old replicas are pending termination...
deployment "grpc-stream-kafka" successfully rolled out
deployment.apps/grpc-stream-sink restarted
deployment.apps/grpc-stream-transformer restarted
  Waiting for sink and transformer to be ready...
Waiting for deployment "grpc-stream-sink" rollout to finish: 1 old replicas are pending termination...
Waiting for deployment "grpc-stream-sink" rollout to finish: 1 old replicas are pending termination...
deployment "grpc-stream-sink" successfully rolled out
Waiting for deployment "grpc-stream-transformer" rollout to finish: 1 old replicas are pending termination...
Waiting for deployment "grpc-stream-transformer" rollout to finish: 1 old replicas are pending termination...
deployment "grpc-stream-transformer" successfully rolled out
  Waiting for Kafka to be ready...
deployment "grpc-stream-kafka" successfully rolled out
job.batch/grpc-stream-producer created
  Waiting for producer job to complete...
job.batch/grpc-stream-producer condition met
tar: Removing leading `/' from member names
tar: Removing leading `/' from member names
  Warning: missing result artifact /results/rq1-rerun-20260610-fixed-synthetic-clean-kafka-p4096-c1-rep1-sink-analysis.json
  Done: rq1-rerun-20260610-fixed-synthetic-clean-kafka-p4096-c1-rep1
━━━ Running: rq1-rerun-20260610-fixed-synthetic-clean-kafka-p4096-c4-rep1 ━━━
configmap/grpc-streaming-baseline-config configured
deployment.apps/grpc-stream-kafka restarted
  Waiting for Kafka to be ready...
Waiting for deployment "grpc-stream-kafka" rollout to finish: 1 old replicas are pending termination...
Waiting for deployment "grpc-stream-kafka" rollout to finish: 1 old replicas are pending termination...
deployment "grpc-stream-kafka" successfully rolled out
deployment.apps/grpc-stream-sink restarted
deployment.apps/grpc-stream-transformer restarted
  Waiting for sink and transformer to be ready...
Waiting for deployment "grpc-stream-sink" rollout to finish: 1 old replicas are pending termination...
Waiting for deployment "grpc-stream-sink" rollout to finish: 1 old replicas are pending termination...
deployment "grpc-stream-sink" successfully rolled out
deployment "grpc-stream-transformer" successfully rolled out
  Waiting for Kafka to be ready...
deployment "grpc-stream-kafka" successfully rolled out
job.batch/grpc-stream-producer created
  Waiting for producer job to complete...
job.batch/grpc-stream-producer condition met
tar: Removing leading `/' from member names
  Warning: missing result artifact /results/rq1-rerun-20260610-fixed-synthetic-clean-kafka-p4096-c4-rep1-sink-analysis.json
  Done: rq1-rerun-20260610-fixed-synthetic-clean-kafka-p4096-c4-rep1
━━━ Running: rq1-rerun-20260610-fixed-synthetic-clean-kafka-p4096-c8-rep1 ━━━
configmap/grpc-streaming-baseline-config configured
deployment.apps/grpc-stream-kafka restarted
  Waiting for Kafka to be ready...
Waiting for deployment "grpc-stream-kafka" rollout to finish: 1 old replicas are pending termination...
Waiting for deployment "grpc-stream-kafka" rollout to finish: 1 old replicas are pending termination...
deployment "grpc-stream-kafka" successfully rolled out
deployment.apps/grpc-stream-sink restarted
deployment.apps/grpc-stream-transformer restarted
  Waiting for sink and transformer to be ready...
Waiting for deployment "grpc-stream-sink" rollout to finish: 1 old replicas are pending termination...
Waiting for deployment "grpc-stream-sink" rollout to finish: 1 old replicas are pending termination...
deployment "grpc-stream-sink" successfully rolled out
deployment "grpc-stream-transformer" successfully rolled out
  Waiting for Kafka to be ready...
deployment "grpc-stream-kafka" successfully rolled out
job.batch/grpc-stream-producer created
  Waiting for producer job to complete...
job.batch/grpc-stream-producer condition met
tar: Removing leading `/' from member names
  Warning: missing result artifact /results/rq1-rerun-20260610-fixed-synthetic-clean-kafka-p4096-c8-rep1-sink-analysis.json
  Done: rq1-rerun-20260610-fixed-synthetic-clean-kafka-p4096-c8-rep1
━━━ Running: rq1-rerun-20260610-fixed-synthetic-clean-kafka-p4096-c16-rep1 ━━━
configmap/grpc-streaming-baseline-config configured
deployment.apps/grpc-stream-kafka restarted
  Waiting for Kafka to be ready...
Waiting for deployment "grpc-stream-kafka" rollout to finish: 1 old replicas are pending termination...
Waiting for deployment "grpc-stream-kafka" rollout to finish: 1 old replicas are pending termination...
deployment "grpc-stream-kafka" successfully rolled out
deployment.apps/grpc-stream-sink restarted
deployment.apps/grpc-stream-transformer restarted
  Waiting for sink and transformer to be ready...
Waiting for deployment "grpc-stream-sink" rollout to finish: 1 old replicas are pending termination...
Waiting for deployment "grpc-stream-sink" rollout to finish: 1 old replicas are pending termination...
deployment "grpc-stream-sink" successfully rolled out
deployment "grpc-stream-transformer" successfully rolled out
  Waiting for Kafka to be ready...
deployment "grpc-stream-kafka" successfully rolled out
job.batch/grpc-stream-producer created
  Waiting for producer job to complete...
job.batch/grpc-stream-producer condition met
tar: Removing leading `/' from member names
  Warning: missing result artifact /results/rq1-rerun-20260610-fixed-synthetic-clean-kafka-p4096-c16-rep1-sink-analysis.json
  Done: rq1-rerun-20260610-fixed-synthetic-clean-kafka-p4096-c16-rep1
Exporting summary CSV...
Wrote result summary to \\wsl.localhost\Ubuntu\home\nebur\Streaming_Techniques_Experiment\experiments\grpc-streaming-baseline\results\rq1-rerun-20260610-fixed-synthetic-clean-summary.csv
Finished preset: synthetic-clean
@@@ STEP [19m] S5 kafka clean p16384
namespace/streaming-experiments unchanged
persistentvolumeclaim/experiment-results unchanged
Cleaning up broker workloads before applying overlay...
namespace/streaming-experiments unchanged
configmap/grpc-stream-nats-config unchanged
configmap/grpc-stream-rabbitmq-config unchanged
configmap/grpc-streaming-baseline-config configured
service/grpc-stream-kafka unchanged
service/grpc-stream-nats unchanged
service/grpc-stream-rabbitmq unchanged
service/grpc-stream-sink unchanged
service/grpc-stream-transformer unchanged
persistentvolumeclaim/experiment-results unchanged
deployment.apps/grpc-stream-kafka created
deployment.apps/grpc-stream-nats created
deployment.apps/grpc-stream-rabbitmq created
deployment.apps/grpc-stream-sink unchanged
deployment.apps/grpc-stream-transformer unchanged
job.batch/grpc-stream-producer created
  Waiting for sink and transformer to be ready...
deployment "grpc-stream-sink" successfully rolled out
deployment "grpc-stream-transformer" successfully rolled out
Starting preset: synthetic-clean (overlay: resource-medium-single-2g, repeat: 1, transport: kafka)
━━━ Running: rq1-rerun-20260610-fixed-synthetic-clean-kafka-p16384-c1-rep1 ━━━
configmap/grpc-streaming-baseline-config configured
deployment.apps/grpc-stream-kafka restarted
  Waiting for Kafka to be ready...
Waiting for deployment "grpc-stream-kafka" rollout to finish: 1 old replicas are pending termination...
Waiting for deployment "grpc-stream-kafka" rollout to finish: 1 old replicas are pending termination...
Waiting for deployment "grpc-stream-kafka" rollout to finish: 1 old replicas are pending termination...
deployment "grpc-stream-kafka" successfully rolled out
deployment.apps/grpc-stream-sink restarted
deployment.apps/grpc-stream-transformer restarted
  Waiting for sink and transformer to be ready...
Waiting for deployment "grpc-stream-sink" rollout to finish: 1 old replicas are pending termination...
Waiting for deployment "grpc-stream-sink" rollout to finish: 1 old replicas are pending termination...
deployment "grpc-stream-sink" successfully rolled out
Waiting for deployment "grpc-stream-transformer" rollout to finish: 1 old replicas are pending termination...
Waiting for deployment "grpc-stream-transformer" rollout to finish: 1 old replicas are pending termination...
deployment "grpc-stream-transformer" successfully rolled out
  Waiting for Kafka to be ready...
deployment "grpc-stream-kafka" successfully rolled out
job.batch/grpc-stream-producer created
  Waiting for producer job to complete...
job.batch/grpc-stream-producer condition met
tar: Removing leading `/' from member names
tar: Removing leading `/' from member names
  Warning: missing result artifact /results/rq1-rerun-20260610-fixed-synthetic-clean-kafka-p16384-c1-rep1-sink-analysis.json
  Done: rq1-rerun-20260610-fixed-synthetic-clean-kafka-p16384-c1-rep1
━━━ Running: rq1-rerun-20260610-fixed-synthetic-clean-kafka-p16384-c4-rep1 ━━━
configmap/grpc-streaming-baseline-config configured
deployment.apps/grpc-stream-kafka restarted
  Waiting for Kafka to be ready...
Waiting for deployment "grpc-stream-kafka" rollout to finish: 1 old replicas are pending termination...
Waiting for deployment "grpc-stream-kafka" rollout to finish: 1 old replicas are pending termination...
deployment "grpc-stream-kafka" successfully rolled out
deployment.apps/grpc-stream-sink restarted
deployment.apps/grpc-stream-transformer restarted
  Waiting for sink and transformer to be ready...
Waiting for deployment "grpc-stream-sink" rollout to finish: 1 old replicas are pending termination...
Waiting for deployment "grpc-stream-sink" rollout to finish: 1 old replicas are pending termination...
deployment "grpc-stream-sink" successfully rolled out
deployment "grpc-stream-transformer" successfully rolled out
  Waiting for Kafka to be ready...
deployment "grpc-stream-kafka" successfully rolled out
job.batch/grpc-stream-producer created
  Waiting for producer job to complete...
job.batch/grpc-stream-producer condition met
  Warning: missing result artifact /results/rq1-rerun-20260610-fixed-synthetic-clean-kafka-p16384-c4-rep1-sink-analysis.json
  Done: rq1-rerun-20260610-fixed-synthetic-clean-kafka-p16384-c4-rep1
━━━ Running: rq1-rerun-20260610-fixed-synthetic-clean-kafka-p16384-c8-rep1 ━━━
configmap/grpc-streaming-baseline-config configured
deployment.apps/grpc-stream-kafka restarted
  Waiting for Kafka to be ready...
Waiting for deployment "grpc-stream-kafka" rollout to finish: 1 old replicas are pending termination...
Waiting for deployment "grpc-stream-kafka" rollout to finish: 1 old replicas are pending termination...
deployment "grpc-stream-kafka" successfully rolled out
deployment.apps/grpc-stream-sink restarted
deployment.apps/grpc-stream-transformer restarted
  Waiting for sink and transformer to be ready...
Waiting for deployment "grpc-stream-sink" rollout to finish: 1 old replicas are pending termination...
Waiting for deployment "grpc-stream-sink" rollout to finish: 1 old replicas are pending termination...
deployment "grpc-stream-sink" successfully rolled out
deployment "grpc-stream-transformer" successfully rolled out
  Waiting for Kafka to be ready...
deployment "grpc-stream-kafka" successfully rolled out
job.batch/grpc-stream-producer created
  Waiting for producer job to complete...
job.batch/grpc-stream-producer condition met
tar: Removing leading `/' from member names
tar: Removing leading `/' from member names
  Warning: missing result artifact /results/rq1-rerun-20260610-fixed-synthetic-clean-kafka-p16384-c8-rep1-sink-analysis.json
  Done: rq1-rerun-20260610-fixed-synthetic-clean-kafka-p16384-c8-rep1
━━━ Running: rq1-rerun-20260610-fixed-synthetic-clean-kafka-p16384-c16-rep1 ━━━
configmap/grpc-streaming-baseline-config configured
deployment.apps/grpc-stream-kafka restarted
  Waiting for Kafka to be ready...
Waiting for deployment "grpc-stream-kafka" rollout to finish: 1 old replicas are pending termination...
Waiting for deployment "grpc-stream-kafka" rollout to finish: 1 old replicas are pending termination...
deployment "grpc-stream-kafka" successfully rolled out
deployment.apps/grpc-stream-sink restarted
deployment.apps/grpc-stream-transformer restarted
  Waiting for sink and transformer to be ready...
Waiting for deployment "grpc-stream-sink" rollout to finish: 1 old replicas are pending termination...
Waiting for deployment "grpc-stream-sink" rollout to finish: 1 old replicas are pending termination...
deployment "grpc-stream-sink" successfully rolled out
Waiting for deployment "grpc-stream-transformer" rollout to finish: 1 old replicas are pending termination...
Waiting for deployment "grpc-stream-transformer" rollout to finish: 1 old replicas are pending termination...
deployment "grpc-stream-transformer" successfully rolled out
  Waiting for Kafka to be ready...
deployment "grpc-stream-kafka" successfully rolled out
