namespace/streaming-experiments unchanged
persistentvolumeclaim/experiment-results unchanged
Cleaning up broker workloads before applying overlay...
namespace/streaming-experiments unchanged
configmap/grpc-stream-nats-config unchanged
configmap/grpc-stream-rabbitmq-config unchanged
configmap/grpc-streaming-baseline-config configured
service/grpc-stream-kafka unchanged
service/grpc-stream-nats unchanged
service/grpc-stream-rabbitmq unchanged
service/grpc-stream-sink unchanged
service/grpc-stream-transformer unchanged
persistentvolumeclaim/experiment-results unchanged
deployment.apps/grpc-stream-kafka created
deployment.apps/grpc-stream-nats created
deployment.apps/grpc-stream-rabbitmq created
deployment.apps/grpc-stream-sink unchanged
deployment.apps/grpc-stream-transformer unchanged
job.batch/grpc-stream-producer created
  Waiting for sink and transformer to be ready...
deployment "grpc-stream-sink" successfully rolled out
deployment "grpc-stream-transformer" successfully rolled out
Starting preset: synthetic-clean (overlay: resource-medium-single-2g, repeat: 5, transport: all)
═══ Repetition 1/5 ═══
━━━ Running: rq1-concept5-clean-20260615-synthetic-clean-stream-p256-c1-rep1 ━━━
configmap/grpc-streaming-baseline-config configured
deployment.apps/grpc-stream-sink restarted
deployment.apps/grpc-stream-transformer restarted
  Waiting for sink and transformer to be ready...
Waiting for deployment "grpc-stream-sink" rollout to finish: 1 old replicas are pending termination...
Waiting for deployment "grpc-stream-sink" rollout to finish: 1 old replicas are pending termination...
deployment "grpc-stream-sink" successfully rolled out
deployment "grpc-stream-transformer" successfully rolled out
job.batch/grpc-stream-producer created
  Waiting for producer job to complete...
job.batch/grpc-stream-producer condition met
tar: Removing leading `/' from member names
tar: Removing leading `/' from member names
  Warning: missing result artifact /results/rq1-concept5-clean-20260615-synthetic-clean-stream-p256-c1-rep1-sink-analysis.json
  Done: rq1-concept5-clean-20260615-synthetic-clean-stream-p256-c1-rep1
━━━ Running: rq1-concept5-clean-20260615-synthetic-clean-stream-p256-c4-rep1 ━━━
configmap/grpc-streaming-baseline-config configured
deployment.apps/grpc-stream-sink restarted
deployment.apps/grpc-stream-transformer restarted
  Waiting for sink and transformer to be ready...
Waiting for deployment "grpc-stream-sink" rollout to finish: 1 old replicas are pending termination...
Waiting for deployment "grpc-stream-sink" rollout to finish: 1 old replicas are pending termination...
deployment "grpc-stream-sink" successfully rolled out
deployment "grpc-stream-transformer" successfully rolled out
job.batch/grpc-stream-producer created
  Waiting for producer job to complete...
job.batch/grpc-stream-producer condition met
tar: Removing leading `/' from member names
tar: Removing leading `/' from member names
  Warning: missing result artifact /results/rq1-concept5-clean-20260615-synthetic-clean-stream-p256-c4-rep1-sink-analysis.json
  Done: rq1-concept5-clean-20260615-synthetic-clean-stream-p256-c4-rep1
━━━ Running: rq1-concept5-clean-20260615-synthetic-clean-stream-p256-c8-rep1 ━━━
configmap/grpc-streaming-baseline-config configured
deployment.apps/grpc-stream-sink restarted
deployment.apps/grpc-stream-transformer restarted
  Waiting for sink and transformer to be ready...
Waiting for deployment "grpc-stream-sink" rollout to finish: 1 old replicas are pending termination...
Waiting for deployment "grpc-stream-sink" rollout to finish: 1 old replicas are pending termination...
deployment "grpc-stream-sink" successfully rolled out
deployment "grpc-stream-transformer" successfully rolled out
job.batch/grpc-stream-producer created
  Waiting for producer job to complete...
job.batch/grpc-stream-producer condition met
tar: Removing leading `/' from member names
tar: Removing leading `/' from member names
  Warning: missing result artifact /results/rq1-concept5-clean-20260615-synthetic-clean-stream-p256-c8-rep1-sink-analysis.json
  Done: rq1-concept5-clean-20260615-synthetic-clean-stream-p256-c8-rep1
━━━ Running: rq1-concept5-clean-20260615-synthetic-clean-stream-p256-c16-rep1 ━━━
configmap/grpc-streaming-baseline-config configured
deployment.apps/grpc-stream-sink restarted
deployment.apps/grpc-stream-transformer restarted
  Waiting for sink and transformer to be ready...
Waiting for deployment "grpc-stream-sink" rollout to finish: 1 old replicas are pending termination...
Waiting for deployment "grpc-stream-sink" rollout to finish: 1 old replicas are pending termination...
deployment "grpc-stream-sink" successfully rolled out
Waiting for deployment "grpc-stream-transformer" rollout to finish: 1 old replicas are pending termination...
Waiting for deployment "grpc-stream-transformer" rollout to finish: 1 old replicas are pending termination...
deployment "grpc-stream-transformer" successfully rolled out
job.batch/grpc-stream-producer created
  Waiting for producer job to complete...
job.batch/grpc-stream-producer condition met
tar: Removing leading `/' from member names
tar: Removing leading `/' from member names
  Warning: missing result artifact /results/rq1-concept5-clean-20260615-synthetic-clean-stream-p256-c16-rep1-sink-analysis.json
  Done: rq1-concept5-clean-20260615-synthetic-clean-stream-p256-c16-rep1
━━━ Running: rq1-concept5-clean-20260615-synthetic-clean-stream-p1024-c1-rep1 ━━━
configmap/grpc-streaming-baseline-config configured
deployment.apps/grpc-stream-sink restarted
deployment.apps/grpc-stream-transformer restarted
  Waiting for sink and transformer to be ready...
Waiting for deployment "grpc-stream-sink" rollout to finish: 1 old replicas are pending termination...
Waiting for deployment "grpc-stream-sink" rollout to finish: 1 old replicas are pending termination...
deployment "grpc-stream-sink" successfully rolled out
deployment "grpc-stream-transformer" successfully rolled out
job.batch/grpc-stream-producer created
  Waiting for producer job to complete...
job.batch/grpc-stream-producer condition met
tar: Removing leading `/' from member names
tar: Removing leading `/' from member names
  Warning: missing result artifact /results/rq1-concept5-clean-20260615-synthetic-clean-stream-p1024-c1-rep1-sink-analysis.json
  Done: rq1-concept5-clean-20260615-synthetic-clean-stream-p1024-c1-rep1
━━━ Running: rq1-concept5-clean-20260615-synthetic-clean-stream-p1024-c4-rep1 ━━━
configmap/grpc-streaming-baseline-config configured
deployment.apps/grpc-stream-sink restarted
deployment.apps/grpc-stream-transformer restarted
  Waiting for sink and transformer to be ready...
Waiting for deployment "grpc-stream-sink" rollout to finish: 1 old replicas are pending termination...
Waiting for deployment "grpc-stream-sink" rollout to finish: 1 old replicas are pending termination...
deployment "grpc-stream-sink" successfully rolled out
deployment "grpc-stream-transformer" successfully rolled out
job.batch/grpc-stream-producer created
  Waiting for producer job to complete...
job.batch/grpc-stream-producer condition met
tar: Removing leading `/' from member names
  Warning: missing result artifact /results/rq1-concept5-clean-20260615-synthetic-clean-stream-p1024-c4-rep1-sink-analysis.json
  Done: rq1-concept5-clean-20260615-synthetic-clean-stream-p1024-c4-rep1
━━━ Running: rq1-concept5-clean-20260615-synthetic-clean-stream-p1024-c8-rep1 ━━━
configmap/grpc-streaming-baseline-config configured
deployment.apps/grpc-stream-sink restarted
deployment.apps/grpc-stream-transformer restarted
  Waiting for sink and transformer to be ready...
Waiting for deployment "grpc-stream-sink" rollout to finish: 1 old replicas are pending termination...
Waiting for deployment "grpc-stream-sink" rollout to finish: 1 old replicas are pending termination...
deployment "grpc-stream-sink" successfully rolled out
deployment "grpc-stream-transformer" successfully rolled out
job.batch/grpc-stream-producer created
  Waiting for producer job to complete...
job.batch/grpc-stream-producer condition met
  Warning: missing result artifact /results/rq1-concept5-clean-20260615-synthetic-clean-stream-p1024-c8-rep1-sink-analysis.json
  Done: rq1-concept5-clean-20260615-synthetic-clean-stream-p1024-c8-rep1
━━━ Running: rq1-concept5-clean-20260615-synthetic-clean-stream-p1024-c16-rep1 ━━━
configmap/grpc-streaming-baseline-config configured
deployment.apps/grpc-stream-sink restarted
deployment.apps/grpc-stream-transformer restarted
  Waiting for sink and transformer to be ready...
Waiting for deployment "grpc-stream-sink" rollout to finish: 1 old replicas are pending termination...
Waiting for deployment "grpc-stream-sink" rollout to finish: 1 old replicas are pending termination...
deployment "grpc-stream-sink" successfully rolled out
Waiting for deployment "grpc-stream-transformer" rollout to finish: 1 old replicas are pending termination...
Waiting for deployment "grpc-stream-transformer" rollout to finish: 1 old replicas are pending termination...
deployment "grpc-stream-transformer" successfully rolled out
job.batch/grpc-stream-producer created
  Waiting for producer job to complete...
job.batch/grpc-stream-producer condition met
tar: Removing leading `/' from member names
  Warning: missing result artifact /results/rq1-concept5-clean-20260615-synthetic-clean-stream-p1024-c16-rep1-sink-analysis.json
  Done: rq1-concept5-clean-20260615-synthetic-clean-stream-p1024-c16-rep1
━━━ Running: rq1-concept5-clean-20260615-synthetic-clean-stream-p4096-c1-rep1 ━━━
configmap/grpc-streaming-baseline-config configured
deployment.apps/grpc-stream-sink restarted
deployment.apps/grpc-stream-transformer restarted
  Waiting for sink and transformer to be ready...
Waiting for deployment "grpc-stream-sink" rollout to finish: 1 old replicas are pending termination...
Waiting for deployment "grpc-stream-sink" rollout to finish: 1 old replicas are pending termination...
deployment "grpc-stream-sink" successfully rolled out
deployment "grpc-stream-transformer" successfully rolled out
job.batch/grpc-stream-producer created
  Waiting for producer job to complete...
job.batch/grpc-stream-producer condition met
tar: Removing leading `/' from member names
tar: Removing leading `/' from member names
  Warning: missing result artifact /results/rq1-concept5-clean-20260615-synthetic-clean-stream-p4096-c1-rep1-sink-analysis.json
  Done: rq1-concept5-clean-20260615-synthetic-clean-stream-p4096-c1-rep1
━━━ Running: rq1-concept5-clean-20260615-synthetic-clean-stream-p4096-c4-rep1 ━━━
configmap/grpc-streaming-baseline-config configured
deployment.apps/grpc-stream-sink restarted
deployment.apps/grpc-stream-transformer restarted
  Waiting for sink and transformer to be ready...
Waiting for deployment "grpc-stream-sink" rollout to finish: 1 old replicas are pending termination...
Waiting for deployment "grpc-stream-sink" rollout to finish: 1 old replicas are pending termination...
deployment "grpc-stream-sink" successfully rolled out
deployment "grpc-stream-transformer" successfully rolled out
job.batch/grpc-stream-producer created
  Waiting for producer job to complete...
job.batch/grpc-stream-producer condition met
tar: Removing leading `/' from member names
tar: Removing leading `/' from member names
  Warning: missing result artifact /results/rq1-concept5-clean-20260615-synthetic-clean-stream-p4096-c4-rep1-sink-analysis.json
  Done: rq1-concept5-clean-20260615-synthetic-clean-stream-p4096-c4-rep1
━━━ Running: rq1-concept5-clean-20260615-synthetic-clean-stream-p4096-c8-rep1 ━━━
configmap/grpc-streaming-baseline-config configured
deployment.apps/grpc-stream-sink restarted
deployment.apps/grpc-stream-transformer restarted
  Waiting for sink and transformer to be ready...
Waiting for deployment "grpc-stream-sink" rollout to finish: 1 old replicas are pending termination...
Waiting for deployment "grpc-stream-sink" rollout to finish: 1 old replicas are pending termination...
deployment "grpc-stream-sink" successfully rolled out
deployment "grpc-stream-transformer" successfully rolled out
job.batch/grpc-stream-producer created
  Waiting for producer job to complete...
job.batch/grpc-stream-producer condition met
tar: Removing leading `/' from member names
  Warning: missing result artifact /results/rq1-concept5-clean-20260615-synthetic-clean-stream-p4096-c8-rep1-sink-analysis.json
  Done: rq1-concept5-clean-20260615-synthetic-clean-stream-p4096-c8-rep1
━━━ Running: rq1-concept5-clean-20260615-synthetic-clean-stream-p4096-c16-rep1 ━━━
configmap/grpc-streaming-baseline-config configured
deployment.apps/grpc-stream-sink restarted
deployment.apps/grpc-stream-transformer restarted
  Waiting for sink and transformer to be ready...
Waiting for deployment "grpc-stream-sink" rollout to finish: 1 old replicas are pending termination...
Waiting for deployment "grpc-stream-sink" rollout to finish: 1 old replicas are pending termination...
deployment "grpc-stream-sink" successfully rolled out
deployment "grpc-stream-transformer" successfully rolled out
job.batch/grpc-stream-producer created
  Waiting for producer job to complete...
job.batch/grpc-stream-producer condition met
tar: Removing leading `/' from member names
  Warning: missing result artifact /results/rq1-concept5-clean-20260615-synthetic-clean-stream-p4096-c16-rep1-sink-analysis.json
  Done: rq1-concept5-clean-20260615-synthetic-clean-stream-p4096-c16-rep1
━━━ Running: rq1-concept5-clean-20260615-synthetic-clean-stream-p16384-c1-rep1 ━━━
configmap/grpc-streaming-baseline-config configured
deployment.apps/grpc-stream-sink restarted
deployment.apps/grpc-stream-transformer restarted
  Waiting for sink and transformer to be ready...
Waiting for deployment "grpc-stream-sink" rollout to finish: 1 old replicas are pending termination...
Waiting for deployment "grpc-stream-sink" rollout to finish: 1 old replicas are pending termination...
deployment "grpc-stream-sink" successfully rolled out
deployment "grpc-stream-transformer" successfully rolled out
job.batch/grpc-stream-producer created
  Waiting for producer job to complete...
job.batch/grpc-stream-producer condition met
tar: Removing leading `/' from member names
  Warning: missing result artifact /results/rq1-concept5-clean-20260615-synthetic-clean-stream-p16384-c1-rep1-sink-analysis.json
  Done: rq1-concept5-clean-20260615-synthetic-clean-stream-p16384-c1-rep1
━━━ Running: rq1-concept5-clean-20260615-synthetic-clean-stream-p16384-c4-rep1 ━━━
configmap/grpc-streaming-baseline-config configured
deployment.apps/grpc-stream-sink restarted
deployment.apps/grpc-stream-transformer restarted
  Waiting for sink and transformer to be ready...
Waiting for deployment "grpc-stream-sink" rollout to finish: 1 old replicas are pending termination...
Waiting for deployment "grpc-stream-sink" rollout to finish: 1 old replicas are pending termination...
deployment "grpc-stream-sink" successfully rolled out
deployment "grpc-stream-transformer" successfully rolled out
job.batch/grpc-stream-producer created
  Waiting for producer job to complete...
job.batch/grpc-stream-producer condition met
tar: Removing leading `/' from member names
tar: Removing leading `/' from member names
  Warning: missing result artifact /results/rq1-concept5-clean-20260615-synthetic-clean-stream-p16384-c4-rep1-sink-analysis.json
  Done: rq1-concept5-clean-20260615-synthetic-clean-stream-p16384-c4-rep1
━━━ Running: rq1-concept5-clean-20260615-synthetic-clean-stream-p16384-c8-rep1 ━━━
configmap/grpc-streaming-baseline-config configured
deployment.apps/grpc-stream-sink restarted
deployment.apps/grpc-stream-transformer restarted
  Waiting for sink and transformer to be ready...
Waiting for deployment "grpc-stream-sink" rollout to finish: 1 old replicas are pending termination...
Waiting for deployment "grpc-stream-sink" rollout to finish: 1 old replicas are pending termination...
deployment "grpc-stream-sink" successfully rolled out
deployment "grpc-stream-transformer" successfully rolled out
job.batch/grpc-stream-producer created
  Waiting for producer job to complete...
job.batch/grpc-stream-producer condition met
tar: Removing leading `/' from member names
tar: Removing leading `/' from member names
  Warning: missing result artifact /results/rq1-concept5-clean-20260615-synthetic-clean-stream-p16384-c8-rep1-sink-analysis.json
  Done: rq1-concept5-clean-20260615-synthetic-clean-stream-p16384-c8-rep1
━━━ Running: rq1-concept5-clean-20260615-synthetic-clean-stream-p16384-c16-rep1 ━━━
configmap/grpc-streaming-baseline-config configured
deployment.apps/grpc-stream-sink restarted
deployment.apps/grpc-stream-transformer restarted
  Waiting for sink and transformer to be ready...
Waiting for deployment "grpc-stream-sink" rollout to finish: 1 old replicas are pending termination...
Waiting for deployment "grpc-stream-sink" rollout to finish: 1 old replicas are pending termination...
deployment "grpc-stream-sink" successfully rolled out
Waiting for deployment "grpc-stream-transformer" rollout to finish: 1 old replicas are pending termination...
Waiting for deployment "grpc-stream-transformer" rollout to finish: 1 old replicas are pending termination...
deployment "grpc-stream-transformer" successfully rolled out
job.batch/grpc-stream-producer created
  Waiting for producer job to complete...
job.batch/grpc-stream-producer condition met
tar: Removing leading `/' from member names
  Warning: missing result artifact /results/rq1-concept5-clean-20260615-synthetic-clean-stream-p16384-c16-rep1-sink-analysis.json
  Done: rq1-concept5-clean-20260615-synthetic-clean-stream-p16384-c16-rep1
━━━ Running: rq1-concept5-clean-20260615-synthetic-clean-stream-p262144-c1-rep1 ━━━
configmap/grpc-streaming-baseline-config configured
deployment.apps/grpc-stream-sink restarted
deployment.apps/grpc-stream-transformer restarted
  Waiting for sink and transformer to be ready...
Waiting for deployment "grpc-stream-sink" rollout to finish: 1 old replicas are pending termination...
Waiting for deployment "grpc-stream-sink" rollout to finish: 1 old replicas are pending termination...
deployment "grpc-stream-sink" successfully rolled out
Waiting for deployment "grpc-stream-transformer" rollout to finish: 1 old replicas are pending termination...
Waiting for deployment "grpc-stream-transformer" rollout to finish: 1 old replicas are pending termination...
deployment "grpc-stream-transformer" successfully rolled out
job.batch/grpc-stream-producer created
  Waiting for producer job to complete...
job.batch/grpc-stream-producer condition met
tar: Removing leading `/' from member names
tar: Removing leading `/' from member names
  Warning: missing result artifact /results/rq1-concept5-clean-20260615-synthetic-clean-stream-p262144-c1-rep1-sink-analysis.json
  Done: rq1-concept5-clean-20260615-synthetic-clean-stream-p262144-c1-rep1
━━━ Running: rq1-concept5-clean-20260615-synthetic-clean-stream-p262144-c4-rep1 ━━━
configmap/grpc-streaming-baseline-config configured
deployment.apps/grpc-stream-sink restarted
deployment.apps/grpc-stream-transformer restarted
  Waiting for sink and transformer to be ready...
Waiting for deployment "grpc-stream-sink" rollout to finish: 1 old replicas are pending termination...
Waiting for deployment "grpc-stream-sink" rollout to finish: 1 old replicas are pending termination...
deployment "grpc-stream-sink" successfully rolled out
deployment "grpc-stream-transformer" successfully rolled out
job.batch/grpc-stream-producer created
  Waiting for producer job to complete...
job.batch/grpc-stream-producer condition met
tar: Removing leading `/' from member names
tar: Removing leading `/' from member names
  Warning: missing result artifact /results/rq1-concept5-clean-20260615-synthetic-clean-stream-p262144-c4-rep1-sink-analysis.json
  Done: rq1-concept5-clean-20260615-synthetic-clean-stream-p262144-c4-rep1
━━━ Running: rq1-concept5-clean-20260615-synthetic-clean-stream-p262144-c8-rep1 ━━━
configmap/grpc-streaming-baseline-config configured
deployment.apps/grpc-stream-sink restarted
deployment.apps/grpc-stream-transformer restarted
  Waiting for sink and transformer to be ready...
Waiting for deployment "grpc-stream-sink" rollout to finish: 1 old replicas are pending termination...
Waiting for deployment "grpc-stream-sink" rollout to finish: 1 old replicas are pending termination...
deployment "grpc-stream-sink" successfully rolled out
deployment "grpc-stream-transformer" successfully rolled out
job.batch/grpc-stream-producer created
  Waiting for producer job to complete...
job.batch/grpc-stream-producer condition met
tar: Removing leading `/' from member names
tar: Removing leading `/' from member names
  Warning: missing result artifact /results/rq1-concept5-clean-20260615-synthetic-clean-stream-p262144-c8-rep1-sink-analysis.json
  Done: rq1-concept5-clean-20260615-synthetic-clean-stream-p262144-c8-rep1
━━━ Running: rq1-concept5-clean-20260615-synthetic-clean-stream-p262144-c16-rep1 ━━━
configmap/grpc-streaming-baseline-config configured
deployment.apps/grpc-stream-sink restarted
deployment.apps/grpc-stream-transformer restarted
  Waiting for sink and transformer to be ready...
Waiting for deployment "grpc-stream-sink" rollout to finish: 1 old replicas are pending termination...
Waiting for deployment "grpc-stream-sink" rollout to finish: 1 old replicas are pending termination...
deployment "grpc-stream-sink" successfully rolled out
deployment "grpc-stream-transformer" successfully rolled out
job.batch/grpc-stream-producer created
  Waiting for producer job to complete...
job.batch/grpc-stream-producer condition met
  Warning: missing result artifact /results/rq1-concept5-clean-20260615-synthetic-clean-stream-p262144-c16-rep1-sink-analysis.json
  Done: rq1-concept5-clean-20260615-synthetic-clean-stream-p262144-c16-rep1
━━━ Running: rq1-concept5-clean-20260615-synthetic-clean-unary-p256-c1-rep1 ━━━
configmap/grpc-streaming-baseline-config configured
deployment.apps/grpc-stream-sink restarted
deployment.apps/grpc-stream-transformer restarted
  Waiting for sink and transformer to be ready...
Waiting for deployment "grpc-stream-sink" rollout to finish: 1 old replicas are pending termination...
Waiting for deployment "grpc-stream-sink" rollout to finish: 1 old replicas are pending termination...
deployment "grpc-stream-sink" successfully rolled out
deployment "grpc-stream-transformer" successfully rolled out
job.batch/grpc-stream-producer created
  Waiting for producer job to complete...
job.batch/grpc-stream-producer condition met
  Warning: missing result artifact /results/rq1-concept5-clean-20260615-synthetic-clean-unary-p256-c1-rep1-sink-analysis.json
  Done: rq1-concept5-clean-20260615-synthetic-clean-unary-p256-c1-rep1
━━━ Running: rq1-concept5-clean-20260615-synthetic-clean-unary-p256-c4-rep1 ━━━
configmap/grpc-streaming-baseline-config configured
deployment.apps/grpc-stream-sink restarted
deployment.apps/grpc-stream-transformer restarted
  Waiting for sink and transformer to be ready...
Waiting for deployment "grpc-stream-sink" rollout to finish: 1 old replicas are pending termination...
Waiting for deployment "grpc-stream-sink" rollout to finish: 1 old replicas are pending termination...
deployment "grpc-stream-sink" successfully rolled out
deployment "grpc-stream-transformer" successfully rolled out
job.batch/grpc-stream-producer created
  Waiting for producer job to complete...
job.batch/grpc-stream-producer condition met
tar: Removing leading `/' from member names
  Warning: missing result artifact /results/rq1-concept5-clean-20260615-synthetic-clean-unary-p256-c4-rep1-sink-analysis.json
  Done: rq1-concept5-clean-20260615-synthetic-clean-unary-p256-c4-rep1
━━━ Running: rq1-concept5-clean-20260615-synthetic-clean-unary-p256-c8-rep1 ━━━
configmap/grpc-streaming-baseline-config configured
deployment.apps/grpc-stream-sink restarted
deployment.apps/grpc-stream-transformer restarted
  Waiting for sink and transformer to be ready...
Waiting for deployment "grpc-stream-sink" rollout to finish: 1 old replicas are pending termination...
Waiting for deployment "grpc-stream-sink" rollout to finish: 1 old replicas are pending termination...
deployment "grpc-stream-sink" successfully rolled out
deployment "grpc-stream-transformer" successfully rolled out
job.batch/grpc-stream-producer created
  Waiting for producer job to complete...
job.batch/grpc-stream-producer condition met
tar: Removing leading `/' from member names
tar: Removing leading `/' from member names
  Warning: missing result artifact /results/rq1-concept5-clean-20260615-synthetic-clean-unary-p256-c8-rep1-sink-analysis.json
  Done: rq1-concept5-clean-20260615-synthetic-clean-unary-p256-c8-rep1
━━━ Running: rq1-concept5-clean-20260615-synthetic-clean-unary-p256-c16-rep1 ━━━
configmap/grpc-streaming-baseline-config configured
deployment.apps/grpc-stream-sink restarted
deployment.apps/grpc-stream-transformer restarted
  Waiting for sink and transformer to be ready...
Waiting for deployment "grpc-stream-sink" rollout to finish: 1 old replicas are pending termination...
Waiting for deployment "grpc-stream-sink" rollout to finish: 1 old replicas are pending termination...
deployment "grpc-stream-sink" successfully rolled out
deployment "grpc-stream-transformer" successfully rolled out
job.batch/grpc-stream-producer created
  Waiting for producer job to complete...
job.batch/grpc-stream-producer condition met
  Warning: missing result artifact /results/rq1-concept5-clean-20260615-synthetic-clean-unary-p256-c16-rep1-sink-analysis.json
  Done: rq1-concept5-clean-20260615-synthetic-clean-unary-p256-c16-rep1
━━━ Running: rq1-concept5-clean-20260615-synthetic-clean-unary-p1024-c1-rep1 ━━━
configmap/grpc-streaming-baseline-config configured
deployment.apps/grpc-stream-sink restarted
deployment.apps/grpc-stream-transformer restarted
  Waiting for sink and transformer to be ready...
Waiting for deployment "grpc-stream-sink" rollout to finish: 1 old replicas are pending termination...
Waiting for deployment "grpc-stream-sink" rollout to finish: 1 old replicas are pending termination...
deployment "grpc-stream-sink" successfully rolled out
deployment "grpc-stream-transformer" successfully rolled out
job.batch/grpc-stream-producer created
  Waiting for producer job to complete...
job.batch/grpc-stream-producer condition met
tar: Removing leading `/' from member names
tar: Removing leading `/' from member names
  Warning: missing result artifact /results/rq1-concept5-clean-20260615-synthetic-clean-unary-p1024-c1-rep1-sink-analysis.json
  Done: rq1-concept5-clean-20260615-synthetic-clean-unary-p1024-c1-rep1
━━━ Running: rq1-concept5-clean-20260615-synthetic-clean-unary-p1024-c4-rep1 ━━━
configmap/grpc-streaming-baseline-config configured
deployment.apps/grpc-stream-sink restarted
deployment.apps/grpc-stream-transformer restarted
  Waiting for sink and transformer to be ready...
Waiting for deployment "grpc-stream-sink" rollout to finish: 1 old replicas are pending termination...
Waiting for deployment "grpc-stream-sink" rollout to finish: 1 old replicas are pending termination...
deployment "grpc-stream-sink" successfully rolled out
deployment "grpc-stream-transformer" successfully rolled out
job.batch/grpc-stream-producer created
  Waiting for producer job to complete...
job.batch/grpc-stream-producer condition met
tar: Removing leading `/' from member names
  Warning: missing result artifact /results/rq1-concept5-clean-20260615-synthetic-clean-unary-p1024-c4-rep1-sink-analysis.json
  Done: rq1-concept5-clean-20260615-synthetic-clean-unary-p1024-c4-rep1
━━━ Running: rq1-concept5-clean-20260615-synthetic-clean-unary-p1024-c8-rep1 ━━━
configmap/grpc-streaming-baseline-config configured
deployment.apps/grpc-stream-sink restarted
deployment.apps/grpc-stream-transformer restarted
  Waiting for sink and transformer to be ready...
Waiting for deployment "grpc-stream-sink" rollout to finish: 1 old replicas are pending termination...
Waiting for deployment "grpc-stream-sink" rollout to finish: 1 old replicas are pending termination...
deployment "grpc-stream-sink" successfully rolled out
deployment "grpc-stream-transformer" successfully rolled out
job.batch/grpc-stream-producer created
  Waiting for producer job to complete...
job.batch/grpc-stream-producer condition met
tar: Removing leading `/' from member names
tar: Removing leading `/' from member names
  Warning: missing result artifact /results/rq1-concept5-clean-20260615-synthetic-clean-unary-p1024-c8-rep1-sink-analysis.json
  Done: rq1-concept5-clean-20260615-synthetic-clean-unary-p1024-c8-rep1
━━━ Running: rq1-concept5-clean-20260615-synthetic-clean-unary-p1024-c16-rep1 ━━━
configmap/grpc-streaming-baseline-config configured
deployment.apps/grpc-stream-sink restarted
deployment.apps/grpc-stream-transformer restarted
  Waiting for sink and transformer to be ready...
Waiting for deployment "grpc-stream-sink" rollout to finish: 1 old replicas are pending termination...
Waiting for deployment "grpc-stream-sink" rollout to finish: 1 old replicas are pending termination...
deployment "grpc-stream-sink" successfully rolled out
Waiting for deployment "grpc-stream-transformer" rollout to finish: 1 old replicas are pending termination...
Waiting for deployment "grpc-stream-transformer" rollout to finish: 1 old replicas are pending termination...
deployment "grpc-stream-transformer" successfully rolled out
job.batch/grpc-stream-producer created
  Waiting for producer job to complete...
job.batch/grpc-stream-producer condition met
tar: Removing leading `/' from member names
tar: Removing leading `/' from member names
  Warning: missing result artifact /results/rq1-concept5-clean-20260615-synthetic-clean-unary-p1024-c16-rep1-sink-analysis.json
  Done: rq1-concept5-clean-20260615-synthetic-clean-unary-p1024-c16-rep1
━━━ Running: rq1-concept5-clean-20260615-synthetic-clean-unary-p4096-c1-rep1 ━━━
configmap/grpc-streaming-baseline-config configured
deployment.apps/grpc-stream-sink restarted
deployment.apps/grpc-stream-transformer restarted
  Waiting for sink and transformer to be ready...
Waiting for deployment "grpc-stream-sink" rollout to finish: 1 old replicas are pending termination...
Waiting for deployment "grpc-stream-sink" rollout to finish: 1 old replicas are pending termination...
deployment "grpc-stream-sink" successfully rolled out
deployment "grpc-stream-transformer" successfully rolled out
job.batch/grpc-stream-producer created
  Waiting for producer job to complete...
job.batch/grpc-stream-producer condition met
tar: Removing leading `/' from member names
tar: Removing leading `/' from member names
  Warning: missing result artifact /results/rq1-concept5-clean-20260615-synthetic-clean-unary-p4096-c1-rep1-sink-analysis.json
  Done: rq1-concept5-clean-20260615-synthetic-clean-unary-p4096-c1-rep1
━━━ Running: rq1-concept5-clean-20260615-synthetic-clean-unary-p4096-c4-rep1 ━━━
configmap/grpc-streaming-baseline-config configured
deployment.apps/grpc-stream-sink restarted
deployment.apps/grpc-stream-transformer restarted
  Waiting for sink and transformer to be ready...
Waiting for deployment "grpc-stream-sink" rollout to finish: 1 old replicas are pending termination...
Waiting for deployment "grpc-stream-sink" rollout to finish: 1 old replicas are pending termination...
deployment "grpc-stream-sink" successfully rolled out
deployment "grpc-stream-transformer" successfully rolled out
job.batch/grpc-stream-producer created
  Waiting for producer job to complete...
job.batch/grpc-stream-producer condition met
tar: Removing leading `/' from member names
  Warning: missing result artifact /results/rq1-concept5-clean-20260615-synthetic-clean-unary-p4096-c4-rep1-sink-analysis.json
  Done: rq1-concept5-clean-20260615-synthetic-clean-unary-p4096-c4-rep1
━━━ Running: rq1-concept5-clean-20260615-synthetic-clean-unary-p4096-c8-rep1 ━━━
configmap/grpc-streaming-baseline-config configured
deployment.apps/grpc-stream-sink restarted
deployment.apps/grpc-stream-transformer restarted
  Waiting for sink and transformer to be ready...
Waiting for deployment "grpc-stream-sink" rollout to finish: 1 old replicas are pending termination...
Waiting for deployment "grpc-stream-sink" rollout to finish: 1 old replicas are pending termination...
deployment "grpc-stream-sink" successfully rolled out
deployment "grpc-stream-transformer" successfully rolled out
job.batch/grpc-stream-producer created
  Waiting for producer job to complete...
job.batch/grpc-stream-producer condition met
tar: Removing leading `/' from member names
tar: Removing leading `/' from member names
  Warning: missing result artifact /results/rq1-concept5-clean-20260615-synthetic-clean-unary-p4096-c8-rep1-sink-analysis.json
  Done: rq1-concept5-clean-20260615-synthetic-clean-unary-p4096-c8-rep1
━━━ Running: rq1-concept5-clean-20260615-synthetic-clean-unary-p4096-c16-rep1 ━━━
configmap/grpc-streaming-baseline-config configured
deployment.apps/grpc-stream-sink restarted
deployment.apps/grpc-stream-transformer restarted
  Waiting for sink and transformer to be ready...
Waiting for deployment "grpc-stream-sink" rollout to finish: 1 old replicas are pending termination...
Waiting for deployment "grpc-stream-sink" rollout to finish: 1 old replicas are pending termination...
deployment "grpc-stream-sink" successfully rolled out
deployment "grpc-stream-transformer" successfully rolled out
job.batch/grpc-stream-producer created
  Waiting for producer job to complete...
job.batch/grpc-stream-producer condition met
tar: Removing leading `/' from member names
tar: Removing leading `/' from member names
  Warning: missing result artifact /results/rq1-concept5-clean-20260615-synthetic-clean-unary-p4096-c16-rep1-sink-analysis.json
  Done: rq1-concept5-clean-20260615-synthetic-clean-unary-p4096-c16-rep1
━━━ Running: rq1-concept5-clean-20260615-synthetic-clean-unary-p16384-c1-rep1 ━━━
configmap/grpc-streaming-baseline-config configured
deployment.apps/grpc-stream-sink restarted
deployment.apps/grpc-stream-transformer restarted
  Waiting for sink and transformer to be ready...
Waiting for deployment "grpc-stream-sink" rollout to finish: 1 old replicas are pending termination...
Waiting for deployment "grpc-stream-sink" rollout to finish: 1 old replicas are pending termination...
deployment "grpc-stream-sink" successfully rolled out
deployment "grpc-stream-transformer" successfully rolled out
job.batch/grpc-stream-producer created
  Waiting for producer job to complete...
job.batch/grpc-stream-producer condition met
  Warning: missing result artifact /results/rq1-concept5-clean-20260615-synthetic-clean-unary-p16384-c1-rep1-sink-analysis.json
  Done: rq1-concept5-clean-20260615-synthetic-clean-unary-p16384-c1-rep1
━━━ Running: rq1-concept5-clean-20260615-synthetic-clean-unary-p16384-c4-rep1 ━━━
configmap/grpc-streaming-baseline-config configured
deployment.apps/grpc-stream-sink restarted
deployment.apps/grpc-stream-transformer restarted
  Waiting for sink and transformer to be ready...
Waiting for deployment "grpc-stream-sink" rollout to finish: 1 old replicas are pending termination...
Waiting for deployment "grpc-stream-sink" rollout to finish: 1 old replicas are pending termination...
deployment "grpc-stream-sink" successfully rolled out
deployment "grpc-stream-transformer" successfully rolled out
job.batch/grpc-stream-producer created
  Waiting for producer job to complete...
job.batch/grpc-stream-producer condition met
tar: Removing leading `/' from member names
tar: Removing leading `/' from member names
  Warning: missing result artifact /results/rq1-concept5-clean-20260615-synthetic-clean-unary-p16384-c4-rep1-sink-analysis.json
  Done: rq1-concept5-clean-20260615-synthetic-clean-unary-p16384-c4-rep1
━━━ Running: rq1-concept5-clean-20260615-synthetic-clean-unary-p16384-c8-rep1 ━━━
configmap/grpc-streaming-baseline-config configured
deployment.apps/grpc-stream-sink restarted
deployment.apps/grpc-stream-transformer restarted
  Waiting for sink and transformer to be ready...
Waiting for deployment "grpc-stream-sink" rollout to finish: 1 old replicas are pending termination...
Waiting for deployment "grpc-stream-sink" rollout to finish: 1 old replicas are pending termination...
deployment "grpc-stream-sink" successfully rolled out
deployment "grpc-stream-transformer" successfully rolled out
job.batch/grpc-stream-producer created
  Waiting for producer job to complete...
job.batch/grpc-stream-producer condition met
tar: Removing leading `/' from member names
tar: Removing leading `/' from member names
  Warning: missing result artifact /results/rq1-concept5-clean-20260615-synthetic-clean-unary-p16384-c8-rep1-sink-analysis.json
  Done: rq1-concept5-clean-20260615-synthetic-clean-unary-p16384-c8-rep1
━━━ Running: rq1-concept5-clean-20260615-synthetic-clean-unary-p16384-c16-rep1 ━━━
configmap/grpc-streaming-baseline-config configured
deployment.apps/grpc-stream-sink restarted
deployment.apps/grpc-stream-transformer restarted
  Waiting for sink and transformer to be ready...
Waiting for deployment "grpc-stream-sink" rollout to finish: 1 old replicas are pending termination...
Waiting for deployment "grpc-stream-sink" rollout to finish: 1 old replicas are pending termination...
deployment "grpc-stream-sink" successfully rolled out
Waiting for deployment "grpc-stream-transformer" rollout to finish: 1 old replicas are pending termination...
Waiting for deployment "grpc-stream-transformer" rollout to finish: 1 old replicas are pending termination...
deployment "grpc-stream-transformer" successfully rolled out
job.batch/grpc-stream-producer created
  Waiting for producer job to complete...
job.batch/grpc-stream-producer condition met
tar: Removing leading `/' from member names
tar: Removing leading `/' from member names
  Warning: missing result artifact /results/rq1-concept5-clean-20260615-synthetic-clean-unary-p16384-c16-rep1-sink-analysis.json
  Done: rq1-concept5-clean-20260615-synthetic-clean-unary-p16384-c16-rep1
━━━ Running: rq1-concept5-clean-20260615-synthetic-clean-unary-p262144-c1-rep1 ━━━
configmap/grpc-streaming-baseline-config configured
deployment.apps/grpc-stream-sink restarted
deployment.apps/grpc-stream-transformer restarted
  Waiting for sink and transformer to be ready...
Waiting for deployment "grpc-stream-sink" rollout to finish: 1 old replicas are pending termination...
Waiting for deployment "grpc-stream-sink" rollout to finish: 1 old replicas are pending termination...
deployment "grpc-stream-sink" successfully rolled out
deployment "grpc-stream-transformer" successfully rolled out
job.batch/grpc-stream-producer created
  Waiting for producer job to complete...
job.batch/grpc-stream-producer condition met
tar: Removing leading `/' from member names
  Warning: missing result artifact /results/rq1-concept5-clean-20260615-synthetic-clean-unary-p262144-c1-rep1-sink-analysis.json
  Done: rq1-concept5-clean-20260615-synthetic-clean-unary-p262144-c1-rep1
━━━ Running: rq1-concept5-clean-20260615-synthetic-clean-unary-p262144-c4-rep1 ━━━
configmap/grpc-streaming-baseline-config configured
deployment.apps/grpc-stream-sink restarted
deployment.apps/grpc-stream-transformer restarted
  Waiting for sink and transformer to be ready...
Waiting for deployment "grpc-stream-sink" rollout to finish: 1 old replicas are pending termination...
Waiting for deployment "grpc-stream-sink" rollout to finish: 1 old replicas are pending termination...
deployment "grpc-stream-sink" successfully rolled out
deployment "grpc-stream-transformer" successfully rolled out
job.batch/grpc-stream-producer created
  Waiting for producer job to complete...
job.batch/grpc-stream-producer condition met
tar: Removing leading `/' from member names
  Warning: missing result artifact /results/rq1-concept5-clean-20260615-synthetic-clean-unary-p262144-c4-rep1-sink-analysis.json
  Done: rq1-concept5-clean-20260615-synthetic-clean-unary-p262144-c4-rep1
━━━ Running: rq1-concept5-clean-20260615-synthetic-clean-unary-p262144-c8-rep1 ━━━
configmap/grpc-streaming-baseline-config configured
deployment.apps/grpc-stream-sink restarted
deployment.apps/grpc-stream-transformer restarted
  Waiting for sink and transformer to be ready...
Waiting for deployment "grpc-stream-sink" rollout to finish: 1 old replicas are pending termination...
Waiting for deployment "grpc-stream-sink" rollout to finish: 1 old replicas are pending termination...
deployment "grpc-stream-sink" successfully rolled out
deployment "grpc-stream-transformer" successfully rolled out
job.batch/grpc-stream-producer created
  Waiting for producer job to complete...
job.batch/grpc-stream-producer condition met
tar: Removing leading `/' from member names
tar: Removing leading `/' from member names
  Warning: missing result artifact /results/rq1-concept5-clean-20260615-synthetic-clean-unary-p262144-c8-rep1-sink-analysis.json
  Done: rq1-concept5-clean-20260615-synthetic-clean-unary-p262144-c8-rep1
━━━ Running: rq1-concept5-clean-20260615-synthetic-clean-unary-p262144-c16-rep1 ━━━
configmap/grpc-streaming-baseline-config configured
deployment.apps/grpc-stream-sink restarted
deployment.apps/grpc-stream-transformer restarted
  Waiting for sink and transformer to be ready...
Waiting for deployment "grpc-stream-sink" rollout to finish: 1 old replicas are pending termination...
Waiting for deployment "grpc-stream-sink" rollout to finish: 1 old replicas are pending termination...
deployment "grpc-stream-sink" successfully rolled out
Waiting for deployment "grpc-stream-transformer" rollout to finish: 1 old replicas are pending termination...
Waiting for deployment "grpc-stream-transformer" rollout to finish: 1 old replicas are pending termination...
deployment "grpc-stream-transformer" successfully rolled out
job.batch/grpc-stream-producer created
  Waiting for producer job to complete...
job.batch/grpc-stream-producer condition met
tar: Removing leading `/' from member names
tar: Removing leading `/' from member names
  Warning: missing result artifact /results/rq1-concept5-clean-20260615-synthetic-clean-unary-p262144-c16-rep1-sink-analysis.json
  Done: rq1-concept5-clean-20260615-synthetic-clean-unary-p262144-c16-rep1
━━━ Running: rq1-concept5-clean-20260615-synthetic-clean-bunary-p256-c1-rep1 ━━━
configmap/grpc-streaming-baseline-config configured
deployment.apps/grpc-stream-sink restarted
deployment.apps/grpc-stream-transformer restarted
  Waiting for sink and transformer to be ready...
Waiting for deployment "grpc-stream-sink" rollout to finish: 1 old replicas are pending termination...
Waiting for deployment "grpc-stream-sink" rollout to finish: 1 old replicas are pending termination...
deployment "grpc-stream-sink" successfully rolled out
Waiting for deployment "grpc-stream-transformer" rollout to finish: 1 old replicas are pending termination...
Waiting for deployment "grpc-stream-transformer" rollout to finish: 1 old replicas are pending termination...
deployment "grpc-stream-transformer" successfully rolled out
job.batch/grpc-stream-producer created
  Waiting for producer job to complete...
job.batch/grpc-stream-producer condition met
tar: Removing leading `/' from member names
  Warning: missing result artifact /results/rq1-concept5-clean-20260615-synthetic-clean-bunary-p256-c1-rep1-sink-analysis.json
  Done: rq1-concept5-clean-20260615-synthetic-clean-bunary-p256-c1-rep1
━━━ Running: rq1-concept5-clean-20260615-synthetic-clean-bunary-p256-c4-rep1 ━━━
configmap/grpc-streaming-baseline-config configured
deployment.apps/grpc-stream-sink restarted
deployment.apps/grpc-stream-transformer restarted
  Waiting for sink and transformer to be ready...
Waiting for deployment "grpc-stream-sink" rollout to finish: 1 old replicas are pending termination...
Waiting for deployment "grpc-stream-sink" rollout to finish: 1 old replicas are pending termination...
deployment "grpc-stream-sink" successfully rolled out
Waiting for deployment "grpc-stream-transformer" rollout to finish: 1 old replicas are pending termination...
Waiting for deployment "grpc-stream-transformer" rollout to finish: 1 old replicas are pending termination...
deployment "grpc-stream-transformer" successfully rolled out
job.batch/grpc-stream-producer created
  Waiting for producer job to complete...
job.batch/grpc-stream-producer condition met
tar: Removing leading `/' from member names
tar: Removing leading `/' from member names
  Warning: missing result artifact /results/rq1-concept5-clean-20260615-synthetic-clean-bunary-p256-c4-rep1-sink-analysis.json
  Done: rq1-concept5-clean-20260615-synthetic-clean-bunary-p256-c4-rep1
━━━ Running: rq1-concept5-clean-20260615-synthetic-clean-bunary-p256-c8-rep1 ━━━
configmap/grpc-streaming-baseline-config configured
deployment.apps/grpc-stream-sink restarted
deployment.apps/grpc-stream-transformer restarted
  Waiting for sink and transformer to be ready...
Waiting for deployment "grpc-stream-sink" rollout to finish: 1 old replicas are pending termination...
Waiting for deployment "grpc-stream-sink" rollout to finish: 1 old replicas are pending termination...
deployment "grpc-stream-sink" successfully rolled out
Waiting for deployment "grpc-stream-transformer" rollout to finish: 1 old replicas are pending termination...
Waiting for deployment "grpc-stream-transformer" rollout to finish: 1 old replicas are pending termination...
deployment "grpc-stream-transformer" successfully rolled out
job.batch/grpc-stream-producer created
  Waiting for producer job to complete...
job.batch/grpc-stream-producer condition met
tar: Removing leading `/' from member names
tar: Removing leading `/' from member names
  Warning: missing result artifact /results/rq1-concept5-clean-20260615-synthetic-clean-bunary-p256-c8-rep1-sink-analysis.json
  Done: rq1-concept5-clean-20260615-synthetic-clean-bunary-p256-c8-rep1
━━━ Running: rq1-concept5-clean-20260615-synthetic-clean-bunary-p256-c16-rep1 ━━━
configmap/grpc-streaming-baseline-config configured
deployment.apps/grpc-stream-sink restarted
deployment.apps/grpc-stream-transformer restarted
  Waiting for sink and transformer to be ready...
Waiting for deployment "grpc-stream-sink" rollout to finish: 1 old replicas are pending termination...
Waiting for deployment "grpc-stream-sink" rollout to finish: 1 old replicas are pending termination...
deployment "grpc-stream-sink" successfully rolled out
deployment "grpc-stream-transformer" successfully rolled out
job.batch/grpc-stream-producer created
  Waiting for producer job to complete...
job.batch/grpc-stream-producer condition met
tar: Removing leading `/' from member names
tar: Removing leading `/' from member names
  Warning: missing result artifact /results/rq1-concept5-clean-20260615-synthetic-clean-bunary-p256-c16-rep1-sink-analysis.json
  Done: rq1-concept5-clean-20260615-synthetic-clean-bunary-p256-c16-rep1
━━━ Running: rq1-concept5-clean-20260615-synthetic-clean-bunary-p1024-c1-rep1 ━━━
configmap/grpc-streaming-baseline-config configured
deployment.apps/grpc-stream-sink restarted
deployment.apps/grpc-stream-transformer restarted
  Waiting for sink and transformer to be ready...
Waiting for deployment "grpc-stream-sink" rollout to finish: 1 old replicas are pending termination...
Waiting for deployment "grpc-stream-sink" rollout to finish: 1 old replicas are pending termination...
deployment "grpc-stream-sink" successfully rolled out
Waiting for deployment "grpc-stream-transformer" rollout to finish: 1 old replicas are pending termination...
Waiting for deployment "grpc-stream-transformer" rollout to finish: 1 old replicas are pending termination...
deployment "grpc-stream-transformer" successfully rolled out
job.batch/grpc-stream-producer created
  Waiting for producer job to complete...
job.batch/grpc-stream-producer condition met
  Warning: missing result artifact /results/rq1-concept5-clean-20260615-synthetic-clean-bunary-p1024-c1-rep1-sink-analysis.json
  Done: rq1-concept5-clean-20260615-synthetic-clean-bunary-p1024-c1-rep1
━━━ Running: rq1-concept5-clean-20260615-synthetic-clean-bunary-p1024-c4-rep1 ━━━
configmap/grpc-streaming-baseline-config configured
deployment.apps/grpc-stream-sink restarted
deployment.apps/grpc-stream-transformer restarted
  Waiting for sink and transformer to be ready...
Waiting for deployment "grpc-stream-sink" rollout to finish: 1 old replicas are pending termination...
Waiting for deployment "grpc-stream-sink" rollout to finish: 1 old replicas are pending termination...
deployment "grpc-stream-sink" successfully rolled out
Waiting for deployment "grpc-stream-transformer" rollout to finish: 1 old replicas are pending termination...
Waiting for deployment "grpc-stream-transformer" rollout to finish: 1 old replicas are pending termination...
deployment "grpc-stream-transformer" successfully rolled out
job.batch/grpc-stream-producer created
  Waiting for producer job to complete...
job.batch/grpc-stream-producer condition met
tar: Removing leading `/' from member names
tar: Removing leading `/' from member names
  Warning: missing result artifact /results/rq1-concept5-clean-20260615-synthetic-clean-bunary-p1024-c4-rep1-sink-analysis.json
  Done: rq1-concept5-clean-20260615-synthetic-clean-bunary-p1024-c4-rep1
━━━ Running: rq1-concept5-clean-20260615-synthetic-clean-bunary-p1024-c8-rep1 ━━━
configmap/grpc-streaming-baseline-config configured
deployment.apps/grpc-stream-sink restarted
deployment.apps/grpc-stream-transformer restarted
  Waiting for sink and transformer to be ready...
Waiting for deployment "grpc-stream-sink" rollout to finish: 1 old replicas are pending termination...
Waiting for deployment "grpc-stream-sink" rollout to finish: 1 old replicas are pending termination...
deployment "grpc-stream-sink" successfully rolled out
deployment "grpc-stream-transformer" successfully rolled out
job.batch/grpc-stream-producer created
  Waiting for producer job to complete...
job.batch/grpc-stream-producer condition met
tar: Removing leading `/' from member names
  Warning: missing result artifact /results/rq1-concept5-clean-20260615-synthetic-clean-bunary-p1024-c8-rep1-sink-analysis.json
  Done: rq1-concept5-clean-20260615-synthetic-clean-bunary-p1024-c8-rep1
━━━ Running: rq1-concept5-clean-20260615-synthetic-clean-bunary-p1024-c16-rep1 ━━━
configmap/grpc-streaming-baseline-config configured
deployment.apps/grpc-stream-sink restarted
deployment.apps/grpc-stream-transformer restarted
  Waiting for sink and transformer to be ready...
Waiting for deployment "grpc-stream-sink" rollout to finish: 1 old replicas are pending termination...
Waiting for deployment "grpc-stream-sink" rollout to finish: 1 old replicas are pending termination...
deployment "grpc-stream-sink" successfully rolled out
deployment "grpc-stream-transformer" successfully rolled out
job.batch/grpc-stream-producer created
  Waiting for producer job to complete...
job.batch/grpc-stream-producer condition met
tar: Removing leading `/' from member names
tar: Removing leading `/' from member names
  Warning: missing result artifact /results/rq1-concept5-clean-20260615-synthetic-clean-bunary-p1024-c16-rep1-sink-analysis.json
  Done: rq1-concept5-clean-20260615-synthetic-clean-bunary-p1024-c16-rep1
━━━ Running: rq1-concept5-clean-20260615-synthetic-clean-bunary-p4096-c1-rep1 ━━━
configmap/grpc-streaming-baseline-config configured
deployment.apps/grpc-stream-sink restarted
deployment.apps/grpc-stream-transformer restarted
  Waiting for sink and transformer to be ready...
Waiting for deployment "grpc-stream-sink" rollout to finish: 1 old replicas are pending termination...
Waiting for deployment "grpc-stream-sink" rollout to finish: 1 old replicas are pending termination...
deployment "grpc-stream-sink" successfully rolled out
deployment "grpc-stream-transformer" successfully rolled out
job.batch/grpc-stream-producer created
  Waiting for producer job to complete...
job.batch/grpc-stream-producer condition met
tar: Removing leading `/' from member names
  Warning: missing result artifact /results/rq1-concept5-clean-20260615-synthetic-clean-bunary-p4096-c1-rep1-sink-analysis.json
  Done: rq1-concept5-clean-20260615-synthetic-clean-bunary-p4096-c1-rep1
━━━ Running: rq1-concept5-clean-20260615-synthetic-clean-bunary-p4096-c4-rep1 ━━━
configmap/grpc-streaming-baseline-config configured
deployment.apps/grpc-stream-sink restarted
deployment.apps/grpc-stream-transformer restarted
  Waiting for sink and transformer to be ready...
Waiting for deployment "grpc-stream-sink" rollout to finish: 1 old replicas are pending termination...
Waiting for deployment "grpc-stream-sink" rollout to finish: 1 old replicas are pending termination...
deployment "grpc-stream-sink" successfully rolled out
deployment "grpc-stream-transformer" successfully rolled out
job.batch/grpc-stream-producer created
  Waiting for producer job to complete...
job.batch/grpc-stream-producer condition met
  Warning: missing result artifact /results/rq1-concept5-clean-20260615-synthetic-clean-bunary-p4096-c4-rep1-sink-analysis.json
  Done: rq1-concept5-clean-20260615-synthetic-clean-bunary-p4096-c4-rep1
━━━ Running: rq1-concept5-clean-20260615-synthetic-clean-bunary-p4096-c8-rep1 ━━━
configmap/grpc-streaming-baseline-config configured
deployment.apps/grpc-stream-sink restarted
deployment.apps/grpc-stream-transformer restarted
  Waiting for sink and transformer to be ready...
Waiting for deployment "grpc-stream-sink" rollout to finish: 1 old replicas are pending termination...
Waiting for deployment "grpc-stream-sink" rollout to finish: 1 old replicas are pending termination...
deployment "grpc-stream-sink" successfully rolled out
deployment "grpc-stream-transformer" successfully rolled out
job.batch/grpc-stream-producer created
  Waiting for producer job to complete...
job.batch/grpc-stream-producer condition met
  Warning: missing result artifact /results/rq1-concept5-clean-20260615-synthetic-clean-bunary-p4096-c8-rep1-sink-analysis.json
  Done: rq1-concept5-clean-20260615-synthetic-clean-bunary-p4096-c8-rep1
━━━ Running: rq1-concept5-clean-20260615-synthetic-clean-bunary-p4096-c16-rep1 ━━━
configmap/grpc-streaming-baseline-config configured
deployment.apps/grpc-stream-sink restarted
deployment.apps/grpc-stream-transformer restarted
  Waiting for sink and transformer to be ready...
Waiting for deployment "grpc-stream-sink" rollout to finish: 1 old replicas are pending termination...
Waiting for deployment "grpc-stream-sink" rollout to finish: 1 old replicas are pending termination...
deployment "grpc-stream-sink" successfully rolled out
Waiting for deployment "grpc-stream-transformer" rollout to finish: 1 old replicas are pending termination...
Waiting for deployment "grpc-stream-transformer" rollout to finish: 1 old replicas are pending termination...
deployment "grpc-stream-transformer" successfully rolled out
job.batch/grpc-stream-producer created
  Waiting for producer job to complete...
job.batch/grpc-stream-producer condition met
tar: Removing leading `/' from member names
tar: Removing leading `/' from member names
  Warning: missing result artifact /results/rq1-concept5-clean-20260615-synthetic-clean-bunary-p4096-c16-rep1-sink-analysis.json
  Done: rq1-concept5-clean-20260615-synthetic-clean-bunary-p4096-c16-rep1
━━━ Running: rq1-concept5-clean-20260615-synthetic-clean-bunary-p16384-c1-rep1 ━━━
configmap/grpc-streaming-baseline-config configured
deployment.apps/grpc-stream-sink restarted
deployment.apps/grpc-stream-transformer restarted
  Waiting for sink and transformer to be ready...
Waiting for deployment "grpc-stream-sink" rollout to finish: 1 old replicas are pending termination...
Waiting for deployment "grpc-stream-sink" rollout to finish: 1 old replicas are pending termination...
deployment "grpc-stream-sink" successfully rolled out
deployment "grpc-stream-transformer" successfully rolled out
job.batch/grpc-stream-producer created
  Waiting for producer job to complete...
job.batch/grpc-stream-producer condition met
tar: Removing leading `/' from member names
  Warning: missing result artifact /results/rq1-concept5-clean-20260615-synthetic-clean-bunary-p16384-c1-rep1-sink-analysis.json
  Done: rq1-concept5-clean-20260615-synthetic-clean-bunary-p16384-c1-rep1
━━━ Running: rq1-concept5-clean-20260615-synthetic-clean-bunary-p16384-c4-rep1 ━━━
configmap/grpc-streaming-baseline-config configured
deployment.apps/grpc-stream-sink restarted
deployment.apps/grpc-stream-transformer restarted
  Waiting for sink and transformer to be ready...
Waiting for deployment "grpc-stream-sink" rollout to finish: 1 old replicas are pending termination...
Waiting for deployment "grpc-stream-sink" rollout to finish: 1 old replicas are pending termination...
deployment "grpc-stream-sink" successfully rolled out
deployment "grpc-stream-transformer" successfully rolled out
job.batch/grpc-stream-producer created
  Waiting for producer job to complete...
job.batch/grpc-stream-producer condition met
tar: Removing leading `/' from member names
  Warning: missing result artifact /results/rq1-concept5-clean-20260615-synthetic-clean-bunary-p16384-c4-rep1-sink-analysis.json
  Done: rq1-concept5-clean-20260615-synthetic-clean-bunary-p16384-c4-rep1
━━━ Running: rq1-concept5-clean-20260615-synthetic-clean-bunary-p16384-c8-rep1 ━━━
configmap/grpc-streaming-baseline-config configured
deployment.apps/grpc-stream-sink restarted
deployment.apps/grpc-stream-transformer restarted
  Waiting for sink and transformer to be ready...
Waiting for deployment "grpc-stream-sink" rollout to finish: 1 old replicas are pending termination...
Waiting for deployment "grpc-stream-sink" rollout to finish: 1 old replicas are pending termination...
deployment "grpc-stream-sink" successfully rolled out
deployment "grpc-stream-transformer" successfully rolled out
job.batch/grpc-stream-producer created
  Waiting for producer job to complete...
job.batch/grpc-stream-producer condition met
tar: Removing leading `/' from member names
tar: Removing leading `/' from member names
  Warning: missing result artifact /results/rq1-concept5-clean-20260615-synthetic-clean-bunary-p16384-c8-rep1-sink-analysis.json
  Done: rq1-concept5-clean-20260615-synthetic-clean-bunary-p16384-c8-rep1
━━━ Running: rq1-concept5-clean-20260615-synthetic-clean-bunary-p16384-c16-rep1 ━━━
configmap/grpc-streaming-baseline-config configured
deployment.apps/grpc-stream-sink restarted
deployment.apps/grpc-stream-transformer restarted
  Waiting for sink and transformer to be ready...
Waiting for deployment "grpc-stream-sink" rollout to finish: 1 old replicas are pending termination...
Waiting for deployment "grpc-stream-sink" rollout to finish: 1 old replicas are pending termination...
deployment "grpc-stream-sink" successfully rolled out
deployment "grpc-stream-transformer" successfully rolled out
job.batch/grpc-stream-producer created
  Waiting for producer job to complete...
job.batch/grpc-stream-producer condition met
tar: Removing leading `/' from member names
  Warning: missing result artifact /results/rq1-concept5-clean-20260615-synthetic-clean-bunary-p16384-c16-rep1-sink-analysis.json
  Done: rq1-concept5-clean-20260615-synthetic-clean-bunary-p16384-c16-rep1
━━━ Running: rq1-concept5-clean-20260615-synthetic-clean-bunary-p262144-c1-rep1 ━━━
configmap/grpc-streaming-baseline-config configured
deployment.apps/grpc-stream-sink restarted
deployment.apps/grpc-stream-transformer restarted
  Waiting for sink and transformer to be ready...
Waiting for deployment "grpc-stream-sink" rollout to finish: 1 old replicas are pending termination...
Waiting for deployment "grpc-stream-sink" rollout to finish: 1 old replicas are pending termination...
deployment "grpc-stream-sink" successfully rolled out
deployment "grpc-stream-transformer" successfully rolled out
job.batch/grpc-stream-producer created
  Waiting for producer job to complete...
job.batch/grpc-stream-producer condition met
  Warning: missing result artifact /results/rq1-concept5-clean-20260615-synthetic-clean-bunary-p262144-c1-rep1-sink-analysis.json
  Done: rq1-concept5-clean-20260615-synthetic-clean-bunary-p262144-c1-rep1
━━━ Running: rq1-concept5-clean-20260615-synthetic-clean-bunary-p262144-c4-rep1 ━━━
configmap/grpc-streaming-baseline-config configured
deployment.apps/grpc-stream-sink restarted
deployment.apps/grpc-stream-transformer restarted
  Waiting for sink and transformer to be ready...
Waiting for deployment "grpc-stream-sink" rollout to finish: 1 old replicas are pending termination...
Waiting for deployment "grpc-stream-sink" rollout to finish: 1 old replicas are pending termination...
deployment "grpc-stream-sink" successfully rolled out
deployment "grpc-stream-transformer" successfully rolled out
job.batch/grpc-stream-producer created
  Waiting for producer job to complete...
job.batch/grpc-stream-producer condition met
tar: Removing leading `/' from member names
tar: Removing leading `/' from member names
  Warning: missing result artifact /results/rq1-concept5-clean-20260615-synthetic-clean-bunary-p262144-c4-rep1-sink-analysis.json
  Done: rq1-concept5-clean-20260615-synthetic-clean-bunary-p262144-c4-rep1
━━━ Running: rq1-concept5-clean-20260615-synthetic-clean-bunary-p262144-c8-rep1 ━━━
configmap/grpc-streaming-baseline-config configured
deployment.apps/grpc-stream-sink restarted
deployment.apps/grpc-stream-transformer restarted
  Waiting for sink and transformer to be ready...
Waiting for deployment "grpc-stream-sink" rollout to finish: 1 old replicas are pending termination...
Waiting for deployment "grpc-stream-sink" rollout to finish: 1 old replicas are pending termination...
deployment "grpc-stream-sink" successfully rolled out
deployment "grpc-stream-transformer" successfully rolled out
job.batch/grpc-stream-producer created
  Waiting for producer job to complete...
job.batch/grpc-stream-producer condition met
tar: Removing leading `/' from member names
  Warning: missing result artifact /results/rq1-concept5-clean-20260615-synthetic-clean-bunary-p262144-c8-rep1-sink-analysis.json
  Done: rq1-concept5-clean-20260615-synthetic-clean-bunary-p262144-c8-rep1
━━━ Running: rq1-concept5-clean-20260615-synthetic-clean-bunary-p262144-c16-rep1 ━━━
configmap/grpc-streaming-baseline-config configured
deployment.apps/grpc-stream-sink restarted
deployment.apps/grpc-stream-transformer restarted
  Waiting for sink and transformer to be ready...
Waiting for deployment "grpc-stream-sink" rollout to finish: 1 old replicas are pending termination...
Waiting for deployment "grpc-stream-sink" rollout to finish: 1 old replicas are pending termination...
deployment "grpc-stream-sink" successfully rolled out
Waiting for deployment "grpc-stream-transformer" rollout to finish: 1 old replicas are pending termination...
Waiting for deployment "grpc-stream-transformer" rollout to finish: 1 old replicas are pending termination...
deployment "grpc-stream-transformer" successfully rolled out
job.batch/grpc-stream-producer created
  Waiting for producer job to complete...
job.batch/grpc-stream-producer condition met
tar: Removing leading `/' from member names
  Warning: missing result artifact /results/rq1-concept5-clean-20260615-synthetic-clean-bunary-p262144-c16-rep1-sink-analysis.json
  Done: rq1-concept5-clean-20260615-synthetic-clean-bunary-p262144-c16-rep1
━━━ Running: rq1-concept5-clean-20260615-synthetic-clean-rmqs-p256-c1-rep1 ━━━
configmap/grpc-streaming-baseline-config configured
deployment.apps/grpc-stream-rabbitmq restarted
  Waiting for RabbitMQ to be ready...
Waiting for deployment "grpc-stream-rabbitmq" rollout to finish: 1 old replicas are pending termination...
Waiting for deployment "grpc-stream-rabbitmq" rollout to finish: 1 old replicas are pending termination...
deployment "grpc-stream-rabbitmq" successfully rolled out
deployment.apps/grpc-stream-sink restarted
deployment.apps/grpc-stream-transformer restarted
  Waiting for sink and transformer to be ready...
Waiting for deployment "grpc-stream-sink" rollout to finish: 1 old replicas are pending termination...
Waiting for deployment "grpc-stream-sink" rollout to finish: 1 old replicas are pending termination...
deployment "grpc-stream-sink" successfully rolled out
deployment "grpc-stream-transformer" successfully rolled out
  Waiting for RabbitMQ to be ready...
deployment "grpc-stream-rabbitmq" successfully rolled out
job.batch/grpc-stream-producer created
  Waiting for producer job to complete...
job.batch/grpc-stream-producer condition met
tar: Removing leading `/' from member names
tar: Removing leading `/' from member names
  Warning: missing result artifact /results/rq1-concept5-clean-20260615-synthetic-clean-rmqs-p256-c1-rep1-sink-analysis.json
  Done: rq1-concept5-clean-20260615-synthetic-clean-rmqs-p256-c1-rep1
━━━ Running: rq1-concept5-clean-20260615-synthetic-clean-rmqs-p256-c4-rep1 ━━━
configmap/grpc-streaming-baseline-config configured
deployment.apps/grpc-stream-rabbitmq restarted
  Waiting for RabbitMQ to be ready...
Waiting for deployment "grpc-stream-rabbitmq" rollout to finish: 1 old replicas are pending termination...
Waiting for deployment "grpc-stream-rabbitmq" rollout to finish: 1 old replicas are pending termination...
deployment "grpc-stream-rabbitmq" successfully rolled out
deployment.apps/grpc-stream-sink restarted
deployment.apps/grpc-stream-transformer restarted
  Waiting for sink and transformer to be ready...
Waiting for deployment "grpc-stream-sink" rollout to finish: 1 old replicas are pending termination...
Waiting for deployment "grpc-stream-sink" rollout to finish: 1 old replicas are pending termination...
deployment "grpc-stream-sink" successfully rolled out
Waiting for deployment "grpc-stream-transformer" rollout to finish: 1 old replicas are pending termination...
Waiting for deployment "grpc-stream-transformer" rollout to finish: 1 old replicas are pending termination...
deployment "grpc-stream-transformer" successfully rolled out
  Waiting for RabbitMQ to be ready...
deployment "grpc-stream-rabbitmq" successfully rolled out
job.batch/grpc-stream-producer created
  Waiting for producer job to complete...
job.batch/grpc-stream-producer condition met
tar: Removing leading `/' from member names
tar: Removing leading `/' from member names
  Warning: missing result artifact /results/rq1-concept5-clean-20260615-synthetic-clean-rmqs-p256-c4-rep1-sink-analysis.json
  Done: rq1-concept5-clean-20260615-synthetic-clean-rmqs-p256-c4-rep1
━━━ Running: rq1-concept5-clean-20260615-synthetic-clean-rmqs-p256-c8-rep1 ━━━
configmap/grpc-streaming-baseline-config configured
deployment.apps/grpc-stream-rabbitmq restarted
  Waiting for RabbitMQ to be ready...
Waiting for deployment "grpc-stream-rabbitmq" rollout to finish: 1 old replicas are pending termination...
Waiting for deployment "grpc-stream-rabbitmq" rollout to finish: 1 old replicas are pending termination...
deployment "grpc-stream-rabbitmq" successfully rolled out
deployment.apps/grpc-stream-sink restarted
deployment.apps/grpc-stream-transformer restarted
  Waiting for sink and transformer to be ready...
Waiting for deployment "grpc-stream-sink" rollout to finish: 1 old replicas are pending termination...
Waiting for deployment "grpc-stream-sink" rollout to finish: 1 old replicas are pending termination...
deployment "grpc-stream-sink" successfully rolled out
deployment "grpc-stream-transformer" successfully rolled out
  Waiting for RabbitMQ to be ready...
deployment "grpc-stream-rabbitmq" successfully rolled out
job.batch/grpc-stream-producer created
  Waiting for producer job to complete...
job.batch/grpc-stream-producer condition met
tar: Removing leading `/' from member names
  Warning: missing result artifact /results/rq1-concept5-clean-20260615-synthetic-clean-rmqs-p256-c8-rep1-sink-analysis.json
  Done: rq1-concept5-clean-20260615-synthetic-clean-rmqs-p256-c8-rep1
━━━ Running: rq1-concept5-clean-20260615-synthetic-clean-rmqs-p256-c16-rep1 ━━━
configmap/grpc-streaming-baseline-config configured
deployment.apps/grpc-stream-rabbitmq restarted
  Waiting for RabbitMQ to be ready...
Waiting for deployment "grpc-stream-rabbitmq" rollout to finish: 1 old replicas are pending termination...
Waiting for deployment "grpc-stream-rabbitmq" rollout to finish: 1 old replicas are pending termination...
deployment "grpc-stream-rabbitmq" successfully rolled out
deployment.apps/grpc-stream-sink restarted
deployment.apps/grpc-stream-transformer restarted
  Waiting for sink and transformer to be ready...
Waiting for deployment "grpc-stream-sink" rollout to finish: 1 old replicas are pending termination...
Waiting for deployment "grpc-stream-sink" rollout to finish: 1 old replicas are pending termination...
deployment "grpc-stream-sink" successfully rolled out
deployment "grpc-stream-transformer" successfully rolled out
  Waiting for RabbitMQ to be ready...
deployment "grpc-stream-rabbitmq" successfully rolled out
job.batch/grpc-stream-producer created
  Waiting for producer job to complete...
job.batch/grpc-stream-producer condition met
tar: Removing leading `/' from member names
  Warning: missing result artifact /results/rq1-concept5-clean-20260615-synthetic-clean-rmqs-p256-c16-rep1-sink-analysis.json
  Done: rq1-concept5-clean-20260615-synthetic-clean-rmqs-p256-c16-rep1
━━━ Running: rq1-concept5-clean-20260615-synthetic-clean-rmqs-p1024-c1-rep1 ━━━
configmap/grpc-streaming-baseline-config configured
deployment.apps/grpc-stream-rabbitmq restarted
  Waiting for RabbitMQ to be ready...
Waiting for deployment "grpc-stream-rabbitmq" rollout to finish: 1 old replicas are pending termination...
Waiting for deployment "grpc-stream-rabbitmq" rollout to finish: 1 old replicas are pending termination...
deployment "grpc-stream-rabbitmq" successfully rolled out
deployment.apps/grpc-stream-sink restarted
deployment.apps/grpc-stream-transformer restarted
  Waiting for sink and transformer to be ready...
Waiting for deployment "grpc-stream-sink" rollout to finish: 1 old replicas are pending termination...
Waiting for deployment "grpc-stream-sink" rollout to finish: 1 old replicas are pending termination...
deployment "grpc-stream-sink" successfully rolled out
deployment "grpc-stream-transformer" successfully rolled out
  Waiting for RabbitMQ to be ready...
deployment "grpc-stream-rabbitmq" successfully rolled out
job.batch/grpc-stream-producer created
  Waiting for producer job to complete...
job.batch/grpc-stream-producer condition met
tar: Removing leading `/' from member names
tar: Removing leading `/' from member names
  Warning: missing result artifact /results/rq1-concept5-clean-20260615-synthetic-clean-rmqs-p1024-c1-rep1-sink-analysis.json
  Done: rq1-concept5-clean-20260615-synthetic-clean-rmqs-p1024-c1-rep1
━━━ Running: rq1-concept5-clean-20260615-synthetic-clean-rmqs-p1024-c4-rep1 ━━━
configmap/grpc-streaming-baseline-config configured
deployment.apps/grpc-stream-rabbitmq restarted
  Waiting for RabbitMQ to be ready...
Waiting for deployment "grpc-stream-rabbitmq" rollout to finish: 1 old replicas are pending termination...
Waiting for deployment "grpc-stream-rabbitmq" rollout to finish: 1 old replicas are pending termination...
deployment "grpc-stream-rabbitmq" successfully rolled out
deployment.apps/grpc-stream-sink restarted
deployment.apps/grpc-stream-transformer restarted
  Waiting for sink and transformer to be ready...
Waiting for deployment "grpc-stream-sink" rollout to finish: 1 old replicas are pending termination...
Waiting for deployment "grpc-stream-sink" rollout to finish: 1 old replicas are pending termination...
deployment "grpc-stream-sink" successfully rolled out
deployment "grpc-stream-transformer" successfully rolled out
  Waiting for RabbitMQ to be ready...
deployment "grpc-stream-rabbitmq" successfully rolled out
job.batch/grpc-stream-producer created
  Waiting for producer job to complete...
job.batch/grpc-stream-producer condition met
tar: Removing leading `/' from member names
tar: Removing leading `/' from member names
  Warning: missing result artifact /results/rq1-concept5-clean-20260615-synthetic-clean-rmqs-p1024-c4-rep1-sink-analysis.json
  Done: rq1-concept5-clean-20260615-synthetic-clean-rmqs-p1024-c4-rep1
━━━ Running: rq1-concept5-clean-20260615-synthetic-clean-rmqs-p1024-c8-rep1 ━━━
configmap/grpc-streaming-baseline-config configured
deployment.apps/grpc-stream-rabbitmq restarted
  Waiting for RabbitMQ to be ready...
Waiting for deployment "grpc-stream-rabbitmq" rollout to finish: 1 old replicas are pending termination...
Waiting for deployment "grpc-stream-rabbitmq" rollout to finish: 1 old replicas are pending termination...
deployment "grpc-stream-rabbitmq" successfully rolled out
deployment.apps/grpc-stream-sink restarted
deployment.apps/grpc-stream-transformer restarted
  Waiting for sink and transformer to be ready...
Waiting for deployment "grpc-stream-sink" rollout to finish: 1 old replicas are pending termination...
Waiting for deployment "grpc-stream-sink" rollout to finish: 1 old replicas are pending termination...
deployment "grpc-stream-sink" successfully rolled out
deployment "grpc-stream-transformer" successfully rolled out
  Waiting for RabbitMQ to be ready...
deployment "grpc-stream-rabbitmq" successfully rolled out
job.batch/grpc-stream-producer created
  Waiting for producer job to complete...
job.batch/grpc-stream-producer condition met
tar: Removing leading `/' from member names
tar: Removing leading `/' from member names
  Warning: missing result artifact /results/rq1-concept5-clean-20260615-synthetic-clean-rmqs-p1024-c8-rep1-sink-analysis.json
  Done: rq1-concept5-clean-20260615-synthetic-clean-rmqs-p1024-c8-rep1
━━━ Running: rq1-concept5-clean-20260615-synthetic-clean-rmqs-p1024-c16-rep1 ━━━
configmap/grpc-streaming-baseline-config configured
deployment.apps/grpc-stream-rabbitmq restarted
  Waiting for RabbitMQ to be ready...
Waiting for deployment "grpc-stream-rabbitmq" rollout to finish: 1 old replicas are pending termination...
Waiting for deployment "grpc-stream-rabbitmq" rollout to finish: 1 old replicas are pending termination...
deployment "grpc-stream-rabbitmq" successfully rolled out
deployment.apps/grpc-stream-sink restarted
deployment.apps/grpc-stream-transformer restarted
  Waiting for sink and transformer to be ready...
Waiting for deployment "grpc-stream-sink" rollout to finish: 1 old replicas are pending termination...
Waiting for deployment "grpc-stream-sink" rollout to finish: 1 old replicas are pending termination...
deployment "grpc-stream-sink" successfully rolled out
Waiting for deployment "grpc-stream-transformer" rollout to finish: 1 old replicas are pending termination...
Waiting for deployment "grpc-stream-transformer" rollout to finish: 1 old replicas are pending termination...
deployment "grpc-stream-transformer" successfully rolled out
  Waiting for RabbitMQ to be ready...
deployment "grpc-stream-rabbitmq" successfully rolled out
job.batch/grpc-stream-producer created
  Waiting for producer job to complete...
job.batch/grpc-stream-producer condition met
tar: Removing leading `/' from member names
tar: Removing leading `/' from member names
  Warning: missing result artifact /results/rq1-concept5-clean-20260615-synthetic-clean-rmqs-p1024-c16-rep1-sink-analysis.json
  Done: rq1-concept5-clean-20260615-synthetic-clean-rmqs-p1024-c16-rep1
━━━ Running: rq1-concept5-clean-20260615-synthetic-clean-rmqs-p4096-c1-rep1 ━━━
configmap/grpc-streaming-baseline-config configured
deployment.apps/grpc-stream-rabbitmq restarted
  Waiting for RabbitMQ to be ready...
Waiting for deployment "grpc-stream-rabbitmq" rollout to finish: 1 old replicas are pending termination...
Waiting for deployment "grpc-stream-rabbitmq" rollout to finish: 1 old replicas are pending termination...
deployment "grpc-stream-rabbitmq" successfully rolled out
deployment.apps/grpc-stream-sink restarted
deployment.apps/grpc-stream-transformer restarted
  Waiting for sink and transformer to be ready...
Waiting for deployment "grpc-stream-sink" rollout to finish: 1 old replicas are pending termination...
Waiting for deployment "grpc-stream-sink" rollout to finish: 1 old replicas are pending termination...
deployment "grpc-stream-sink" successfully rolled out
deployment "grpc-stream-transformer" successfully rolled out
  Waiting for RabbitMQ to be ready...
deployment "grpc-stream-rabbitmq" successfully rolled out
job.batch/grpc-stream-producer created
  Waiting for producer job to complete...
job.batch/grpc-stream-producer condition met
tar: Removing leading `/' from member names
tar: Removing leading `/' from member names
  Warning: missing result artifact /results/rq1-concept5-clean-20260615-synthetic-clean-rmqs-p4096-c1-rep1-sink-analysis.json
  Done: rq1-concept5-clean-20260615-synthetic-clean-rmqs-p4096-c1-rep1
━━━ Running: rq1-concept5-clean-20260615-synthetic-clean-rmqs-p4096-c4-rep1 ━━━
configmap/grpc-streaming-baseline-config configured
deployment.apps/grpc-stream-rabbitmq restarted
  Waiting for RabbitMQ to be ready...
Waiting for deployment "grpc-stream-rabbitmq" rollout to finish: 1 old replicas are pending termination...
Waiting for deployment "grpc-stream-rabbitmq" rollout to finish: 1 old replicas are pending termination...
deployment "grpc-stream-rabbitmq" successfully rolled out
deployment.apps/grpc-stream-sink restarted
deployment.apps/grpc-stream-transformer restarted
  Waiting for sink and transformer to be ready...
Waiting for deployment "grpc-stream-sink" rollout to finish: 1 old replicas are pending termination...
Waiting for deployment "grpc-stream-sink" rollout to finish: 1 old replicas are pending termination...
deployment "grpc-stream-sink" successfully rolled out
deployment "grpc-stream-transformer" successfully rolled out
  Waiting for RabbitMQ to be ready...
deployment "grpc-stream-rabbitmq" successfully rolled out
job.batch/grpc-stream-producer created
  Waiting for producer job to complete...
job.batch/grpc-stream-producer condition met
tar: Removing leading `/' from member names
tar: Removing leading `/' from member names
  Warning: missing result artifact /results/rq1-concept5-clean-20260615-synthetic-clean-rmqs-p4096-c4-rep1-sink-analysis.json
  Done: rq1-concept5-clean-20260615-synthetic-clean-rmqs-p4096-c4-rep1
━━━ Running: rq1-concept5-clean-20260615-synthetic-clean-rmqs-p4096-c8-rep1 ━━━
configmap/grpc-streaming-baseline-config configured
deployment.apps/grpc-stream-rabbitmq restarted
  Waiting for RabbitMQ to be ready...
Waiting for deployment "grpc-stream-rabbitmq" rollout to finish: 1 old replicas are pending termination...
Waiting for deployment "grpc-stream-rabbitmq" rollout to finish: 1 old replicas are pending termination...
deployment "grpc-stream-rabbitmq" successfully rolled out
deployment.apps/grpc-stream-sink restarted
deployment.apps/grpc-stream-transformer restarted
  Waiting for sink and transformer to be ready...
Waiting for deployment "grpc-stream-sink" rollout to finish: 1 old replicas are pending termination...
Waiting for deployment "grpc-stream-sink" rollout to finish: 1 old replicas are pending termination...
deployment "grpc-stream-sink" successfully rolled out
Waiting for deployment "grpc-stream-transformer" rollout to finish: 1 old replicas are pending termination...
Waiting for deployment "grpc-stream-transformer" rollout to finish: 1 old replicas are pending termination...
deployment "grpc-stream-transformer" successfully rolled out
  Waiting for RabbitMQ to be ready...
deployment "grpc-stream-rabbitmq" successfully rolled out
job.batch/grpc-stream-producer created
  Waiting for producer job to complete...
job.batch/grpc-stream-producer condition met
tar: Removing leading `/' from member names
tar: Removing leading `/' from member names
  Warning: missing result artifact /results/rq1-concept5-clean-20260615-synthetic-clean-rmqs-p4096-c8-rep1-sink-analysis.json
  Done: rq1-concept5-clean-20260615-synthetic-clean-rmqs-p4096-c8-rep1
━━━ Running: rq1-concept5-clean-20260615-synthetic-clean-rmqs-p4096-c16-rep1 ━━━
configmap/grpc-streaming-baseline-config configured
deployment.apps/grpc-stream-rabbitmq restarted
  Waiting for RabbitMQ to be ready...
Waiting for deployment "grpc-stream-rabbitmq" rollout to finish: 1 old replicas are pending termination...
Waiting for deployment "grpc-stream-rabbitmq" rollout to finish: 1 old replicas are pending termination...
deployment "grpc-stream-rabbitmq" successfully rolled out
deployment.apps/grpc-stream-sink restarted
deployment.apps/grpc-stream-transformer restarted
  Waiting for sink and transformer to be ready...
Waiting for deployment "grpc-stream-sink" rollout to finish: 1 old replicas are pending termination...
Waiting for deployment "grpc-stream-sink" rollout to finish: 1 old replicas are pending termination...
deployment "grpc-stream-sink" successfully rolled out
deployment "grpc-stream-transformer" successfully rolled out
  Waiting for RabbitMQ to be ready...
deployment "grpc-stream-rabbitmq" successfully rolled out
job.batch/grpc-stream-producer created
  Waiting for producer job to complete...
job.batch/grpc-stream-producer condition met
tar: Removing leading `/' from member names
tar: Removing leading `/' from member names
  Warning: missing result artifact /results/rq1-concept5-clean-20260615-synthetic-clean-rmqs-p4096-c16-rep1-sink-analysis.json
  Done: rq1-concept5-clean-20260615-synthetic-clean-rmqs-p4096-c16-rep1
━━━ Running: rq1-concept5-clean-20260615-synthetic-clean-rmqs-p16384-c1-rep1 ━━━
configmap/grpc-streaming-baseline-config configured
deployment.apps/grpc-stream-rabbitmq restarted
  Waiting for RabbitMQ to be ready...
Waiting for deployment "grpc-stream-rabbitmq" rollout to finish: 1 old replicas are pending termination...
Waiting for deployment "grpc-stream-rabbitmq" rollout to finish: 1 old replicas are pending termination...
deployment "grpc-stream-rabbitmq" successfully rolled out
deployment.apps/grpc-stream-sink restarted
deployment.apps/grpc-stream-transformer restarted
  Waiting for sink and transformer to be ready...
Waiting for deployment "grpc-stream-sink" rollout to finish: 1 old replicas are pending termination...
Waiting for deployment "grpc-stream-sink" rollout to finish: 1 old replicas are pending termination...
deployment "grpc-stream-sink" successfully rolled out
Waiting for deployment "grpc-stream-transformer" rollout to finish: 1 old replicas are pending termination...
Waiting for deployment "grpc-stream-transformer" rollout to finish: 1 old replicas are pending termination...
deployment "grpc-stream-transformer" successfully rolled out
  Waiting for RabbitMQ to be ready...
deployment "grpc-stream-rabbitmq" successfully rolled out
job.batch/grpc-stream-producer created
  Waiting for producer job to complete...
job.batch/grpc-stream-producer condition met
tar: Removing leading `/' from member names
tar: Removing leading `/' from member names
  Warning: missing result artifact /results/rq1-concept5-clean-20260615-synthetic-clean-rmqs-p16384-c1-rep1-sink-analysis.json
  Done: rq1-concept5-clean-20260615-synthetic-clean-rmqs-p16384-c1-rep1
━━━ Running: rq1-concept5-clean-20260615-synthetic-clean-rmqs-p16384-c4-rep1 ━━━
configmap/grpc-streaming-baseline-config configured
deployment.apps/grpc-stream-rabbitmq restarted
  Waiting for RabbitMQ to be ready...
Waiting for deployment "grpc-stream-rabbitmq" rollout to finish: 1 old replicas are pending termination...
Waiting for deployment "grpc-stream-rabbitmq" rollout to finish: 1 old replicas are pending termination...
deployment "grpc-stream-rabbitmq" successfully rolled out
deployment.apps/grpc-stream-sink restarted
deployment.apps/grpc-stream-transformer restarted
  Waiting for sink and transformer to be ready...
Waiting for deployment "grpc-stream-sink" rollout to finish: 1 old replicas are pending termination...
Waiting for deployment "grpc-stream-sink" rollout to finish: 1 old replicas are pending termination...
deployment "grpc-stream-sink" successfully rolled out
Waiting for deployment "grpc-stream-transformer" rollout to finish: 1 old replicas are pending termination...
Waiting for deployment "grpc-stream-transformer" rollout to finish: 1 old replicas are pending termination...
deployment "grpc-stream-transformer" successfully rolled out
  Waiting for RabbitMQ to be ready...
deployment "grpc-stream-rabbitmq" successfully rolled out
job.batch/grpc-stream-producer created
  Waiting for producer job to complete...
job.batch/grpc-stream-producer condition met
tar: Removing leading `/' from member names
  Warning: missing result artifact /results/rq1-concept5-clean-20260615-synthetic-clean-rmqs-p16384-c4-rep1-sink-analysis.json
  Done: rq1-concept5-clean-20260615-synthetic-clean-rmqs-p16384-c4-rep1
━━━ Running: rq1-concept5-clean-20260615-synthetic-clean-rmqs-p16384-c8-rep1 ━━━
configmap/grpc-streaming-baseline-config configured
deployment.apps/grpc-stream-rabbitmq restarted
  Waiting for RabbitMQ to be ready...
Waiting for deployment "grpc-stream-rabbitmq" rollout to finish: 1 old replicas are pending termination...
Waiting for deployment "grpc-stream-rabbitmq" rollout to finish: 1 old replicas are pending termination...
deployment "grpc-stream-rabbitmq" successfully rolled out
deployment.apps/grpc-stream-sink restarted
deployment.apps/grpc-stream-transformer restarted
  Waiting for sink and transformer to be ready...
Waiting for deployment "grpc-stream-sink" rollout to finish: 1 old replicas are pending termination...
Waiting for deployment "grpc-stream-sink" rollout to finish: 1 old replicas are pending termination...
deployment "grpc-stream-sink" successfully rolled out
deployment "grpc-stream-transformer" successfully rolled out
  Waiting for RabbitMQ to be ready...
deployment "grpc-stream-rabbitmq" successfully rolled out
job.batch/grpc-stream-producer created
  Waiting for producer job to complete...
job.batch/grpc-stream-producer condition met
tar: Removing leading `/' from member names
  Warning: missing result artifact /results/rq1-concept5-clean-20260615-synthetic-clean-rmqs-p16384-c8-rep1-sink-analysis.json
  Done: rq1-concept5-clean-20260615-synthetic-clean-rmqs-p16384-c8-rep1
━━━ Running: rq1-concept5-clean-20260615-synthetic-clean-rmqs-p16384-c16-rep1 ━━━
configmap/grpc-streaming-baseline-config configured
deployment.apps/grpc-stream-rabbitmq restarted
  Waiting for RabbitMQ to be ready...
Waiting for deployment "grpc-stream-rabbitmq" rollout to finish: 1 old replicas are pending termination...
Waiting for deployment "grpc-stream-rabbitmq" rollout to finish: 1 old replicas are pending termination...
deployment "grpc-stream-rabbitmq" successfully rolled out
deployment.apps/grpc-stream-sink restarted
deployment.apps/grpc-stream-transformer restarted
  Waiting for sink and transformer to be ready...
Waiting for deployment "grpc-stream-sink" rollout to finish: 1 old replicas are pending termination...
Waiting for deployment "grpc-stream-sink" rollout to finish: 1 old replicas are pending termination...
deployment "grpc-stream-sink" successfully rolled out
deployment "grpc-stream-transformer" successfully rolled out
  Waiting for RabbitMQ to be ready...
deployment "grpc-stream-rabbitmq" successfully rolled out
job.batch/grpc-stream-producer created
  Waiting for producer job to complete...
job.batch/grpc-stream-producer condition met
tar: Removing leading `/' from member names
  Warning: missing result artifact /results/rq1-concept5-clean-20260615-synthetic-clean-rmqs-p16384-c16-rep1-sink-analysis.json
  Done: rq1-concept5-clean-20260615-synthetic-clean-rmqs-p16384-c16-rep1
━━━ Running: rq1-concept5-clean-20260615-synthetic-clean-rmqs-p262144-c1-rep1 ━━━
configmap/grpc-streaming-baseline-config configured
deployment.apps/grpc-stream-rabbitmq restarted
  Waiting for RabbitMQ to be ready...
Waiting for deployment "grpc-stream-rabbitmq" rollout to finish: 1 old replicas are pending termination...
Waiting for deployment "grpc-stream-rabbitmq" rollout to finish: 1 old replicas are pending termination...
deployment "grpc-stream-rabbitmq" successfully rolled out
deployment.apps/grpc-stream-sink restarted
deployment.apps/grpc-stream-transformer restarted
  Waiting for sink and transformer to be ready...
Waiting for deployment "grpc-stream-sink" rollout to finish: 1 old replicas are pending termination...
Waiting for deployment "grpc-stream-sink" rollout to finish: 1 old replicas are pending termination...
deployment "grpc-stream-sink" successfully rolled out
deployment "grpc-stream-transformer" successfully rolled out
  Waiting for RabbitMQ to be ready...
deployment "grpc-stream-rabbitmq" successfully rolled out
job.batch/grpc-stream-producer created
  Waiting for producer job to complete...
job.batch/grpc-stream-producer condition met
tar: Removing leading `/' from member names
  Warning: missing result artifact /results/rq1-concept5-clean-20260615-synthetic-clean-rmqs-p262144-c1-rep1-sink-analysis.json
  Done: rq1-concept5-clean-20260615-synthetic-clean-rmqs-p262144-c1-rep1
━━━ Running: rq1-concept5-clean-20260615-synthetic-clean-rmqs-p262144-c4-rep1 ━━━
configmap/grpc-streaming-baseline-config configured
deployment.apps/grpc-stream-rabbitmq restarted
  Waiting for RabbitMQ to be ready...
Waiting for deployment "grpc-stream-rabbitmq" rollout to finish: 1 old replicas are pending termination...
Waiting for deployment "grpc-stream-rabbitmq" rollout to finish: 1 old replicas are pending termination...
deployment "grpc-stream-rabbitmq" successfully rolled out
deployment.apps/grpc-stream-sink restarted
deployment.apps/grpc-stream-transformer restarted
  Waiting for sink and transformer to be ready...
Waiting for deployment "grpc-stream-sink" rollout to finish: 1 old replicas are pending termination...
Waiting for deployment "grpc-stream-sink" rollout to finish: 1 old replicas are pending termination...
deployment "grpc-stream-sink" successfully rolled out
Waiting for deployment "grpc-stream-transformer" rollout to finish: 1 old replicas are pending termination...
Waiting for deployment "grpc-stream-transformer" rollout to finish: 1 old replicas are pending termination...
deployment "grpc-stream-transformer" successfully rolled out
  Waiting for RabbitMQ to be ready...
deployment "grpc-stream-rabbitmq" successfully rolled out
job.batch/grpc-stream-producer created
  Waiting for producer job to complete...
job.batch/grpc-stream-producer condition met
tar: Removing leading `/' from member names
tar: Removing leading `/' from member names
  Warning: missing result artifact /results/rq1-concept5-clean-20260615-synthetic-clean-rmqs-p262144-c4-rep1-sink-analysis.json
  Done: rq1-concept5-clean-20260615-synthetic-clean-rmqs-p262144-c4-rep1
━━━ Running: rq1-concept5-clean-20260615-synthetic-clean-rmqs-p262144-c8-rep1 ━━━
configmap/grpc-streaming-baseline-config configured
deployment.apps/grpc-stream-rabbitmq restarted
  Waiting for RabbitMQ to be ready...
Waiting for deployment "grpc-stream-rabbitmq" rollout to finish: 1 old replicas are pending termination...
Waiting for deployment "grpc-stream-rabbitmq" rollout to finish: 1 old replicas are pending termination...
deployment "grpc-stream-rabbitmq" successfully rolled out
deployment.apps/grpc-stream-sink restarted
deployment.apps/grpc-stream-transformer restarted
  Waiting for sink and transformer to be ready...
Waiting for deployment "grpc-stream-sink" rollout to finish: 1 old replicas are pending termination...
Waiting for deployment "grpc-stream-sink" rollout to finish: 1 old replicas are pending termination...
deployment "grpc-stream-sink" successfully rolled out
deployment "grpc-stream-transformer" successfully rolled out
  Waiting for RabbitMQ to be ready...
deployment "grpc-stream-rabbitmq" successfully rolled out
job.batch/grpc-stream-producer created
  Waiting for producer job to complete...
job.batch/grpc-stream-producer condition met
tar: Removing leading `/' from member names
tar: Removing leading `/' from member names
  Warning: missing result artifact /results/rq1-concept5-clean-20260615-synthetic-clean-rmqs-p262144-c8-rep1-sink-analysis.json
  Done: rq1-concept5-clean-20260615-synthetic-clean-rmqs-p262144-c8-rep1
━━━ Running: rq1-concept5-clean-20260615-synthetic-clean-rmqs-p262144-c16-rep1 ━━━
configmap/grpc-streaming-baseline-config configured
deployment.apps/grpc-stream-rabbitmq restarted
  Waiting for RabbitMQ to be ready...
Waiting for deployment "grpc-stream-rabbitmq" rollout to finish: 1 old replicas are pending termination...
Waiting for deployment "grpc-stream-rabbitmq" rollout to finish: 1 old replicas are pending termination...
deployment "grpc-stream-rabbitmq" successfully rolled out
deployment.apps/grpc-stream-sink restarted
deployment.apps/grpc-stream-transformer restarted
  Waiting for sink and transformer to be ready...
Waiting for deployment "grpc-stream-sink" rollout to finish: 1 old replicas are pending termination...
Waiting for deployment "grpc-stream-sink" rollout to finish: 1 old replicas are pending termination...
deployment "grpc-stream-sink" successfully rolled out
deployment "grpc-stream-transformer" successfully rolled out
  Waiting for RabbitMQ to be ready...
deployment "grpc-stream-rabbitmq" successfully rolled out
job.batch/grpc-stream-producer created
  Waiting for producer job to complete...
job.batch/grpc-stream-producer condition met
tar: Removing leading `/' from member names
  Warning: missing result artifact /results/rq1-concept5-clean-20260615-synthetic-clean-rmqs-p262144-c16-rep1-sink-analysis.json
  Done: rq1-concept5-clean-20260615-synthetic-clean-rmqs-p262144-c16-rep1
━━━ Running: rq1-concept5-clean-20260615-synthetic-clean-nats-p256-c1-rep1 ━━━
configmap/grpc-streaming-baseline-config configured
deployment "grpc-stream-nats" successfully rolled out
  Waiting for NATS to be ready...
deployment "grpc-stream-nats" successfully rolled out
deployment.apps/grpc-stream-sink restarted
deployment.apps/grpc-stream-transformer restarted
  Waiting for sink and transformer to be ready...
Waiting for deployment "grpc-stream-sink" rollout to finish: 1 old replicas are pending termination...
Waiting for deployment "grpc-stream-sink" rollout to finish: 1 old replicas are pending termination...
deployment "grpc-stream-sink" successfully rolled out
Waiting for deployment "grpc-stream-transformer" rollout to finish: 1 old replicas are pending termination...
Waiting for deployment "grpc-stream-transformer" rollout to finish: 1 old replicas are pending termination...
deployment "grpc-stream-transformer" successfully rolled out
  Waiting for NATS to be ready...
deployment "grpc-stream-nats" successfully rolled out
job.batch/grpc-stream-producer created
  Waiting for producer job to complete...
job.batch/grpc-stream-producer condition met
tar: Removing leading `/' from member names
tar: Removing leading `/' from member names
