Starting single-node benchmark rerun with prefix single3-20260504- at 2026-05-04T12:39:07+02:00
namespace/streaming-experiments unchanged
persistentvolumeclaim/experiment-results unchanged
Cleaning up broker workloads before applying overlay...
namespace/streaming-experiments unchanged
configmap/grpc-stream-nats-config unchanged
configmap/grpc-stream-rabbitmq-config unchanged
configmap/grpc-streaming-baseline-config configured
service/grpc-stream-kafka unchanged
service/grpc-stream-nats unchanged
service/grpc-stream-rabbitmq unchanged
service/grpc-stream-sink unchanged
service/grpc-stream-transformer unchanged
persistentvolumeclaim/experiment-results unchanged
deployment.apps/grpc-stream-kafka created
deployment.apps/grpc-stream-nats created
deployment.apps/grpc-stream-rabbitmq created
deployment.apps/grpc-stream-sink configured
deployment.apps/grpc-stream-transformer configured
job.batch/grpc-stream-producer created
  Waiting for sink and transformer to be ready...
Waiting for deployment "grpc-stream-sink" rollout to finish: 1 old replicas are pending termination...
Waiting for deployment "grpc-stream-sink" rollout to finish: 1 old replicas are pending termination...
deployment "grpc-stream-sink" successfully rolled out
deployment "grpc-stream-transformer" successfully rolled out
Starting preset: synthetic-clean (overlay: resource-medium, repeat: 3, transport: all)
═══ Repetition 1/3 ═══
━━━ Running: single3-20260504-synthetic-clean-stream-p256-c1-rep1 ━━━
configmap/grpc-streaming-baseline-config configured
deployment.apps/grpc-stream-sink restarted
deployment.apps/grpc-stream-transformer restarted
  Waiting for sink and transformer to be ready...
Waiting for deployment "grpc-stream-sink" rollout to finish: 1 old replicas are pending termination...
Waiting for deployment "grpc-stream-sink" rollout to finish: 1 old replicas are pending termination...
deployment "grpc-stream-sink" successfully rolled out
deployment "grpc-stream-transformer" successfully rolled out
  Warning: metrics-server did not report sink/transformer pod metrics before the run started
job.batch/grpc-stream-producer created
  Waiting for producer job to complete...
job.batch/grpc-stream-producer condition met
  Warning: incomplete resource samples for single3-20260504-synthetic-clean-stream-p256-c1-rep1 (missing: transformer,sink )
  Aborting because STRICT_RESOURCE_VALIDATION=true
