Starting repaired single-node benchmark rerun with prefix single3-fixed-20260504- at 2026-05-04T14:00:53+02:00
namespace/streaming-experiments unchanged
persistentvolumeclaim/experiment-results unchanged
Cleaning up broker workloads before applying overlay...
namespace/streaming-experiments unchanged
configmap/grpc-stream-nats-config unchanged
configmap/grpc-stream-rabbitmq-config unchanged
configmap/grpc-streaming-baseline-config configured
service/grpc-stream-kafka unchanged
service/grpc-stream-nats unchanged
service/grpc-stream-rabbitmq unchanged
service/grpc-stream-sink unchanged
service/grpc-stream-transformer unchanged
persistentvolumeclaim/experiment-results unchanged
deployment.apps/grpc-stream-kafka created
deployment.apps/grpc-stream-nats created
deployment.apps/grpc-stream-rabbitmq created
deployment.apps/grpc-stream-sink unchanged
deployment.apps/grpc-stream-transformer unchanged
job.batch/grpc-stream-producer created
  Waiting for sink and transformer to be ready...
deployment "grpc-stream-sink" successfully rolled out
deployment "grpc-stream-transformer" successfully rolled out
Starting preset: synthetic-clean (overlay: resource-medium, repeat: 3, transport: all)
═══ Repetition 1/3 ═══
━━━ Running: single3-fixed-20260504-synthetic-clean-stream-p256-c1-rep1 ━━━
configmap/grpc-streaming-baseline-config configured
deployment.apps/grpc-stream-sink restarted
deployment.apps/grpc-stream-transformer restarted
  Waiting for sink and transformer to be ready...
Waiting for deployment "grpc-stream-sink" rollout to finish: 1 old replicas are pending termination...
Waiting for deployment "grpc-stream-sink" rollout to finish: 1 old replicas are pending termination...
deployment "grpc-stream-sink" successfully rolled out
deployment "grpc-stream-transformer" successfully rolled out
job.batch/grpc-stream-producer created
  Waiting for producer job to complete...
job.batch/grpc-stream-producer condition met
tar: Removing leading `/' from member names
tar: Removing leading `/' from member names
  Warning: missing result artifact /results/single3-fixed-20260504-synthetic-clean-stream-p256-c1-rep1-sink-analysis.json
  Done: single3-fixed-20260504-synthetic-clean-stream-p256-c1-rep1
━━━ Running: single3-fixed-20260504-synthetic-clean-stream-p256-c4-rep1 ━━━
configmap/grpc-streaming-baseline-config configured
deployment.apps/grpc-stream-sink restarted
deployment.apps/grpc-stream-transformer restarted
  Waiting for sink and transformer to be ready...
Waiting for deployment "grpc-stream-sink" rollout to finish: 1 old replicas are pending termination...
Waiting for deployment "grpc-stream-sink" rollout to finish: 1 old replicas are pending termination...
deployment "grpc-stream-sink" successfully rolled out
Waiting for deployment "grpc-stream-transformer" rollout to finish: 1 old replicas are pending termination...
Waiting for deployment "grpc-stream-transformer" rollout to finish: 1 old replicas are pending termination...
deployment "grpc-stream-transformer" successfully rolled out
job.batch/grpc-stream-producer created
  Waiting for producer job to complete...
job.batch/grpc-stream-producer condition met
tar: Removing leading `/' from member names
tar: Removing leading `/' from member names
  Warning: missing result artifact /results/single3-fixed-20260504-synthetic-clean-stream-p256-c4-rep1-sink-analysis.json
  Done: single3-fixed-20260504-synthetic-clean-stream-p256-c4-rep1
━━━ Running: single3-fixed-20260504-synthetic-clean-stream-p256-c8-rep1 ━━━
configmap/grpc-streaming-baseline-config configured
deployment.apps/grpc-stream-sink restarted
deployment.apps/grpc-stream-transformer restarted
  Waiting for sink and transformer to be ready...
Waiting for deployment "grpc-stream-sink" rollout to finish: 1 old replicas are pending termination...
Waiting for deployment "grpc-stream-sink" rollout to finish: 1 old replicas are pending termination...
deployment "grpc-stream-sink" successfully rolled out
Waiting for deployment "grpc-stream-transformer" rollout to finish: 1 old replicas are pending termination...
Waiting for deployment "grpc-stream-transformer" rollout to finish: 1 old replicas are pending termination...
deployment "grpc-stream-transformer" successfully rolled out
job.batch/grpc-stream-producer created
  Waiting for producer job to complete...
job.batch/grpc-stream-producer condition met
tar: Removing leading `/' from member names
  Warning: missing result artifact /results/single3-fixed-20260504-synthetic-clean-stream-p256-c8-rep1-sink-analysis.json
  Done: single3-fixed-20260504-synthetic-clean-stream-p256-c8-rep1
━━━ Running: single3-fixed-20260504-synthetic-clean-stream-p256-c16-rep1 ━━━
configmap/grpc-streaming-baseline-config configured
deployment.apps/grpc-stream-sink restarted
deployment.apps/grpc-stream-transformer restarted
  Waiting for sink and transformer to be ready...
Waiting for deployment "grpc-stream-sink" rollout to finish: 1 old replicas are pending termination...
Waiting for deployment "grpc-stream-sink" rollout to finish: 1 old replicas are pending termination...
deployment "grpc-stream-sink" successfully rolled out
Waiting for deployment "grpc-stream-transformer" rollout to finish: 1 old replicas are pending termination...
Waiting for deployment "grpc-stream-transformer" rollout to finish: 1 old replicas are pending termination...
deployment "grpc-stream-transformer" successfully rolled out
job.batch/grpc-stream-producer created
  Waiting for producer job to complete...
job.batch/grpc-stream-producer condition met
tar: Removing leading `/' from member names
tar: Removing leading `/' from member names
  Warning: missing result artifact /results/single3-fixed-20260504-synthetic-clean-stream-p256-c16-rep1-sink-analysis.json
  Done: single3-fixed-20260504-synthetic-clean-stream-p256-c16-rep1
━━━ Running: single3-fixed-20260504-synthetic-clean-stream-p1024-c1-rep1 ━━━
configmap/grpc-streaming-baseline-config configured
deployment.apps/grpc-stream-sink restarted
deployment.apps/grpc-stream-transformer restarted
  Waiting for sink and transformer to be ready...
Waiting for deployment "grpc-stream-sink" rollout to finish: 1 old replicas are pending termination...
Waiting for deployment "grpc-stream-sink" rollout to finish: 1 old replicas are pending termination...
deployment "grpc-stream-sink" successfully rolled out
Waiting for deployment "grpc-stream-transformer" rollout to finish: 1 old replicas are pending termination...
Waiting for deployment "grpc-stream-transformer" rollout to finish: 1 old replicas are pending termination...
deployment "grpc-stream-transformer" successfully rolled out
job.batch/grpc-stream-producer created
  Waiting for producer job to complete...
job.batch/grpc-stream-producer condition met
tar: Removing leading `/' from member names
  Warning: missing result artifact /results/single3-fixed-20260504-synthetic-clean-stream-p1024-c1-rep1-sink-analysis.json
  Done: single3-fixed-20260504-synthetic-clean-stream-p1024-c1-rep1
━━━ Running: single3-fixed-20260504-synthetic-clean-stream-p1024-c4-rep1 ━━━
configmap/grpc-streaming-baseline-config configured
deployment.apps/grpc-stream-sink restarted
deployment.apps/grpc-stream-transformer restarted
  Waiting for sink and transformer to be ready...
Waiting for deployment "grpc-stream-sink" rollout to finish: 1 old replicas are pending termination...
Waiting for deployment "grpc-stream-sink" rollout to finish: 1 old replicas are pending termination...
deployment "grpc-stream-sink" successfully rolled out
Waiting for deployment "grpc-stream-transformer" rollout to finish: 1 old replicas are pending termination...
Waiting for deployment "grpc-stream-transformer" rollout to finish: 1 old replicas are pending termination...
deployment "grpc-stream-transformer" successfully rolled out
job.batch/grpc-stream-producer created
  Waiting for producer job to complete...
job.batch/grpc-stream-producer condition met
tar: Removing leading `/' from member names
tar: Removing leading `/' from member names
  Warning: missing result artifact /results/single3-fixed-20260504-synthetic-clean-stream-p1024-c4-rep1-sink-analysis.json
  Done: single3-fixed-20260504-synthetic-clean-stream-p1024-c4-rep1
━━━ Running: single3-fixed-20260504-synthetic-clean-stream-p1024-c8-rep1 ━━━
configmap/grpc-streaming-baseline-config configured
deployment.apps/grpc-stream-sink restarted
deployment.apps/grpc-stream-transformer restarted
  Waiting for sink and transformer to be ready...
Waiting for deployment "grpc-stream-sink" rollout to finish: 1 old replicas are pending termination...
Waiting for deployment "grpc-stream-sink" rollout to finish: 1 old replicas are pending termination...
deployment "grpc-stream-sink" successfully rolled out
Waiting for deployment "grpc-stream-transformer" rollout to finish: 1 old replicas are pending termination...
Waiting for deployment "grpc-stream-transformer" rollout to finish: 1 old replicas are pending termination...
deployment "grpc-stream-transformer" successfully rolled out
job.batch/grpc-stream-producer created
  Waiting for producer job to complete...
job.batch/grpc-stream-producer condition met
tar: Removing leading `/' from member names
tar: Removing leading `/' from member names
  Warning: missing result artifact /results/single3-fixed-20260504-synthetic-clean-stream-p1024-c8-rep1-sink-analysis.json
  Done: single3-fixed-20260504-synthetic-clean-stream-p1024-c8-rep1
━━━ Running: single3-fixed-20260504-synthetic-clean-stream-p1024-c16-rep1 ━━━
configmap/grpc-streaming-baseline-config configured
deployment.apps/grpc-stream-sink restarted
deployment.apps/grpc-stream-transformer restarted
  Waiting for sink and transformer to be ready...
Waiting for deployment "grpc-stream-sink" rollout to finish: 1 old replicas are pending termination...
Waiting for deployment "grpc-stream-sink" rollout to finish: 1 old replicas are pending termination...
deployment "grpc-stream-sink" successfully rolled out
Waiting for deployment "grpc-stream-transformer" rollout to finish: 1 old replicas are pending termination...
Waiting for deployment "grpc-stream-transformer" rollout to finish: 1 old replicas are pending termination...
deployment "grpc-stream-transformer" successfully rolled out
job.batch/grpc-stream-producer created
  Waiting for producer job to complete...
job.batch/grpc-stream-producer condition met
tar: Removing leading `/' from member names
tar: Removing leading `/' from member names
  Warning: missing result artifact /results/single3-fixed-20260504-synthetic-clean-stream-p1024-c16-rep1-sink-analysis.json
  Done: single3-fixed-20260504-synthetic-clean-stream-p1024-c16-rep1
━━━ Running: single3-fixed-20260504-synthetic-clean-stream-p4096-c1-rep1 ━━━
configmap/grpc-streaming-baseline-config configured
deployment.apps/grpc-stream-sink restarted
deployment.apps/grpc-stream-transformer restarted
  Waiting for sink and transformer to be ready...
Waiting for deployment "grpc-stream-sink" rollout to finish: 1 old replicas are pending termination...
Waiting for deployment "grpc-stream-sink" rollout to finish: 1 old replicas are pending termination...
deployment "grpc-stream-sink" successfully rolled out
Waiting for deployment "grpc-stream-transformer" rollout to finish: 1 old replicas are pending termination...
Waiting for deployment "grpc-stream-transformer" rollout to finish: 1 old replicas are pending termination...
deployment "grpc-stream-transformer" successfully rolled out
job.batch/grpc-stream-producer created
  Waiting for producer job to complete...
job.batch/grpc-stream-producer condition met
tar: Removing leading `/' from member names
tar: Removing leading `/' from member names
  Warning: missing result artifact /results/single3-fixed-20260504-synthetic-clean-stream-p4096-c1-rep1-sink-analysis.json
  Done: single3-fixed-20260504-synthetic-clean-stream-p4096-c1-rep1
━━━ Running: single3-fixed-20260504-synthetic-clean-stream-p4096-c4-rep1 ━━━
configmap/grpc-streaming-baseline-config configured
deployment.apps/grpc-stream-sink restarted
deployment.apps/grpc-stream-transformer restarted
  Waiting for sink and transformer to be ready...
Waiting for deployment "grpc-stream-sink" rollout to finish: 1 old replicas are pending termination...
Waiting for deployment "grpc-stream-sink" rollout to finish: 1 old replicas are pending termination...
deployment "grpc-stream-sink" successfully rolled out
Waiting for deployment "grpc-stream-transformer" rollout to finish: 1 old replicas are pending termination...
Waiting for deployment "grpc-stream-transformer" rollout to finish: 1 old replicas are pending termination...
deployment "grpc-stream-transformer" successfully rolled out
job.batch/grpc-stream-producer created
  Waiting for producer job to complete...
job.batch/grpc-stream-producer condition met
tar: Removing leading `/' from member names
tar: Removing leading `/' from member names
  Warning: missing result artifact /results/single3-fixed-20260504-synthetic-clean-stream-p4096-c4-rep1-sink-analysis.json
  Done: single3-fixed-20260504-synthetic-clean-stream-p4096-c4-rep1
━━━ Running: single3-fixed-20260504-synthetic-clean-stream-p4096-c8-rep1 ━━━
configmap/grpc-streaming-baseline-config configured
deployment.apps/grpc-stream-sink restarted
deployment.apps/grpc-stream-transformer restarted
  Waiting for sink and transformer to be ready...
Waiting for deployment "grpc-stream-sink" rollout to finish: 1 old replicas are pending termination...
Waiting for deployment "grpc-stream-sink" rollout to finish: 1 old replicas are pending termination...
deployment "grpc-stream-sink" successfully rolled out
deployment "grpc-stream-transformer" successfully rolled out
job.batch/grpc-stream-producer created
  Waiting for producer job to complete...
job.batch/grpc-stream-producer condition met
tar: Removing leading `/' from member names
  Warning: missing result artifact /results/single3-fixed-20260504-synthetic-clean-stream-p4096-c8-rep1-sink-analysis.json
  Done: single3-fixed-20260504-synthetic-clean-stream-p4096-c8-rep1
━━━ Running: single3-fixed-20260504-synthetic-clean-stream-p4096-c16-rep1 ━━━
configmap/grpc-streaming-baseline-config configured
deployment.apps/grpc-stream-sink restarted
deployment.apps/grpc-stream-transformer restarted
  Waiting for sink and transformer to be ready...
Waiting for deployment "grpc-stream-sink" rollout to finish: 1 old replicas are pending termination...
Waiting for deployment "grpc-stream-sink" rollout to finish: 1 old replicas are pending termination...
deployment "grpc-stream-sink" successfully rolled out
Waiting for deployment "grpc-stream-transformer" rollout to finish: 1 old replicas are pending termination...
Waiting for deployment "grpc-stream-transformer" rollout to finish: 1 old replicas are pending termination...
deployment "grpc-stream-transformer" successfully rolled out
job.batch/grpc-stream-producer created
  Waiting for producer job to complete...
job.batch/grpc-stream-producer condition met
tar: Removing leading `/' from member names
  Warning: missing result artifact /results/single3-fixed-20260504-synthetic-clean-stream-p4096-c16-rep1-sink-analysis.json
  Done: single3-fixed-20260504-synthetic-clean-stream-p4096-c16-rep1
━━━ Running: single3-fixed-20260504-synthetic-clean-stream-p16384-c1-rep1 ━━━
configmap/grpc-streaming-baseline-config configured
deployment.apps/grpc-stream-sink restarted
deployment.apps/grpc-stream-transformer restarted
  Waiting for sink and transformer to be ready...
Waiting for deployment "grpc-stream-sink" rollout to finish: 1 old replicas are pending termination...
Waiting for deployment "grpc-stream-sink" rollout to finish: 1 old replicas are pending termination...
deployment "grpc-stream-sink" successfully rolled out
deployment "grpc-stream-transformer" successfully rolled out
job.batch/grpc-stream-producer created
  Waiting for producer job to complete...
job.batch/grpc-stream-producer condition met
tar: Removing leading `/' from member names
  Warning: missing result artifact /results/single3-fixed-20260504-synthetic-clean-stream-p16384-c1-rep1-sink-analysis.json
  Done: single3-fixed-20260504-synthetic-clean-stream-p16384-c1-rep1
━━━ Running: single3-fixed-20260504-synthetic-clean-stream-p16384-c4-rep1 ━━━
configmap/grpc-streaming-baseline-config configured
deployment.apps/grpc-stream-sink restarted
deployment.apps/grpc-stream-transformer restarted
  Waiting for sink and transformer to be ready...
Waiting for deployment "grpc-stream-sink" rollout to finish: 1 old replicas are pending termination...
Waiting for deployment "grpc-stream-sink" rollout to finish: 1 old replicas are pending termination...
deployment "grpc-stream-sink" successfully rolled out
Waiting for deployment "grpc-stream-transformer" rollout to finish: 1 old replicas are pending termination...
Waiting for deployment "grpc-stream-transformer" rollout to finish: 1 old replicas are pending termination...
deployment "grpc-stream-transformer" successfully rolled out
job.batch/grpc-stream-producer created
  Waiting for producer job to complete...
job.batch/grpc-stream-producer condition met
tar: Removing leading `/' from member names
tar: Removing leading `/' from member names
  Warning: missing result artifact /results/single3-fixed-20260504-synthetic-clean-stream-p16384-c4-rep1-sink-analysis.json
  Done: single3-fixed-20260504-synthetic-clean-stream-p16384-c4-rep1
━━━ Running: single3-fixed-20260504-synthetic-clean-stream-p16384-c8-rep1 ━━━
configmap/grpc-streaming-baseline-config configured
deployment.apps/grpc-stream-sink restarted
deployment.apps/grpc-stream-transformer restarted
  Waiting for sink and transformer to be ready...
Waiting for deployment "grpc-stream-sink" rollout to finish: 1 old replicas are pending termination...
Waiting for deployment "grpc-stream-sink" rollout to finish: 1 old replicas are pending termination...
deployment "grpc-stream-sink" successfully rolled out
Waiting for deployment "grpc-stream-transformer" rollout to finish: 1 old replicas are pending termination...
Waiting for deployment "grpc-stream-transformer" rollout to finish: 1 old replicas are pending termination...
deployment "grpc-stream-transformer" successfully rolled out
job.batch/grpc-stream-producer created
  Waiting for producer job to complete...
job.batch/grpc-stream-producer condition met
tar: Removing leading `/' from member names
tar: Removing leading `/' from member names
  Warning: missing result artifact /results/single3-fixed-20260504-synthetic-clean-stream-p16384-c8-rep1-sink-analysis.json
  Done: single3-fixed-20260504-synthetic-clean-stream-p16384-c8-rep1
━━━ Running: single3-fixed-20260504-synthetic-clean-stream-p16384-c16-rep1 ━━━
configmap/grpc-streaming-baseline-config configured
deployment.apps/grpc-stream-sink restarted
deployment.apps/grpc-stream-transformer restarted
  Waiting for sink and transformer to be ready...
Waiting for deployment "grpc-stream-sink" rollout to finish: 1 old replicas are pending termination...
Waiting for deployment "grpc-stream-sink" rollout to finish: 1 old replicas are pending termination...
deployment "grpc-stream-sink" successfully rolled out
Waiting for deployment "grpc-stream-transformer" rollout to finish: 1 old replicas are pending termination...
Waiting for deployment "grpc-stream-transformer" rollout to finish: 1 old replicas are pending termination...
deployment "grpc-stream-transformer" successfully rolled out
job.batch/grpc-stream-producer created
  Waiting for producer job to complete...
job.batch/grpc-stream-producer condition met
tar: Removing leading `/' from member names
tar: Removing leading `/' from member names
  Warning: missing result artifact /results/single3-fixed-20260504-synthetic-clean-stream-p16384-c16-rep1-sink-analysis.json
  Done: single3-fixed-20260504-synthetic-clean-stream-p16384-c16-rep1
━━━ Running: single3-fixed-20260504-synthetic-clean-unary-p256-c1-rep1 ━━━
configmap/grpc-streaming-baseline-config configured
deployment.apps/grpc-stream-sink restarted
deployment.apps/grpc-stream-transformer restarted
  Waiting for sink and transformer to be ready...
Waiting for deployment "grpc-stream-sink" rollout to finish: 1 old replicas are pending termination...
Waiting for deployment "grpc-stream-sink" rollout to finish: 1 old replicas are pending termination...
deployment "grpc-stream-sink" successfully rolled out
Waiting for deployment "grpc-stream-transformer" rollout to finish: 1 old replicas are pending termination...
Waiting for deployment "grpc-stream-transformer" rollout to finish: 1 old replicas are pending termination...
deployment "grpc-stream-transformer" successfully rolled out
job.batch/grpc-stream-producer created
  Waiting for producer job to complete...
job.batch/grpc-stream-producer condition met
tar: Removing leading `/' from member names
tar: Removing leading `/' from member names
  Warning: missing result artifact /results/single3-fixed-20260504-synthetic-clean-unary-p256-c1-rep1-sink-analysis.json
  Done: single3-fixed-20260504-synthetic-clean-unary-p256-c1-rep1
━━━ Running: single3-fixed-20260504-synthetic-clean-unary-p256-c4-rep1 ━━━
configmap/grpc-streaming-baseline-config configured
deployment.apps/grpc-stream-sink restarted
deployment.apps/grpc-stream-transformer restarted
  Waiting for sink and transformer to be ready...
Waiting for deployment "grpc-stream-sink" rollout to finish: 1 old replicas are pending termination...
Waiting for deployment "grpc-stream-sink" rollout to finish: 1 old replicas are pending termination...
deployment "grpc-stream-sink" successfully rolled out
Waiting for deployment "grpc-stream-transformer" rollout to finish: 1 old replicas are pending termination...
Waiting for deployment "grpc-stream-transformer" rollout to finish: 1 old replicas are pending termination...
deployment "grpc-stream-transformer" successfully rolled out
job.batch/grpc-stream-producer created
  Waiting for producer job to complete...
job.batch/grpc-stream-producer condition met
tar: Removing leading `/' from member names
  Warning: missing result artifact /results/single3-fixed-20260504-synthetic-clean-unary-p256-c4-rep1-sink-analysis.json
  Done: single3-fixed-20260504-synthetic-clean-unary-p256-c4-rep1
━━━ Running: single3-fixed-20260504-synthetic-clean-unary-p256-c8-rep1 ━━━
configmap/grpc-streaming-baseline-config configured
deployment.apps/grpc-stream-sink restarted
deployment.apps/grpc-stream-transformer restarted
  Waiting for sink and transformer to be ready...
Waiting for deployment "grpc-stream-sink" rollout to finish: 1 old replicas are pending termination...
Waiting for deployment "grpc-stream-sink" rollout to finish: 1 old replicas are pending termination...
deployment "grpc-stream-sink" successfully rolled out
deployment "grpc-stream-transformer" successfully rolled out
job.batch/grpc-stream-producer created
  Waiting for producer job to complete...
job.batch/grpc-stream-producer condition met
tar: Removing leading `/' from member names
tar: Removing leading `/' from member names
  Warning: missing result artifact /results/single3-fixed-20260504-synthetic-clean-unary-p256-c8-rep1-sink-analysis.json
  Done: single3-fixed-20260504-synthetic-clean-unary-p256-c8-rep1
━━━ Running: single3-fixed-20260504-synthetic-clean-unary-p256-c16-rep1 ━━━
configmap/grpc-streaming-baseline-config configured
deployment.apps/grpc-stream-sink restarted
deployment.apps/grpc-stream-transformer restarted
  Waiting for sink and transformer to be ready...
Waiting for deployment "grpc-stream-sink" rollout to finish: 1 old replicas are pending termination...
Waiting for deployment "grpc-stream-sink" rollout to finish: 1 old replicas are pending termination...
deployment "grpc-stream-sink" successfully rolled out
Waiting for deployment "grpc-stream-transformer" rollout to finish: 1 old replicas are pending termination...
Waiting for deployment "grpc-stream-transformer" rollout to finish: 1 old replicas are pending termination...
deployment "grpc-stream-transformer" successfully rolled out
job.batch/grpc-stream-producer created
  Waiting for producer job to complete...
job.batch/grpc-stream-producer condition met
tar: Removing leading `/' from member names
  Warning: missing result artifact /results/single3-fixed-20260504-synthetic-clean-unary-p256-c16-rep1-sink-analysis.json
  Done: single3-fixed-20260504-synthetic-clean-unary-p256-c16-rep1
━━━ Running: single3-fixed-20260504-synthetic-clean-unary-p1024-c1-rep1 ━━━
configmap/grpc-streaming-baseline-config configured
deployment.apps/grpc-stream-sink restarted
deployment.apps/grpc-stream-transformer restarted
  Waiting for sink and transformer to be ready...
Waiting for deployment "grpc-stream-sink" rollout to finish: 1 old replicas are pending termination...
Waiting for deployment "grpc-stream-sink" rollout to finish: 1 old replicas are pending termination...
deployment "grpc-stream-sink" successfully rolled out
Waiting for deployment "grpc-stream-transformer" rollout to finish: 1 old replicas are pending termination...
Waiting for deployment "grpc-stream-transformer" rollout to finish: 1 old replicas are pending termination...
deployment "grpc-stream-transformer" successfully rolled out
job.batch/grpc-stream-producer created
  Waiting for producer job to complete...
job.batch/grpc-stream-producer condition met
tar: Removing leading `/' from member names
  Warning: missing result artifact /results/single3-fixed-20260504-synthetic-clean-unary-p1024-c1-rep1-sink-analysis.json
  Done: single3-fixed-20260504-synthetic-clean-unary-p1024-c1-rep1
━━━ Running: single3-fixed-20260504-synthetic-clean-unary-p1024-c4-rep1 ━━━
configmap/grpc-streaming-baseline-config configured
deployment.apps/grpc-stream-sink restarted
deployment.apps/grpc-stream-transformer restarted
  Waiting for sink and transformer to be ready...
Waiting for deployment "grpc-stream-sink" rollout to finish: 1 old replicas are pending termination...
Waiting for deployment "grpc-stream-sink" rollout to finish: 1 old replicas are pending termination...
deployment "grpc-stream-sink" successfully rolled out
Waiting for deployment "grpc-stream-transformer" rollout to finish: 1 old replicas are pending termination...
Waiting for deployment "grpc-stream-transformer" rollout to finish: 1 old replicas are pending termination...
deployment "grpc-stream-transformer" successfully rolled out
job.batch/grpc-stream-producer created
  Waiting for producer job to complete...
job.batch/grpc-stream-producer condition met
tar: Removing leading `/' from member names
tar: Removing leading `/' from member names
  Warning: missing result artifact /results/single3-fixed-20260504-synthetic-clean-unary-p1024-c4-rep1-sink-analysis.json
  Done: single3-fixed-20260504-synthetic-clean-unary-p1024-c4-rep1
━━━ Running: single3-fixed-20260504-synthetic-clean-unary-p1024-c8-rep1 ━━━
configmap/grpc-streaming-baseline-config configured
deployment.apps/grpc-stream-sink restarted
deployment.apps/grpc-stream-transformer restarted
  Waiting for sink and transformer to be ready...
Waiting for deployment "grpc-stream-sink" rollout to finish: 1 old replicas are pending termination...
Waiting for deployment "grpc-stream-sink" rollout to finish: 1 old replicas are pending termination...
deployment "grpc-stream-sink" successfully rolled out
Waiting for deployment "grpc-stream-transformer" rollout to finish: 1 old replicas are pending termination...
Waiting for deployment "grpc-stream-transformer" rollout to finish: 1 old replicas are pending termination...
deployment "grpc-stream-transformer" successfully rolled out
job.batch/grpc-stream-producer created
  Waiting for producer job to complete...
job.batch/grpc-stream-producer condition met
tar: Removing leading `/' from member names
tar: Removing leading `/' from member names
  Warning: missing result artifact /results/single3-fixed-20260504-synthetic-clean-unary-p1024-c8-rep1-sink-analysis.json
  Done: single3-fixed-20260504-synthetic-clean-unary-p1024-c8-rep1
━━━ Running: single3-fixed-20260504-synthetic-clean-unary-p1024-c16-rep1 ━━━
configmap/grpc-streaming-baseline-config configured
deployment.apps/grpc-stream-sink restarted
deployment.apps/grpc-stream-transformer restarted
  Waiting for sink and transformer to be ready...
Waiting for deployment "grpc-stream-sink" rollout to finish: 1 old replicas are pending termination...
Waiting for deployment "grpc-stream-sink" rollout to finish: 1 old replicas are pending termination...
deployment "grpc-stream-sink" successfully rolled out
deployment "grpc-stream-transformer" successfully rolled out
job.batch/grpc-stream-producer created
  Waiting for producer job to complete...
job.batch/grpc-stream-producer condition met
tar: Removing leading `/' from member names
  Warning: missing result artifact /results/single3-fixed-20260504-synthetic-clean-unary-p1024-c16-rep1-sink-analysis.json
  Done: single3-fixed-20260504-synthetic-clean-unary-p1024-c16-rep1
━━━ Running: single3-fixed-20260504-synthetic-clean-unary-p4096-c1-rep1 ━━━
configmap/grpc-streaming-baseline-config configured
deployment.apps/grpc-stream-sink restarted
deployment.apps/grpc-stream-transformer restarted
  Waiting for sink and transformer to be ready...
Waiting for deployment "grpc-stream-sink" rollout to finish: 1 old replicas are pending termination...
Waiting for deployment "grpc-stream-sink" rollout to finish: 1 old replicas are pending termination...
deployment "grpc-stream-sink" successfully rolled out
Waiting for deployment "grpc-stream-transformer" rollout to finish: 1 old replicas are pending termination...
Waiting for deployment "grpc-stream-transformer" rollout to finish: 1 old replicas are pending termination...
deployment "grpc-stream-transformer" successfully rolled out
job.batch/grpc-stream-producer created
  Waiting for producer job to complete...
job.batch/grpc-stream-producer condition met
tar: Removing leading `/' from member names
  Warning: missing result artifact /results/single3-fixed-20260504-synthetic-clean-unary-p4096-c1-rep1-sink-analysis.json
  Done: single3-fixed-20260504-synthetic-clean-unary-p4096-c1-rep1
━━━ Running: single3-fixed-20260504-synthetic-clean-unary-p4096-c4-rep1 ━━━
configmap/grpc-streaming-baseline-config configured
deployment.apps/grpc-stream-sink restarted
deployment.apps/grpc-stream-transformer restarted
  Waiting for sink and transformer to be ready...
Waiting for deployment "grpc-stream-sink" rollout to finish: 1 old replicas are pending termination...
Waiting for deployment "grpc-stream-sink" rollout to finish: 1 old replicas are pending termination...
deployment "grpc-stream-sink" successfully rolled out
deployment "grpc-stream-transformer" successfully rolled out
job.batch/grpc-stream-producer created
  Waiting for producer job to complete...
job.batch/grpc-stream-producer condition met
tar: Removing leading `/' from member names
  Warning: missing result artifact /results/single3-fixed-20260504-synthetic-clean-unary-p4096-c4-rep1-sink-analysis.json
  Done: single3-fixed-20260504-synthetic-clean-unary-p4096-c4-rep1
━━━ Running: single3-fixed-20260504-synthetic-clean-unary-p4096-c8-rep1 ━━━
configmap/grpc-streaming-baseline-config configured
deployment.apps/grpc-stream-sink restarted
deployment.apps/grpc-stream-transformer restarted
  Waiting for sink and transformer to be ready...
Waiting for deployment "grpc-stream-sink" rollout to finish: 1 old replicas are pending termination...
Waiting for deployment "grpc-stream-sink" rollout to finish: 1 old replicas are pending termination...
deployment "grpc-stream-sink" successfully rolled out
deployment "grpc-stream-transformer" successfully rolled out
job.batch/grpc-stream-producer created
  Waiting for producer job to complete...
job.batch/grpc-stream-producer condition met
tar: Removing leading `/' from member names
  Warning: missing result artifact /results/single3-fixed-20260504-synthetic-clean-unary-p4096-c8-rep1-sink-analysis.json
  Done: single3-fixed-20260504-synthetic-clean-unary-p4096-c8-rep1
━━━ Running: single3-fixed-20260504-synthetic-clean-unary-p4096-c16-rep1 ━━━
configmap/grpc-streaming-baseline-config configured
deployment.apps/grpc-stream-sink restarted
deployment.apps/grpc-stream-transformer restarted
  Waiting for sink and transformer to be ready...
Waiting for deployment "grpc-stream-sink" rollout to finish: 1 old replicas are pending termination...
Waiting for deployment "grpc-stream-sink" rollout to finish: 1 old replicas are pending termination...
deployment "grpc-stream-sink" successfully rolled out
Waiting for deployment "grpc-stream-transformer" rollout to finish: 1 old replicas are pending termination...
Waiting for deployment "grpc-stream-transformer" rollout to finish: 1 old replicas are pending termination...
deployment "grpc-stream-transformer" successfully rolled out
job.batch/grpc-stream-producer created
  Waiting for producer job to complete...
job.batch/grpc-stream-producer condition met
tar: Removing leading `/' from member names
tar: Removing leading `/' from member names
  Warning: missing result artifact /results/single3-fixed-20260504-synthetic-clean-unary-p4096-c16-rep1-sink-analysis.json
  Done: single3-fixed-20260504-synthetic-clean-unary-p4096-c16-rep1
━━━ Running: single3-fixed-20260504-synthetic-clean-unary-p16384-c1-rep1 ━━━
configmap/grpc-streaming-baseline-config configured
deployment.apps/grpc-stream-sink restarted
deployment.apps/grpc-stream-transformer restarted
  Waiting for sink and transformer to be ready...
Waiting for deployment "grpc-stream-sink" rollout to finish: 1 old replicas are pending termination...
Waiting for deployment "grpc-stream-sink" rollout to finish: 1 old replicas are pending termination...
deployment "grpc-stream-sink" successfully rolled out
Waiting for deployment "grpc-stream-transformer" rollout to finish: 1 old replicas are pending termination...
Waiting for deployment "grpc-stream-transformer" rollout to finish: 1 old replicas are pending termination...
deployment "grpc-stream-transformer" successfully rolled out
job.batch/grpc-stream-producer created
  Waiting for producer job to complete...
job.batch/grpc-stream-producer condition met
  Warning: missing result artifact /results/single3-fixed-20260504-synthetic-clean-unary-p16384-c1-rep1-sink-analysis.json
  Done: single3-fixed-20260504-synthetic-clean-unary-p16384-c1-rep1
━━━ Running: single3-fixed-20260504-synthetic-clean-unary-p16384-c4-rep1 ━━━
configmap/grpc-streaming-baseline-config configured
deployment.apps/grpc-stream-sink restarted
deployment.apps/grpc-stream-transformer restarted
  Waiting for sink and transformer to be ready...
Waiting for deployment "grpc-stream-sink" rollout to finish: 1 old replicas are pending termination...
Waiting for deployment "grpc-stream-sink" rollout to finish: 1 old replicas are pending termination...
deployment "grpc-stream-sink" successfully rolled out
Waiting for deployment "grpc-stream-transformer" rollout to finish: 1 old replicas are pending termination...
Waiting for deployment "grpc-stream-transformer" rollout to finish: 1 old replicas are pending termination...
deployment "grpc-stream-transformer" successfully rolled out
job.batch/grpc-stream-producer created
  Waiting for producer job to complete...
job.batch/grpc-stream-producer condition met
tar: Removing leading `/' from member names
tar: Removing leading `/' from member names
  Warning: missing result artifact /results/single3-fixed-20260504-synthetic-clean-unary-p16384-c4-rep1-sink-analysis.json
  Done: single3-fixed-20260504-synthetic-clean-unary-p16384-c4-rep1
━━━ Running: single3-fixed-20260504-synthetic-clean-unary-p16384-c8-rep1 ━━━
configmap/grpc-streaming-baseline-config configured
deployment.apps/grpc-stream-sink restarted
deployment.apps/grpc-stream-transformer restarted
  Waiting for sink and transformer to be ready...
Waiting for deployment "grpc-stream-sink" rollout to finish: 1 old replicas are pending termination...
Waiting for deployment "grpc-stream-sink" rollout to finish: 1 old replicas are pending termination...
deployment "grpc-stream-sink" successfully rolled out
Waiting for deployment "grpc-stream-transformer" rollout to finish: 1 old replicas are pending termination...
Waiting for deployment "grpc-stream-transformer" rollout to finish: 1 old replicas are pending termination...
deployment "grpc-stream-transformer" successfully rolled out
job.batch/grpc-stream-producer created
  Waiting for producer job to complete...
job.batch/grpc-stream-producer condition met
tar: Removing leading `/' from member names
  Warning: missing result artifact /results/single3-fixed-20260504-synthetic-clean-unary-p16384-c8-rep1-sink-analysis.json
  Done: single3-fixed-20260504-synthetic-clean-unary-p16384-c8-rep1
━━━ Running: single3-fixed-20260504-synthetic-clean-unary-p16384-c16-rep1 ━━━
configmap/grpc-streaming-baseline-config configured
deployment.apps/grpc-stream-sink restarted
deployment.apps/grpc-stream-transformer restarted
  Waiting for sink and transformer to be ready...
Waiting for deployment "grpc-stream-sink" rollout to finish: 1 old replicas are pending termination...
Waiting for deployment "grpc-stream-sink" rollout to finish: 1 old replicas are pending termination...
deployment "grpc-stream-sink" successfully rolled out
Waiting for deployment "grpc-stream-transformer" rollout to finish: 1 old replicas are pending termination...
Waiting for deployment "grpc-stream-transformer" rollout to finish: 1 old replicas are pending termination...
deployment "grpc-stream-transformer" successfully rolled out
job.batch/grpc-stream-producer created
  Waiting for producer job to complete...
job.batch/grpc-stream-producer condition met
  Warning: missing result artifact /results/single3-fixed-20260504-synthetic-clean-unary-p16384-c16-rep1-sink-analysis.json
  Done: single3-fixed-20260504-synthetic-clean-unary-p16384-c16-rep1
━━━ Running: single3-fixed-20260504-synthetic-clean-rmqs-p256-c1-rep1 ━━━
configmap/grpc-streaming-baseline-config configured
deployment.apps/grpc-stream-rabbitmq restarted
deployment.apps/grpc-stream-sink restarted
deployment.apps/grpc-stream-transformer restarted
  Waiting for sink and transformer to be ready...
Waiting for deployment "grpc-stream-sink" rollout to finish: 1 old replicas are pending termination...
Waiting for deployment "grpc-stream-sink" rollout to finish: 1 old replicas are pending termination...
deployment "grpc-stream-sink" successfully rolled out
deployment "grpc-stream-transformer" successfully rolled out
  Waiting for RabbitMQ to be ready...
deployment "grpc-stream-rabbitmq" successfully rolled out
job.batch/grpc-stream-producer created
  Waiting for producer job to complete...
job.batch/grpc-stream-producer condition met
tar: Removing leading `/' from member names
  Warning: missing result artifact /results/single3-fixed-20260504-synthetic-clean-rmqs-p256-c1-rep1-sink-analysis.json
  Done: single3-fixed-20260504-synthetic-clean-rmqs-p256-c1-rep1
━━━ Running: single3-fixed-20260504-synthetic-clean-rmqs-p256-c4-rep1 ━━━
configmap/grpc-streaming-baseline-config configured
deployment.apps/grpc-stream-rabbitmq restarted
deployment.apps/grpc-stream-sink restarted
deployment.apps/grpc-stream-transformer restarted
  Waiting for sink and transformer to be ready...
Waiting for deployment "grpc-stream-sink" rollout to finish: 1 old replicas are pending termination...
Waiting for deployment "grpc-stream-sink" rollout to finish: 1 old replicas are pending termination...
deployment "grpc-stream-sink" successfully rolled out
deployment "grpc-stream-transformer" successfully rolled out
  Waiting for RabbitMQ to be ready...
deployment "grpc-stream-rabbitmq" successfully rolled out
job.batch/grpc-stream-producer created
  Waiting for producer job to complete...
job.batch/grpc-stream-producer condition met
tar: Removing leading `/' from member names
  Warning: missing result artifact /results/single3-fixed-20260504-synthetic-clean-rmqs-p256-c4-rep1-sink-analysis.json
  Done: single3-fixed-20260504-synthetic-clean-rmqs-p256-c4-rep1
━━━ Running: single3-fixed-20260504-synthetic-clean-rmqs-p256-c8-rep1 ━━━
configmap/grpc-streaming-baseline-config configured
deployment.apps/grpc-stream-rabbitmq restarted
deployment.apps/grpc-stream-sink restarted
deployment.apps/grpc-stream-transformer restarted
  Waiting for sink and transformer to be ready...
Waiting for deployment "grpc-stream-sink" rollout to finish: 1 old replicas are pending termination...
Waiting for deployment "grpc-stream-sink" rollout to finish: 1 old replicas are pending termination...
deployment "grpc-stream-sink" successfully rolled out
deployment "grpc-stream-transformer" successfully rolled out
  Waiting for RabbitMQ to be ready...
deployment "grpc-stream-rabbitmq" successfully rolled out
job.batch/grpc-stream-producer created
  Waiting for producer job to complete...
job.batch/grpc-stream-producer condition met
tar: Removing leading `/' from member names
  Warning: missing result artifact /results/single3-fixed-20260504-synthetic-clean-rmqs-p256-c8-rep1-sink-analysis.json
  Done: single3-fixed-20260504-synthetic-clean-rmqs-p256-c8-rep1
━━━ Running: single3-fixed-20260504-synthetic-clean-rmqs-p256-c16-rep1 ━━━
configmap/grpc-streaming-baseline-config configured
deployment.apps/grpc-stream-rabbitmq restarted
deployment.apps/grpc-stream-sink restarted
deployment.apps/grpc-stream-transformer restarted
  Waiting for sink and transformer to be ready...
Waiting for deployment "grpc-stream-sink" rollout to finish: 1 old replicas are pending termination...
Waiting for deployment "grpc-stream-sink" rollout to finish: 1 old replicas are pending termination...
deployment "grpc-stream-sink" successfully rolled out
Waiting for deployment "grpc-stream-transformer" rollout to finish: 1 old replicas are pending termination...
Waiting for deployment "grpc-stream-transformer" rollout to finish: 1 old replicas are pending termination...
deployment "grpc-stream-transformer" successfully rolled out
  Waiting for RabbitMQ to be ready...
deployment "grpc-stream-rabbitmq" successfully rolled out
job.batch/grpc-stream-producer created
  Waiting for producer job to complete...
job.batch/grpc-stream-producer condition met
tar: Removing leading `/' from member names
  Warning: missing result artifact /results/single3-fixed-20260504-synthetic-clean-rmqs-p256-c16-rep1-sink-analysis.json
  Done: single3-fixed-20260504-synthetic-clean-rmqs-p256-c16-rep1
━━━ Running: single3-fixed-20260504-synthetic-clean-rmqs-p1024-c1-rep1 ━━━
configmap/grpc-streaming-baseline-config configured
deployment.apps/grpc-stream-rabbitmq restarted
deployment.apps/grpc-stream-sink restarted
deployment.apps/grpc-stream-transformer restarted
  Waiting for sink and transformer to be ready...
Waiting for deployment "grpc-stream-sink" rollout to finish: 1 old replicas are pending termination...
Waiting for deployment "grpc-stream-sink" rollout to finish: 1 old replicas are pending termination...
deployment "grpc-stream-sink" successfully rolled out
deployment "grpc-stream-transformer" successfully rolled out
  Waiting for RabbitMQ to be ready...
deployment "grpc-stream-rabbitmq" successfully rolled out
job.batch/grpc-stream-producer created
  Waiting for producer job to complete...
job.batch/grpc-stream-producer condition met
tar: Removing leading `/' from member names
tar: Removing leading `/' from member names
  Warning: missing result artifact /results/single3-fixed-20260504-synthetic-clean-rmqs-p1024-c1-rep1-sink-analysis.json
  Done: single3-fixed-20260504-synthetic-clean-rmqs-p1024-c1-rep1
━━━ Running: single3-fixed-20260504-synthetic-clean-rmqs-p1024-c4-rep1 ━━━
configmap/grpc-streaming-baseline-config configured
deployment.apps/grpc-stream-rabbitmq restarted
deployment.apps/grpc-stream-sink restarted
deployment.apps/grpc-stream-transformer restarted
  Waiting for sink and transformer to be ready...
Waiting for deployment "grpc-stream-sink" rollout to finish: 1 old replicas are pending termination...
Waiting for deployment "grpc-stream-sink" rollout to finish: 1 old replicas are pending termination...
deployment "grpc-stream-sink" successfully rolled out
deployment "grpc-stream-transformer" successfully rolled out
  Waiting for RabbitMQ to be ready...
deployment "grpc-stream-rabbitmq" successfully rolled out
job.batch/grpc-stream-producer created
  Waiting for producer job to complete...
job.batch/grpc-stream-producer condition met
tar: Removing leading `/' from member names
  Warning: missing result artifact /results/single3-fixed-20260504-synthetic-clean-rmqs-p1024-c4-rep1-sink-analysis.json
  Done: single3-fixed-20260504-synthetic-clean-rmqs-p1024-c4-rep1
━━━ Running: single3-fixed-20260504-synthetic-clean-rmqs-p1024-c8-rep1 ━━━
configmap/grpc-streaming-baseline-config configured
deployment.apps/grpc-stream-rabbitmq restarted
deployment.apps/grpc-stream-sink restarted
deployment.apps/grpc-stream-transformer restarted
  Waiting for sink and transformer to be ready...
Waiting for deployment "grpc-stream-sink" rollout to finish: 1 old replicas are pending termination...
Waiting for deployment "grpc-stream-sink" rollout to finish: 1 old replicas are pending termination...
deployment "grpc-stream-sink" successfully rolled out
Waiting for deployment "grpc-stream-transformer" rollout to finish: 1 old replicas are pending termination...
Waiting for deployment "grpc-stream-transformer" rollout to finish: 1 old replicas are pending termination...
deployment "grpc-stream-transformer" successfully rolled out
  Waiting for RabbitMQ to be ready...
deployment "grpc-stream-rabbitmq" successfully rolled out
job.batch/grpc-stream-producer created
  Waiting for producer job to complete...
job.batch/grpc-stream-producer condition met
tar: Removing leading `/' from member names
  Warning: missing result artifact /results/single3-fixed-20260504-synthetic-clean-rmqs-p1024-c8-rep1-sink-analysis.json
  Done: single3-fixed-20260504-synthetic-clean-rmqs-p1024-c8-rep1
━━━ Running: single3-fixed-20260504-synthetic-clean-rmqs-p1024-c16-rep1 ━━━
configmap/grpc-streaming-baseline-config configured
deployment.apps/grpc-stream-rabbitmq restarted
deployment.apps/grpc-stream-sink restarted
deployment.apps/grpc-stream-transformer restarted
  Waiting for sink and transformer to be ready...
Waiting for deployment "grpc-stream-sink" rollout to finish: 1 old replicas are pending termination...
Waiting for deployment "grpc-stream-sink" rollout to finish: 1 old replicas are pending termination...
deployment "grpc-stream-sink" successfully rolled out
deployment "grpc-stream-transformer" successfully rolled out
  Waiting for RabbitMQ to be ready...
deployment "grpc-stream-rabbitmq" successfully rolled out
job.batch/grpc-stream-producer created
  Waiting for producer job to complete...
job.batch/grpc-stream-producer condition met
tar: Removing leading `/' from member names
tar: Removing leading `/' from member names
  Warning: missing result artifact /results/single3-fixed-20260504-synthetic-clean-rmqs-p1024-c16-rep1-sink-analysis.json
  Done: single3-fixed-20260504-synthetic-clean-rmqs-p1024-c16-rep1
━━━ Running: single3-fixed-20260504-synthetic-clean-rmqs-p4096-c1-rep1 ━━━
configmap/grpc-streaming-baseline-config configured
deployment.apps/grpc-stream-rabbitmq restarted
deployment.apps/grpc-stream-sink restarted
deployment.apps/grpc-stream-transformer restarted
  Waiting for sink and transformer to be ready...
Waiting for deployment "grpc-stream-sink" rollout to finish: 1 old replicas are pending termination...
Waiting for deployment "grpc-stream-sink" rollout to finish: 1 old replicas are pending termination...
deployment "grpc-stream-sink" successfully rolled out
deployment "grpc-stream-transformer" successfully rolled out
  Waiting for RabbitMQ to be ready...
deployment "grpc-stream-rabbitmq" successfully rolled out
job.batch/grpc-stream-producer created
  Waiting for producer job to complete...
  Warning: Producer job did not complete within timeout
2026/05/04 12:37:11 [error] - New environment creation. Can't connect to the broker: grpc-stream-rabbitmq port: 5552. 
2026/05/04 12:37:11 [error] - New environment creation. Can't connect to the broker: grpc-stream-rabbitmq port: 5552. 
2026/05/04 12:37:12 [error] - New environment creation. Can't connect to the broker: grpc-stream-rabbitmq port: 5552. 
2026/05/04 12:37:12 [error] - New environment creation. Can't connect to the broker: grpc-stream-rabbitmq port: 5552. 
2026/05/04 12:37:13 [error] - New environment creation. Can't connect to the broker: grpc-stream-rabbitmq port: 5552. 
2026/05/04 12:37:13 [error] - New environment creation. Can't connect to the broker: grpc-stream-rabbitmq port: 5552. 
2026/05/04 12:37:14 [error] - New environment creation. Can't connect to the broker: grpc-stream-rabbitmq port: 5552. 
2026/05/04 12:37:14 [error] - New environment creation. Can't connect to the broker: grpc-stream-rabbitmq port: 5552. 
2026/05/04 12:37:15 [error] - New environment creation. Can't connect to the broker: grpc-stream-rabbitmq port: 5552. 
2026/05/04 12:37:15 [error] - New environment creation. Can't connect to the broker: grpc-stream-rabbitmq port: 5552. 
2026/05/04 12:37:16 [error] - New environment creation. Can't connect to the broker: grpc-stream-rabbitmq port: 5552. 
2026/05/04 12:37:16 [error] - New environment creation. Can't connect to the broker: grpc-stream-rabbitmq port: 5552. 
2026/05/04 12:37:17 [error] - New environment creation. Can't connect to the broker: grpc-stream-rabbitmq port: 5552. 
2026/05/04 12:37:17 [error] - New environment creation. Can't connect to the broker: grpc-stream-rabbitmq port: 5552. 
2026/05/04 12:37:18 [error] - New environment creation. Can't connect to the broker: grpc-stream-rabbitmq port: 5552. 
2026/05/04 12:37:18 [error] - New environment creation. Can't connect to the broker: grpc-stream-rabbitmq port: 5552. 
2026/05/04 12:37:19 [error] - New environment creation. Can't connect to the broker: grpc-stream-rabbitmq port: 5552. 
2026/05/04 12:37:19 [error] - New environment creation. Can't connect to the broker: grpc-stream-rabbitmq port: 5552. 
2026/05/04 12:37:20 [error] - New environment creation. Can't connect to the broker: grpc-stream-rabbitmq port: 5552. 
2026/05/04 12:37:20 run rabbitmq-streams workload: worker 0 open rabbitmq-streams publisher: open rabbitmq streams environment: dial tcp 10.96.254.13:5552: connect: connection refused
  Warning: missing result artifact /results/single3-fixed-20260504-synthetic-clean-rmqs-p4096-c1-rep1-producer-result.json
  Warning: missing result artifact /results/single3-fixed-20260504-synthetic-clean-rmqs-p4096-c1-rep1-sink-summary.json
  Warning: missing result artifact /results/single3-fixed-20260504-synthetic-clean-rmqs-p4096-c1-rep1-sink-analysis.json
  Done: single3-fixed-20260504-synthetic-clean-rmqs-p4096-c1-rep1
━━━ Running: single3-fixed-20260504-synthetic-clean-rmqs-p4096-c4-rep1 ━━━
configmap/grpc-streaming-baseline-config configured
deployment.apps/grpc-stream-rabbitmq restarted
deployment.apps/grpc-stream-sink restarted
deployment.apps/grpc-stream-transformer restarted
  Waiting for sink and transformer to be ready...
Waiting for deployment "grpc-stream-sink" rollout to finish: 1 old replicas are pending termination...
Waiting for deployment "grpc-stream-sink" rollout to finish: 1 old replicas are pending termination...
deployment "grpc-stream-sink" successfully rolled out
deployment "grpc-stream-transformer" successfully rolled out
  Waiting for RabbitMQ to be ready...
deployment "grpc-stream-rabbitmq" successfully rolled out
job.batch/grpc-stream-producer created
  Waiting for producer job to complete...
job.batch/grpc-stream-producer condition met
tar: Removing leading `/' from member names
  Warning: missing result artifact /results/single3-fixed-20260504-synthetic-clean-rmqs-p4096-c4-rep1-sink-analysis.json
  Done: single3-fixed-20260504-synthetic-clean-rmqs-p4096-c4-rep1
━━━ Running: single3-fixed-20260504-synthetic-clean-rmqs-p4096-c8-rep1 ━━━
configmap/grpc-streaming-baseline-config configured
deployment.apps/grpc-stream-rabbitmq restarted
deployment.apps/grpc-stream-sink restarted
deployment.apps/grpc-stream-transformer restarted
  Waiting for sink and transformer to be ready...
Waiting for deployment "grpc-stream-sink" rollout to finish: 1 old replicas are pending termination...
Waiting for deployment "grpc-stream-sink" rollout to finish: 1 old replicas are pending termination...
deployment "grpc-stream-sink" successfully rolled out
Waiting for deployment "grpc-stream-transformer" rollout to finish: 1 old replicas are pending termination...
Waiting for deployment "grpc-stream-transformer" rollout to finish: 1 old replicas are pending termination...
deployment "grpc-stream-transformer" successfully rolled out
  Waiting for RabbitMQ to be ready...
deployment "grpc-stream-rabbitmq" successfully rolled out
job.batch/grpc-stream-producer created
  Waiting for producer job to complete...
job.batch/grpc-stream-producer condition met
tar: Removing leading `/' from member names
  Warning: missing result artifact /results/single3-fixed-20260504-synthetic-clean-rmqs-p4096-c8-rep1-sink-analysis.json
  Done: single3-fixed-20260504-synthetic-clean-rmqs-p4096-c8-rep1
━━━ Running: single3-fixed-20260504-synthetic-clean-rmqs-p4096-c16-rep1 ━━━
configmap/grpc-streaming-baseline-config configured
deployment.apps/grpc-stream-rabbitmq restarted
deployment.apps/grpc-stream-sink restarted
deployment.apps/grpc-stream-transformer restarted
  Waiting for sink and transformer to be ready...
Waiting for deployment "grpc-stream-sink" rollout to finish: 1 old replicas are pending termination...
Waiting for deployment "grpc-stream-sink" rollout to finish: 1 old replicas are pending termination...
deployment "grpc-stream-sink" successfully rolled out
Waiting for deployment "grpc-stream-transformer" rollout to finish: 1 old replicas are pending termination...
Waiting for deployment "grpc-stream-transformer" rollout to finish: 1 old replicas are pending termination...
deployment "grpc-stream-transformer" successfully rolled out
  Waiting for RabbitMQ to be ready...
deployment "grpc-stream-rabbitmq" successfully rolled out
job.batch/grpc-stream-producer created
  Waiting for producer job to complete...
  Warning: Producer job did not complete within timeout
2026/05/04 12:45:05 [error] - New environment creation. Can't connect to the broker: grpc-stream-rabbitmq port: 5552. 
2026/05/04 12:45:05 [error] - New environment creation. Can't connect to the broker: grpc-stream-rabbitmq port: 5552. 
2026/05/04 12:45:05 [error] - New environment creation. Can't connect to the broker: grpc-stream-rabbitmq port: 5552. 
2026/05/04 12:45:05 [error] - New environment creation. Can't connect to the broker: grpc-stream-rabbitmq port: 5552. 
2026/05/04 12:45:05 [error] - New environment creation. Can't connect to the broker: grpc-stream-rabbitmq port: 5552. 
2026/05/04 12:45:05 [error] - New environment creation. Can't connect to the broker: grpc-stream-rabbitmq port: 5552. 
2026/05/04 12:45:05 [error] - New environment creation. Can't connect to the broker: grpc-stream-rabbitmq port: 5552. 
2026/05/04 12:45:05 [error] - New environment creation. Can't connect to the broker: grpc-stream-rabbitmq port: 5552. 
2026/05/04 12:45:05 [error] - New environment creation. Can't connect to the broker: grpc-stream-rabbitmq port: 5552. 
2026/05/04 12:45:05 [error] - New environment creation. Can't connect to the broker: grpc-stream-rabbitmq port: 5552. 
2026/05/04 12:45:05 [error] - New environment creation. Can't connect to the broker: grpc-stream-rabbitmq port: 5552. 
2026/05/04 12:45:05 [error] - New environment creation. Can't connect to the broker: grpc-stream-rabbitmq port: 5552. 
2026/05/04 12:45:05 [error] - New environment creation. Can't connect to the broker: grpc-stream-rabbitmq port: 5552. 
2026/05/04 12:45:05 [error] - New environment creation. Can't connect to the broker: grpc-stream-rabbitmq port: 5552. 
2026/05/04 12:45:05 [error] - New environment creation. Can't connect to the broker: grpc-stream-rabbitmq port: 5552. 
2026/05/04 12:45:05 [error] - New environment creation. Can't connect to the broker: grpc-stream-rabbitmq port: 5552. 
2026/05/04 12:45:05 [error] - New environment creation. Can't connect to the broker: grpc-stream-rabbitmq port: 5552. 
2026/05/04 12:45:05 [error] - New environment creation. Can't connect to the broker: grpc-stream-rabbitmq port: 5552. 
2026/05/04 12:45:05 [error] - New environment creation. Can't connect to the broker: grpc-stream-rabbitmq port: 5552. 
2026/05/04 12:45:05 run rabbitmq-streams workload: worker 12 open rabbitmq-streams publisher: open rabbitmq streams environment: dial tcp 10.96.254.13:5552: connect: connection refused
  Warning: missing result artifact /results/single3-fixed-20260504-synthetic-clean-rmqs-p4096-c16-rep1-producer-result.json
  Warning: missing result artifact /results/single3-fixed-20260504-synthetic-clean-rmqs-p4096-c16-rep1-sink-summary.json
  Warning: missing result artifact /results/single3-fixed-20260504-synthetic-clean-rmqs-p4096-c16-rep1-sink-analysis.json
  Done: single3-fixed-20260504-synthetic-clean-rmqs-p4096-c16-rep1
━━━ Running: single3-fixed-20260504-synthetic-clean-rmqs-p16384-c1-rep1 ━━━
configmap/grpc-streaming-baseline-config configured
deployment.apps/grpc-stream-rabbitmq restarted
deployment.apps/grpc-stream-sink restarted
deployment.apps/grpc-stream-transformer restarted
  Waiting for sink and transformer to be ready...
Waiting for deployment "grpc-stream-sink" rollout to finish: 1 old replicas are pending termination...
Waiting for deployment "grpc-stream-sink" rollout to finish: 1 old replicas are pending termination...
deployment "grpc-stream-sink" successfully rolled out
Waiting for deployment "grpc-stream-transformer" rollout to finish: 1 old replicas are pending termination...
Waiting for deployment "grpc-stream-transformer" rollout to finish: 1 old replicas are pending termination...
deployment "grpc-stream-transformer" successfully rolled out
  Waiting for RabbitMQ to be ready...
deployment "grpc-stream-rabbitmq" successfully rolled out
job.batch/grpc-stream-producer created
  Waiting for producer job to complete...
